<html>
<head>
<title>TestNG:  2.4.1.0</title>
<link href="../testng.css" rel="stylesheet" type="text/css" />
<link href="../my-testng.css" rel="stylesheet" type="text/css" />

<style type="text/css">
.log { display: none;} 
.stack-trace { display: none;} 
</style>
<script type="text/javascript">
<!--
function flip(e) {
  current = e.style.display;
  if (current == 'block') {
    e.style.display = 'none';
    return 0;
  }
  else {
    e.style.display = 'block';
    return 1;
  }
}

function toggleBox(szDivId, elem, msg1, msg2)
{
  var res = -1;  if (document.getElementById) {
    res = flip(document.getElementById(szDivId));
  }
  else if (document.all) {
    // this is the way old msie versions work
    res = flip(document.all[szDivId]);
  }
  if(elem) {
    if(res == 0) elem.innerHTML = msg1; else elem.innerHTML = msg2;
  }

}

function toggleAllBoxes() {
  if (document.getElementsByTagName) {
    d = document.getElementsByTagName('div');
    for (i = 0; i < d.length; i++) {
      if (d[i].className == 'log') {
        flip(d[i]);
      }
    }
  }
}

// -->
</script>

</head>
<body>
<h2 align='center'>2.4.1.0</h2><table border='1' align="center">
<tr>
<td>Tests passed/Failed/Skipped:</td><td>45/2/2</td>
</tr><tr>
<td>Started on:</td><td>Fri Jan 22 12:12:58 EET 2016</td>
</tr>
<tr><td>Total time:</td><td>175 seconds (175047 ms)</td>
</tr><tr>
<td>Included groups:</td><td>2.4.1.0 </td>
</tr><tr>
<td>Excluded groups:</td><td></td>
</tr>
</table><p/>
<small><i>(Hover the method name to see the test class name)</i></small><p/>
<table width='100%' border='1' class='invocation-failed'>
<tr><td colspan='4' align='center'><b>FAILED CONFIGURATIONS</b></td></tr>
<tr><td><b>Test method</b></td>
<td width="30%"><b>Exception</b></td>
<td width="10%"><b>Time (seconds)</b></td>
<td><b>Instance</b></td>
</tr>
<tr>
<td title='tests.TestExtInvSupPortal.afterGroups()'><b>afterGroups</b><br>Test class: tests.TestExtInvSupPortal</td>
<td><div><pre>java.lang.NullPointerException
	at utils.Util.after(Util.java:20)
	at tests.TestExtInvSupPortal.afterMethod(TestExtInvSupPortal.java:53)
	at tests.TestExtInvSupPortal.afterGroups(TestExtInvSupPortal.java:43)
... Removed 28 stack frames</pre></div><a href='#' onClick='toggleBox("stack-trace1006624255", this, "Click to show all stack frames", "Click to hide stack frames")'>Click to show all stack frames</a>
<div class='stack-trace' id='stack-trace1006624255'><pre>java.lang.NullPointerException
	at utils.Util.after(Util.java:20)
	at tests.TestExtInvSupPortal.afterMethod(TestExtInvSupPortal.java:53)
	at tests.TestExtInvSupPortal.afterGroups(TestExtInvSupPortal.java:43)
	at sun.reflect.NativeMethodAccessorImpl.invoke0(Native Method)
	at sun.reflect.NativeMethodAccessorImpl.invoke(Unknown Source)
	at sun.reflect.DelegatingMethodAccessorImpl.invoke(Unknown Source)
	at java.lang.reflect.Method.invoke(Unknown Source)
	at org.testng.internal.MethodInvocationHelper.invokeMethod(MethodInvocationHelper.java:86)
	at org.testng.internal.Invoker.invokeConfigurationMethod(Invoker.java:514)
	at org.testng.internal.Invoker.invokeConfigurations(Invoker.java:215)
	at org.testng.internal.Invoker.invokeConfigurations(Invoker.java:142)
	at org.testng.internal.Invoker.invokeAfterGroupsConfigurations(Invoker.java:921)
	at org.testng.internal.Invoker.invokeMethod(Invoker.java:718)
	at org.testng.internal.Invoker.invokeTestMethod(Invoker.java:822)
	at org.testng.internal.Invoker.invokeTestMethods(Invoker.java:1130)
	at org.testng.internal.TestMethodWorker.invokeTestMethods(TestMethodWorker.java:129)
	at org.testng.internal.TestMethodWorker.run(TestMethodWorker.java:112)
	at org.testng.TestRunner.privateRun(TestRunner.java:782)
	at org.testng.TestRunner.run(TestRunner.java:632)
	at org.testng.SuiteRunner.runTest(SuiteRunner.java:366)
	at org.testng.SuiteRunner.runSequentially(SuiteRunner.java:361)
	at org.testng.SuiteRunner.privateRun(SuiteRunner.java:319)
	at org.testng.SuiteRunner.run(SuiteRunner.java:268)
	at org.testng.SuiteRunnerWorker.runSuite(SuiteRunnerWorker.java:52)
	at org.testng.SuiteRunnerWorker.run(SuiteRunnerWorker.java:86)
	at org.testng.TestNG.runSuitesSequentially(TestNG.java:1244)
	at org.testng.TestNG.runSuitesLocally(TestNG.java:1169)
	at org.testng.TestNG.run(TestNG.java:1064)
	at org.testng.remote.RemoteTestNG.run(RemoteTestNG.java:113)
	at org.testng.remote.RemoteTestNG.initAndRun(RemoteTestNG.java:206)
	at org.testng.remote.RemoteTestNG.main(RemoteTestNG.java:177)
</pre></div></td>
<td>0</td>
<td>null</td></tr>
<tr>
<td title='tests.TestExtInvSupPortal.afterGroups()'><b>afterGroups</b><br>Test class: tests.TestExtInvSupPortal</td>
<td><div><pre>java.lang.NullPointerException
	at utils.Util.after(Util.java:20)
	at tests.TestInvoiceHeaders.afterMethod(TestInvoiceHeaders.java:58)
	at tests.TestInvoiceHeaders.afterGroups(TestInvoiceHeaders.java:35)
... Removed 28 stack frames</pre></div><a href='#' onClick='toggleBox("stack-trace1502668485", this, "Click to show all stack frames", "Click to hide stack frames")'>Click to show all stack frames</a>
<div class='stack-trace' id='stack-trace1502668485'><pre>java.lang.NullPointerException
	at utils.Util.after(Util.java:20)
	at tests.TestInvoiceHeaders.afterMethod(TestInvoiceHeaders.java:58)
	at tests.TestInvoiceHeaders.afterGroups(TestInvoiceHeaders.java:35)
	at sun.reflect.NativeMethodAccessorImpl.invoke0(Native Method)
	at sun.reflect.NativeMethodAccessorImpl.invoke(Unknown Source)
	at sun.reflect.DelegatingMethodAccessorImpl.invoke(Unknown Source)
	at java.lang.reflect.Method.invoke(Unknown Source)
	at org.testng.internal.MethodInvocationHelper.invokeMethod(MethodInvocationHelper.java:86)
	at org.testng.internal.Invoker.invokeConfigurationMethod(Invoker.java:514)
	at org.testng.internal.Invoker.invokeConfigurations(Invoker.java:215)
	at org.testng.internal.Invoker.invokeConfigurations(Invoker.java:142)
	at org.testng.internal.Invoker.invokeAfterGroupsConfigurations(Invoker.java:921)
	at org.testng.internal.Invoker.invokeMethod(Invoker.java:718)
	at org.testng.internal.Invoker.invokeTestMethod(Invoker.java:822)
	at org.testng.internal.Invoker.invokeTestMethods(Invoker.java:1130)
	at org.testng.internal.TestMethodWorker.invokeTestMethods(TestMethodWorker.java:129)
	at org.testng.internal.TestMethodWorker.run(TestMethodWorker.java:112)
	at org.testng.TestRunner.privateRun(TestRunner.java:782)
	at org.testng.TestRunner.run(TestRunner.java:632)
	at org.testng.SuiteRunner.runTest(SuiteRunner.java:366)
	at org.testng.SuiteRunner.runSequentially(SuiteRunner.java:361)
	at org.testng.SuiteRunner.privateRun(SuiteRunner.java:319)
	at org.testng.SuiteRunner.run(SuiteRunner.java:268)
	at org.testng.SuiteRunnerWorker.runSuite(SuiteRunnerWorker.java:52)
	at org.testng.SuiteRunnerWorker.run(SuiteRunnerWorker.java:86)
	at org.testng.TestNG.runSuitesSequentially(TestNG.java:1244)
	at org.testng.TestNG.runSuitesLocally(TestNG.java:1169)
	at org.testng.TestNG.run(TestNG.java:1064)
	at org.testng.remote.RemoteTestNG.run(RemoteTestNG.java:113)
	at org.testng.remote.RemoteTestNG.initAndRun(RemoteTestNG.java:206)
	at org.testng.remote.RemoteTestNG.main(RemoteTestNG.java:177)
</pre></div></td>
<td>0</td>
<td>null</td></tr>
<tr>
<td title='tests.TestExtInvSupPortal.afterGroups()'><b>afterGroups</b><br>Test class: tests.TestExtInvSupPortal</td>
<td><div><pre>java.lang.NullPointerException
	at utils.Util.after(Util.java:20)
	at tests.TestInvoiceHeaders_NoInvoiceCreation.afterMethod(TestInvoiceHeaders_NoInvoiceCreation.java:48)
	at tests.TestInvoiceHeaders_NoInvoiceCreation.afterGroups(TestInvoiceHeaders_NoInvoiceCreation.java:38)
... Removed 28 stack frames</pre></div><a href='#' onClick='toggleBox("stack-trace290096578", this, "Click to show all stack frames", "Click to hide stack frames")'>Click to show all stack frames</a>
<div class='stack-trace' id='stack-trace290096578'><pre>java.lang.NullPointerException
	at utils.Util.after(Util.java:20)
	at tests.TestInvoiceHeaders_NoInvoiceCreation.afterMethod(TestInvoiceHeaders_NoInvoiceCreation.java:48)
	at tests.TestInvoiceHeaders_NoInvoiceCreation.afterGroups(TestInvoiceHeaders_NoInvoiceCreation.java:38)
	at sun.reflect.NativeMethodAccessorImpl.invoke0(Native Method)
	at sun.reflect.NativeMethodAccessorImpl.invoke(Unknown Source)
	at sun.reflect.DelegatingMethodAccessorImpl.invoke(Unknown Source)
	at java.lang.reflect.Method.invoke(Unknown Source)
	at org.testng.internal.MethodInvocationHelper.invokeMethod(MethodInvocationHelper.java:86)
	at org.testng.internal.Invoker.invokeConfigurationMethod(Invoker.java:514)
	at org.testng.internal.Invoker.invokeConfigurations(Invoker.java:215)
	at org.testng.internal.Invoker.invokeConfigurations(Invoker.java:142)
	at org.testng.internal.Invoker.invokeAfterGroupsConfigurations(Invoker.java:921)
	at org.testng.internal.Invoker.invokeMethod(Invoker.java:718)
	at org.testng.internal.Invoker.invokeTestMethod(Invoker.java:822)
	at org.testng.internal.Invoker.invokeTestMethods(Invoker.java:1130)
	at org.testng.internal.TestMethodWorker.invokeTestMethods(TestMethodWorker.java:129)
	at org.testng.internal.TestMethodWorker.run(TestMethodWorker.java:112)
	at org.testng.TestRunner.privateRun(TestRunner.java:782)
	at org.testng.TestRunner.run(TestRunner.java:632)
	at org.testng.SuiteRunner.runTest(SuiteRunner.java:366)
	at org.testng.SuiteRunner.runSequentially(SuiteRunner.java:361)
	at org.testng.SuiteRunner.privateRun(SuiteRunner.java:319)
	at org.testng.SuiteRunner.run(SuiteRunner.java:268)
	at org.testng.SuiteRunnerWorker.runSuite(SuiteRunnerWorker.java:52)
	at org.testng.SuiteRunnerWorker.run(SuiteRunnerWorker.java:86)
	at org.testng.TestNG.runSuitesSequentially(TestNG.java:1244)
	at org.testng.TestNG.runSuitesLocally(TestNG.java:1169)
	at org.testng.TestNG.run(TestNG.java:1064)
	at org.testng.remote.RemoteTestNG.run(RemoteTestNG.java:113)
	at org.testng.remote.RemoteTestNG.initAndRun(RemoteTestNG.java:206)
	at org.testng.remote.RemoteTestNG.main(RemoteTestNG.java:177)
</pre></div></td>
<td>0</td>
<td>null</td></tr>
</table><p>
<table width='100%' border='1' class='invocation-failed'>
<tr><td colspan='4' align='center'><b>FAILED TESTS</b></td></tr>
<tr><td><b>Test method</b></td>
<td width="30%"><b>Exception</b></td>
<td width="10%"><b>Time (seconds)</b></td>
<td><b>Instance</b></td>
</tr>
<tr>
<td title='tests.TestExtInvSupPortal.test_1466()'><b>test_1466</b><br>Test class: tests.TestExtInvSupPortal</td>
<td><div><pre>java.lang.AssertionError: expected [true] but found [false]
	at tests.TestExtInvSupPortal.test_1466(TestExtInvSupPortal.java:249)
... Removed 28 stack frames</pre></div><a href='#' onClick='toggleBox("stack-trace500230084", this, "Click to show all stack frames", "Click to hide stack frames")'>Click to show all stack frames</a>
<div class='stack-trace' id='stack-trace500230084'><pre>java.lang.AssertionError: expected [true] but found [false]
	at org.testng.Assert.fail(Assert.java:94)
	at org.testng.Assert.failNotEquals(Assert.java:513)
	at org.testng.Assert.assertTrue(Assert.java:42)
	at org.testng.Assert.assertTrue(Assert.java:52)
	at tests.TestExtInvSupPortal.test_1466(TestExtInvSupPortal.java:249)
	at sun.reflect.NativeMethodAccessorImpl.invoke0(Native Method)
	at sun.reflect.NativeMethodAccessorImpl.invoke(Unknown Source)
	at sun.reflect.DelegatingMethodAccessorImpl.invoke(Unknown Source)
	at java.lang.reflect.Method.invoke(Unknown Source)
	at org.testng.internal.MethodInvocationHelper.invokeMethod(MethodInvocationHelper.java:86)
	at org.testng.internal.Invoker.invokeMethod(Invoker.java:645)
	at org.testng.internal.Invoker.invokeTestMethod(Invoker.java:822)
	at org.testng.internal.Invoker.invokeTestMethods(Invoker.java:1130)
	at org.testng.internal.TestMethodWorker.invokeTestMethods(TestMethodWorker.java:129)
	at org.testng.internal.TestMethodWorker.run(TestMethodWorker.java:112)
	at org.testng.TestRunner.privateRun(TestRunner.java:782)
	at org.testng.TestRunner.run(TestRunner.java:632)
	at org.testng.SuiteRunner.runTest(SuiteRunner.java:366)
	at org.testng.SuiteRunner.runSequentially(SuiteRunner.java:361)
	at org.testng.SuiteRunner.privateRun(SuiteRunner.java:319)
	at org.testng.SuiteRunner.run(SuiteRunner.java:268)
	at org.testng.SuiteRunnerWorker.runSuite(SuiteRunnerWorker.java:52)
	at org.testng.SuiteRunnerWorker.run(SuiteRunnerWorker.java:86)
	at org.testng.TestNG.runSuitesSequentially(TestNG.java:1244)
	at org.testng.TestNG.runSuitesLocally(TestNG.java:1169)
	at org.testng.TestNG.run(TestNG.java:1064)
	at org.testng.remote.RemoteTestNG.run(RemoteTestNG.java:113)
	at org.testng.remote.RemoteTestNG.initAndRun(RemoteTestNG.java:206)
	at org.testng.remote.RemoteTestNG.main(RemoteTestNG.java:177)
</pre></div></td>
<td>3</td>
<td>tests.TestExtInvSupPortal@71c7db30</td></tr>
<tr>
<td title='tests.TestExtInvSupPortal.test_1506_2()'><b>test_1506_2</b><br>Test class: tests.TestExtInvSupPortal</td>
<td><div><pre>java.lang.AssertionError: expected [true] but found [false]
	at tests.TestExtInvSupPortal.checkFileExtension(TestExtInvSupPortal.java:496)
	at tests.TestExtInvSupPortal.test_1506_2(TestExtInvSupPortal.java:530)
... Removed 28 stack frames</pre></div><a href='#' onClick='toggleBox("stack-trace620456576", this, "Click to show all stack frames", "Click to hide stack frames")'>Click to show all stack frames</a>
<div class='stack-trace' id='stack-trace620456576'><pre>java.lang.AssertionError: expected [true] but found [false]
	at org.testng.Assert.fail(Assert.java:94)
	at org.testng.Assert.failNotEquals(Assert.java:513)
	at org.testng.Assert.assertTrue(Assert.java:42)
	at org.testng.Assert.assertTrue(Assert.java:52)
	at tests.TestExtInvSupPortal.checkFileExtension(TestExtInvSupPortal.java:496)
	at tests.TestExtInvSupPortal.test_1506_2(TestExtInvSupPortal.java:530)
	at sun.reflect.NativeMethodAccessorImpl.invoke0(Native Method)
	at sun.reflect.NativeMethodAccessorImpl.invoke(Unknown Source)
	at sun.reflect.DelegatingMethodAccessorImpl.invoke(Unknown Source)
	at java.lang.reflect.Method.invoke(Unknown Source)
	at org.testng.internal.MethodInvocationHelper.invokeMethod(MethodInvocationHelper.java:86)
	at org.testng.internal.Invoker.invokeMethod(Invoker.java:645)
	at org.testng.internal.Invoker.invokeTestMethod(Invoker.java:822)
	at org.testng.internal.Invoker.invokeTestMethods(Invoker.java:1130)
	at org.testng.internal.TestMethodWorker.invokeTestMethods(TestMethodWorker.java:129)
	at org.testng.internal.TestMethodWorker.run(TestMethodWorker.java:112)
	at org.testng.TestRunner.privateRun(TestRunner.java:782)
	at org.testng.TestRunner.run(TestRunner.java:632)
	at org.testng.SuiteRunner.runTest(SuiteRunner.java:366)
	at org.testng.SuiteRunner.runSequentially(SuiteRunner.java:361)
	at org.testng.SuiteRunner.privateRun(SuiteRunner.java:319)
	at org.testng.SuiteRunner.run(SuiteRunner.java:268)
	at org.testng.SuiteRunnerWorker.runSuite(SuiteRunnerWorker.java:52)
	at org.testng.SuiteRunnerWorker.run(SuiteRunnerWorker.java:86)
	at org.testng.TestNG.runSuitesSequentially(TestNG.java:1244)
	at org.testng.TestNG.runSuitesLocally(TestNG.java:1169)
	at org.testng.TestNG.run(TestNG.java:1064)
	at org.testng.remote.RemoteTestNG.run(RemoteTestNG.java:113)
	at org.testng.remote.RemoteTestNG.initAndRun(RemoteTestNG.java:206)
	at org.testng.remote.RemoteTestNG.main(RemoteTestNG.java:177)
</pre></div></td>
<td>4</td>
<td>tests.TestExtInvSupPortal@71c7db30</td></tr>
</table><p>
<table width='100%' border='1' class='invocation-passed'>
<tr><td colspan='4' align='center'><b>PASSED TESTS</b></td></tr>
<tr><td><b>Test method</b></td>
<td width="30%"><b>Exception</b></td>
<td width="10%"><b>Time (seconds)</b></td>
<td><b>Instance</b></td>
</tr>
<tr>
<td title='tests.TestRetrieveMeasurementsUnits.checkRetrieveMeasurementsUnits()'><b>checkRetrieveMeasurementsUnits</b><br>Test class: tests.TestRetrieveMeasurementsUnits</td>
<td></td>
<td>0</td>
<td>tests.TestRetrieveMeasurementsUnits@5e025e70</td></tr>
<tr>
<td title='tests.TestExtInvSupPortal.testExternalInvoice()'><b>testExternalInvoice</b><br>Test class: tests.TestExtInvSupPortal</td>
<td></td>
<td>4</td>
<td>tests.TestExtInvSupPortal@71c7db30</td></tr>
<tr>
<td title='tests.TestInvoiceHeaders.testInvoiceHeaders()'><b>testInvoiceHeaders</b><br>Test class: tests.TestInvoiceHeaders</td>
<td></td>
<td>0</td>
<td>tests.TestInvoiceHeaders@4563e9ab</td></tr>
<tr>
<td title='tests.TestExtInvSupPortal.test_1339()'><b>test_1339</b><br>Test class: tests.TestExtInvSupPortal</td>
<td></td>
<td>6</td>
<td>tests.TestExtInvSupPortal@71c7db30</td></tr>
<tr>
<td title='tests.TestInvoiceHeaders.test_1368()'><b>test_1368</b><br>Test class: tests.TestInvoiceHeaders</td>
<td></td>
<td>0</td>
<td>tests.TestInvoiceHeaders@4563e9ab</td></tr>
<tr>
<td title='tests.TestExtInvSupPortal.test_1408()'><b>test_1408</b><br>Test class: tests.TestExtInvSupPortal</td>
<td></td>
<td>36</td>
<td>tests.TestExtInvSupPortal@71c7db30</td></tr>
<tr>
<td title='tests.TestInvoiceHeaders_NoInvoiceCreation.test_1411()'><b>test_1411</b><br>Test class: tests.TestInvoiceHeaders_NoInvoiceCreation</td>
<td></td>
<td>0</td>
<td>tests.TestInvoiceHeaders_NoInvoiceCreation@19bb089b</td></tr>
<tr>
<td title='tests.TestInvoiceHeaders.test_1413_1427()'><b>test_1413_1427</b><br>Test class: tests.TestInvoiceHeaders</td>
<td></td>
<td>0</td>
<td>tests.TestInvoiceHeaders@4563e9ab</td></tr>
<tr>
<td title='tests.TestInvoiceHeaders_NoInvoiceCreation.test_1424()'><b>test_1424</b><br>Test class: tests.TestInvoiceHeaders_NoInvoiceCreation</td>
<td></td>
<td>0</td>
<td>tests.TestInvoiceHeaders_NoInvoiceCreation@19bb089b</td></tr>
<tr>
<td title='tests.TestInvoiceHeaders_NoInvoiceCreation.test_1432()'><b>test_1432</b><br>Test class: tests.TestInvoiceHeaders_NoInvoiceCreation</td>
<td></td>
<td>0</td>
<td>tests.TestInvoiceHeaders_NoInvoiceCreation@19bb089b</td></tr>
<tr>
<td title='tests.TestInvoiceHeaders.test_1432()'><b>test_1432</b><br>Test class: tests.TestInvoiceHeaders</td>
<td></td>
<td>0</td>
<td>tests.TestInvoiceHeaders@4563e9ab</td></tr>
<tr>
<td title='tests.TestInvoiceHeaders_NoInvoiceCreation.test_1433()'><b>test_1433</b><br>Test class: tests.TestInvoiceHeaders_NoInvoiceCreation</td>
<td></td>
<td>0</td>
<td>tests.TestInvoiceHeaders_NoInvoiceCreation@19bb089b</td></tr>
<tr>
<td title='tests.TestExtInvSupPortal.test_1442()'><b>test_1442</b><br>Test class: tests.TestExtInvSupPortal</td>
<td></td>
<td>0</td>
<td>tests.TestExtInvSupPortal@71c7db30</td></tr>
<tr>
<td title='tests.TestInvoiceHeaders_NoInvoiceCreation.test_1446()'><b>test_1446</b><br>Test class: tests.TestInvoiceHeaders_NoInvoiceCreation</td>
<td></td>
<td>0</td>
<td>tests.TestInvoiceHeaders_NoInvoiceCreation@19bb089b</td></tr>
<tr>
<td title='tests.TestInvoiceHeaders_NoInvoiceCreation.test_1448_1436()'><b>test_1448_1436</b><br>Test class: tests.TestInvoiceHeaders_NoInvoiceCreation</td>
<td></td>
<td>1</td>
<td>tests.TestInvoiceHeaders_NoInvoiceCreation@19bb089b</td></tr>
<tr>
<td title='tests.TestInvoiceHeaders_NoInvoiceCreation.test_1449()'><b>test_1449</b><br>Test class: tests.TestInvoiceHeaders_NoInvoiceCreation</td>
<td></td>
<td>0</td>
<td>tests.TestInvoiceHeaders_NoInvoiceCreation@19bb089b</td></tr>
<tr>
<td title='tests.TestExtInvSupPortal.test_1455()'><b>test_1455</b><br>Test class: tests.TestExtInvSupPortal</td>
<td></td>
<td>4</td>
<td>tests.TestExtInvSupPortal@71c7db30</td></tr>
<tr>
<td title='tests.TestInvoiceHeaders_NoInvoiceCreation.test_1456()'><b>test_1456</b><br>Test class: tests.TestInvoiceHeaders_NoInvoiceCreation</td>
<td></td>
<td>0</td>
<td>tests.TestInvoiceHeaders_NoInvoiceCreation@19bb089b</td></tr>
<tr>
<td title='tests.TestInvoiceHeaders_NoInvoiceCreation.test_1456_2()'><b>test_1456_2</b><br>Test class: tests.TestInvoiceHeaders_NoInvoiceCreation</td>
<td></td>
<td>0</td>
<td>tests.TestInvoiceHeaders_NoInvoiceCreation@19bb089b</td></tr>
<tr>
<td title='tests.TestInvoiceHeaders_NoInvoiceCreation.test_1456_3()'><b>test_1456_3</b><br>Test class: tests.TestInvoiceHeaders_NoInvoiceCreation</td>
<td></td>
<td>0</td>
<td>tests.TestInvoiceHeaders_NoInvoiceCreation@19bb089b</td></tr>
<tr>
<td title='tests.TestExtInvSupPortal.test_1458()'><b>test_1458</b><br>Test class: tests.TestExtInvSupPortal</td>
<td></td>
<td>4</td>
<td>tests.TestExtInvSupPortal@71c7db30</td></tr>
<tr>
<td title='tests.TestRetrieveInvoiceInfo.test_1463()'><b>test_1463</b><br>Test class: tests.TestRetrieveInvoiceInfo</td>
<td></td>
<td>4</td>
<td>tests.TestRetrieveInvoiceInfo@11531931</td></tr>
<tr>
<td title='tests.TestRetrieveInvoiceInfo.test_1467()'><b>test_1467</b><br>Test class: tests.TestRetrieveInvoiceInfo</td>
<td></td>
<td>4</td>
<td>tests.TestRetrieveInvoiceInfo@11531931</td></tr>
<tr>
<td title='tests.TestExtInvSupPortal.test_1479()'><b>test_1479</b><br>Test class: tests.TestExtInvSupPortal</td>
<td></td>
<td>2</td>
<td>tests.TestExtInvSupPortal@71c7db30</td></tr>
<tr>
<td title='tests.TestExtInvSupPortal.test_1483()'><b>test_1483</b><br>Test class: tests.TestExtInvSupPortal</td>
<td></td>
<td>3</td>
<td>tests.TestExtInvSupPortal@71c7db30</td></tr>
<tr>
<td title='tests.TestInvoiceHeaders_NoInvoiceCreation.test_1484()'><b>test_1484</b><br>Test class: tests.TestInvoiceHeaders_NoInvoiceCreation</td>
<td></td>
<td>0</td>
<td>tests.TestInvoiceHeaders_NoInvoiceCreation@19bb089b</td></tr>
<tr>
<td title='tests.TestRetrieveInvoiceInfo.test_1485()'><b>test_1485</b><br>Test class: tests.TestRetrieveInvoiceInfo</td>
<td></td>
<td>4</td>
<td>tests.TestRetrieveInvoiceInfo@11531931</td></tr>
<tr>
<td title='tests.TestInvoiceHeaders_NoInvoiceCreation.test_1489()'><b>test_1489</b><br>Test class: tests.TestInvoiceHeaders_NoInvoiceCreation</td>
<td></td>
<td>3</td>
<td>tests.TestInvoiceHeaders_NoInvoiceCreation@19bb089b</td></tr>
<tr>
<td title='tests.TestExtInvSupPortal.test_1498()'><b>test_1498</b><br>Test class: tests.TestExtInvSupPortal</td>
<td></td>
<td>3</td>
<td>tests.TestExtInvSupPortal@71c7db30</td></tr>
<tr>
<td title='tests.TestExtInvSupPortal.test_1499()'><b>test_1499</b><br>Test class: tests.TestExtInvSupPortal</td>
<td></td>
<td>5</td>
<td>tests.TestExtInvSupPortal@71c7db30</td></tr>
<tr>
<td title='tests.TestExtInvSupPortal.test_1503()'><b>test_1503</b><br>Test class: tests.TestExtInvSupPortal</td>
<td></td>
<td>4</td>
<td>tests.TestExtInvSupPortal@71c7db30</td></tr>
<tr>
<td title='tests.TestExtInvSupPortal.test_1506_1()'><b>test_1506_1</b><br>Test class: tests.TestExtInvSupPortal</td>
<td></td>
<td>4</td>
<td>tests.TestExtInvSupPortal@71c7db30</td></tr>
<tr>
<td title='tests.TestExtInvSupPortal.test_1506_10()'><b>test_1506_10</b><br>Test class: tests.TestExtInvSupPortal</td>
<td></td>
<td>3</td>
<td>tests.TestExtInvSupPortal@71c7db30</td></tr>
<tr>
<td title='tests.TestExtInvSupPortal.test_1506_11()'><b>test_1506_11</b><br>Test class: tests.TestExtInvSupPortal</td>
<td></td>
<td>3</td>
<td>tests.TestExtInvSupPortal@71c7db30</td></tr>
<tr>
<td title='tests.TestExtInvSupPortal.test_1506_12()'><b>test_1506_12</b><br>Test class: tests.TestExtInvSupPortal</td>
<td></td>
<td>3</td>
<td>tests.TestExtInvSupPortal@71c7db30</td></tr>
<tr>
<td title='tests.TestExtInvSupPortal.test_1506_13()'><b>test_1506_13</b><br>Test class: tests.TestExtInvSupPortal</td>
<td></td>
<td>3</td>
<td>tests.TestExtInvSupPortal@71c7db30</td></tr>
<tr>
<td title='tests.TestExtInvSupPortal.test_1506_14()'><b>test_1506_14</b><br>Test class: tests.TestExtInvSupPortal</td>
<td></td>
<td>3</td>
<td>tests.TestExtInvSupPortal@71c7db30</td></tr>
<tr>
<td title='tests.TestExtInvSupPortal.test_1506_3()'><b>test_1506_3</b><br>Test class: tests.TestExtInvSupPortal</td>
<td></td>
<td>5</td>
<td>tests.TestExtInvSupPortal@71c7db30</td></tr>
<tr>
<td title='tests.TestExtInvSupPortal.test_1506_4()'><b>test_1506_4</b><br>Test class: tests.TestExtInvSupPortal</td>
<td></td>
<td>4</td>
<td>tests.TestExtInvSupPortal@71c7db30</td></tr>
<tr>
<td title='tests.TestExtInvSupPortal.test_1506_5()'><b>test_1506_5</b><br>Test class: tests.TestExtInvSupPortal</td>
<td></td>
<td>4</td>
<td>tests.TestExtInvSupPortal@71c7db30</td></tr>
<tr>
<td title='tests.TestExtInvSupPortal.test_1506_6()'><b>test_1506_6</b><br>Test class: tests.TestExtInvSupPortal</td>
<td></td>
<td>3</td>
<td>tests.TestExtInvSupPortal@71c7db30</td></tr>
<tr>
<td title='tests.TestExtInvSupPortal.test_1506_7()'><b>test_1506_7</b><br>Test class: tests.TestExtInvSupPortal</td>
<td></td>
<td>4</td>
<td>tests.TestExtInvSupPortal@71c7db30</td></tr>
<tr>
<td title='tests.TestExtInvSupPortal.test_1506_8()'><b>test_1506_8</b><br>Test class: tests.TestExtInvSupPortal</td>
<td></td>
<td>4</td>
<td>tests.TestExtInvSupPortal@71c7db30</td></tr>
<tr>
<td title='tests.TestExtInvSupPortal.test_1506_9()'><b>test_1506_9</b><br>Test class: tests.TestExtInvSupPortal</td>
<td></td>
<td>4</td>
<td>tests.TestExtInvSupPortal@71c7db30</td></tr>
<tr>
<td title='tests.TestExtInvSupPortal.test_1549()'><b>test_1549</b><br>Test class: tests.TestExtInvSupPortal</td>
<td></td>
<td>4</td>
<td>tests.TestExtInvSupPortal@71c7db30</td></tr>
</table><p>
<table width='100%' border='1' class='invocation-skipped'>
<tr><td colspan='4' align='center'><b>SKIPPED TESTS</b></td></tr>
<tr><td><b>Test method</b></td>
<td width="30%"><b>Exception</b></td>
<td width="10%"><b>Time (seconds)</b></td>
<td><b>Instance</b></td>
</tr>
<tr>
<td title='tests.TestRetrieveInvoiceInfo.test_1492()'><b>test_1492</b><br>Test class: tests.TestRetrieveInvoiceInfo</td>
<td><div><pre>org.testng.SkipException: Feature is in dev
	at tests.TestRetrieveInvoiceInfo.test_1492(TestRetrieveInvoiceInfo.java:102)
... Removed 24 stack frames</pre></div><a href='#' onClick='toggleBox("stack-trace732597634", this, "Click to show all stack frames", "Click to hide stack frames")'>Click to show all stack frames</a>
<div class='stack-trace' id='stack-trace732597634'><pre>org.testng.SkipException: Feature is in dev
	at tests.TestRetrieveInvoiceInfo.test_1492(TestRetrieveInvoiceInfo.java:102)
	at sun.reflect.NativeMethodAccessorImpl.invoke0(Native Method)
	at sun.reflect.NativeMethodAccessorImpl.invoke(Unknown Source)
	at sun.reflect.DelegatingMethodAccessorImpl.invoke(Unknown Source)
	at java.lang.reflect.Method.invoke(Unknown Source)
	at org.testng.internal.MethodInvocationHelper.invokeMethod(MethodInvocationHelper.java:86)
	at org.testng.internal.Invoker.invokeMethod(Invoker.java:645)
	at org.testng.internal.Invoker.invokeTestMethod(Invoker.java:822)
	at org.testng.internal.Invoker.invokeTestMethods(Invoker.java:1130)
	at org.testng.internal.TestMethodWorker.invokeTestMethods(TestMethodWorker.java:129)
	at org.testng.internal.TestMethodWorker.run(TestMethodWorker.java:112)
	at org.testng.TestRunner.privateRun(TestRunner.java:782)
	at org.testng.TestRunner.run(TestRunner.java:632)
	at org.testng.SuiteRunner.runTest(SuiteRunner.java:366)
	at org.testng.SuiteRunner.runSequentially(SuiteRunner.java:361)
	at org.testng.SuiteRunner.privateRun(SuiteRunner.java:319)
	at org.testng.SuiteRunner.run(SuiteRunner.java:268)
	at org.testng.SuiteRunnerWorker.runSuite(SuiteRunnerWorker.java:52)
	at org.testng.SuiteRunnerWorker.run(SuiteRunnerWorker.java:86)
	at org.testng.TestNG.runSuitesSequentially(TestNG.java:1244)
	at org.testng.TestNG.runSuitesLocally(TestNG.java:1169)
	at org.testng.TestNG.run(TestNG.java:1064)
	at org.testng.remote.RemoteTestNG.run(RemoteTestNG.java:113)
	at org.testng.remote.RemoteTestNG.initAndRun(RemoteTestNG.java:206)
	at org.testng.remote.RemoteTestNG.main(RemoteTestNG.java:177)
</pre></div></td>
<td>0</td>
<td>tests.TestRetrieveInvoiceInfo@11531931</td></tr>
<tr>
<td title='tests.TestInvoiceHeaders_NoInvoiceCreation.test_1509()'><b>test_1509</b><br>Test class: tests.TestInvoiceHeaders_NoInvoiceCreation</td>
<td><div><pre>org.testng.SkipException: Skipping Test: Test is skipped because there is no invoices with Cancelled status
	at tests.TestInvoiceHeaders_NoInvoiceCreation.test_1509(TestInvoiceHeaders_NoInvoiceCreation.java:354)
... Removed 24 stack frames</pre></div><a href='#' onClick='toggleBox("stack-trace216376974", this, "Click to show all stack frames", "Click to hide stack frames")'>Click to show all stack frames</a>
<div class='stack-trace' id='stack-trace216376974'><pre>org.testng.SkipException: Skipping Test: Test is skipped because there is no invoices with Cancelled status
	at tests.TestInvoiceHeaders_NoInvoiceCreation.test_1509(TestInvoiceHeaders_NoInvoiceCreation.java:354)
	at sun.reflect.NativeMethodAccessorImpl.invoke0(Native Method)
	at sun.reflect.NativeMethodAccessorImpl.invoke(Unknown Source)
	at sun.reflect.DelegatingMethodAccessorImpl.invoke(Unknown Source)
	at java.lang.reflect.Method.invoke(Unknown Source)
	at org.testng.internal.MethodInvocationHelper.invokeMethod(MethodInvocationHelper.java:86)
	at org.testng.internal.Invoker.invokeMethod(Invoker.java:645)
	at org.testng.internal.Invoker.invokeTestMethod(Invoker.java:822)
	at org.testng.internal.Invoker.invokeTestMethods(Invoker.java:1130)
	at org.testng.internal.TestMethodWorker.invokeTestMethods(TestMethodWorker.java:129)
	at org.testng.internal.TestMethodWorker.run(TestMethodWorker.java:112)
	at org.testng.TestRunner.privateRun(TestRunner.java:782)
	at org.testng.TestRunner.run(TestRunner.java:632)
	at org.testng.SuiteRunner.runTest(SuiteRunner.java:366)
	at org.testng.SuiteRunner.runSequentially(SuiteRunner.java:361)
	at org.testng.SuiteRunner.privateRun(SuiteRunner.java:319)
	at org.testng.SuiteRunner.run(SuiteRunner.java:268)
	at org.testng.SuiteRunnerWorker.runSuite(SuiteRunnerWorker.java:52)
	at org.testng.SuiteRunnerWorker.run(SuiteRunnerWorker.java:86)
	at org.testng.TestNG.runSuitesSequentially(TestNG.java:1244)
	at org.testng.TestNG.runSuitesLocally(TestNG.java:1169)
	at org.testng.TestNG.run(TestNG.java:1064)
	at org.testng.remote.RemoteTestNG.run(RemoteTestNG.java:113)
	at org.testng.remote.RemoteTestNG.initAndRun(RemoteTestNG.java:206)
	at org.testng.remote.RemoteTestNG.main(RemoteTestNG.java:177)
</pre></div></td>
<td>0</td>
<td>tests.TestInvoiceHeaders_NoInvoiceCreation@19bb089b</td></tr>
</table><p>
</body>
</html>