<html>
<head>
<title>TestNG:  2.4.1.0 chunk3</title>
<link href="../testng.css" rel="stylesheet" type="text/css" />
<link href="../my-testng.css" rel="stylesheet" type="text/css" />

<style type="text/css">
.log { display: none;} 
.stack-trace { display: none;} 
</style>
<script type="text/javascript">
<!--
function flip(e) {
  current = e.style.display;
  if (current == 'block') {
    e.style.display = 'none';
    return 0;
  }
  else {
    e.style.display = 'block';
    return 1;
  }
}

function toggleBox(szDivId, elem, msg1, msg2)
{
  var res = -1;  if (document.getElementById) {
    res = flip(document.getElementById(szDivId));
  }
  else if (document.all) {
    // this is the way old msie versions work
    res = flip(document.all[szDivId]);
  }
  if(elem) {
    if(res == 0) elem.innerHTML = msg1; else elem.innerHTML = msg2;
  }

}

function toggleAllBoxes() {
  if (document.getElementsByTagName) {
    d = document.getElementsByTagName('div');
    for (i = 0; i < d.length; i++) {
      if (d[i].className == 'log') {
        flip(d[i]);
      }
    }
  }
}

// -->
</script>

</head>
<body>
<h2 align='center'>2.4.1.0 chunk3</h2><table border='1' align="center">
<tr>
<td>Tests passed/Failed/Skipped:</td><td>12/2/0</td>
</tr><tr>
<td>Started on:</td><td>Fri Feb 05 18:12:05 EET 2016</td>
</tr>
<tr><td>Total time:</td><td>12 seconds (12681 ms)</td>
</tr><tr>
<td>Included groups:</td><td>2.4.1.0 </td>
</tr><tr>
<td>Excluded groups:</td><td></td>
</tr>
</table><p/>
<small><i>(Hover the method name to see the test class name)</i></small><p/>
<table width='100%' border='1' class='invocation-failed'>
<tr><td colspan='4' align='center'><b>FAILED TESTS</b></td></tr>
<tr><td><b>Test method</b></td>
<td width="30%"><b>Exception</b></td>
<td width="10%"><b>Time (seconds)</b></td>
<td><b>Instance</b></td>
</tr>
<tr>
<td title='tests.TestInvoiceHeaders_NoInvoiceCreation.test_1489()'><b>test_1489</b><br>Test class: tests.TestInvoiceHeaders_NoInvoiceCreation</td>
<td><div><pre>java.lang.AssertionError: 1 expectation failed.
Expected: an XML document with XPath //responseMessage a string containing &quot;Success&quot;
  Actual: &lt;env:Envelope xmlns:env=&quot;http://schemas.xmlsoap.org/soap/envelope/&quot; xmlns:wsa=&quot;http://www.w3.org/2005/08/addressing&quot;&gt;&lt;env:Header&gt;&lt;wsa:MessageID&gt;urn:39AE8B10CC2311E5BFF3834814C4341D&lt;/wsa:MessageID&gt;&lt;wsa:ReplyTo&gt;&lt;wsa:Address&gt;http://www.w3.org/2005/08/addressing/anonymous&lt;/wsa:Address&gt;&lt;wsa:ReferenceParameters&gt;&lt;instra:tracking.compositeInstanceCreatedTime xmlns:instra=&quot;http://xmlns.oracle.com/sca/tracking/1.0&quot;&gt;2016-02-05T16:12:11.409Z&lt;/instra:tracking.compositeInstanceCreatedTime&gt;&lt;/wsa:ReferenceParameters&gt;&lt;/wsa:ReplyTo&gt;&lt;wsa:FaultTo&gt;&lt;wsa:Address&gt;http://www.w3.org/2005/08/addressing/anonymous&lt;/wsa:Address&gt;&lt;wsa:ReferenceParameters&gt;&lt;instra:tracking.compositeInstanceCreatedTime xmlns:instra=&quot;http://xmlns.oracle.com/sca/tracking/1.0&quot;&gt;2016-02-05T16:12:11.409Z&lt;/instra:tracking.compositeInstanceCreatedTime&gt;&lt;/wsa:ReferenceParameters&gt;&lt;/wsa:FaultTo&gt;&lt;/env:Header&gt;&lt;env:Body&gt;&lt;startResponse xmlns=&quot;http://xmlns.oracle.com/bpmn/bpmnProcess/SupplierPortalApprovalProcess&quot;&gt;&lt;ExternalInvoiceResponse xmlns=&quot;http://xmlns.oracle.com/bpm/bpmobject/PrePopInvoice/ExternalInvoiceResponse&quot;&gt;&lt;code&gt;ERROR_INPUT_015&lt;/code&gt;&lt;responseMessage&gt;Invalid Unit Code. Reason: [Provided unit code [TRD] is not found! The Valid Unit Codes are: []]&lt;/responseMessage&gt;&lt;/ExternalInvoiceResponse&gt;&lt;/startResponse&gt;&lt;/env:Body&gt;&lt;/env:Envelope&gt;

	at org.codehaus.groovy.runtime.callsite.ConstructorSite$ConstructorSiteNoUnwrap.callConstructor(ConstructorSite.java:84)
	at org.codehaus.groovy.runtime.callsite.AbstractCallSite.callConstructor(AbstractCallSite.java:247)
	at com.jayway.restassured.internal.ResponseSpecificationImpl$HamcrestAssertionClosure.validate(ResponseSpecificationImpl.groovy:598)
	at com.jayway.restassured.internal.ResponseSpecificationImpl$HamcrestAssertionClosure$validate$4.call(Unknown Source)
	at com.jayway.restassured.internal.ResponseSpecificationImpl.validateResponseIfRequired(ResponseSpecificationImpl.groovy:760)
	at org.codehaus.groovy.runtime.callsite.PogoMetaMethodSite$PogoCachedMethodSiteNoUnwrapNoCoerce.invoke(PogoMetaMethodSite.java:210)
	at org.codehaus.groovy.runtime.callsite.PogoMetaMethodSite.callCurrent(PogoMetaMethodSite.java:59)
	at org.codehaus.groovy.runtime.callsite.AbstractCallSite.callCurrent(AbstractCallSite.java:166)
	at com.jayway.restassured.internal.ResponseSpecificationImpl.content(ResponseSpecificationImpl.groovy:92)
	at com.jayway.restassured.specification.ResponseSpecification$content$8.callCurrent(Unknown Source)
	at com.jayway.restassured.internal.ResponseSpecificationImpl.body(ResponseSpecificationImpl.groovy:230)
	at com.jayway.restassured.internal.ValidatableResponseOptionsImpl.body(ValidatableResponseOptionsImpl.java:258)
	at tests.TestInvoiceHeaders_NoInvoiceCreation.test_1489(TestInvoiceHeaders_NoInvoiceCreation.java:323)
	at java.util.concurrent.ThreadPoolExecutor.runWorker(ThreadPoolExecutor.java:1145)
	at java.util.concurrent.ThreadPoolExecutor$Worker.run(ThreadPoolExecutor.java:615)
	at java.lang.Thread.run(Thread.java:745)
... Removed 18 stack frames</pre></div><a href='#' onClick='toggleBox("stack-trace1675422414", this, "Click to show all stack frames", "Click to hide stack frames")'>Click to show all stack frames</a>
<div class='stack-trace' id='stack-trace1675422414'><pre>java.lang.AssertionError: 1 expectation failed.
Expected: an XML document with XPath //responseMessage a string containing &quot;Success&quot;
  Actual: &lt;env:Envelope xmlns:env=&quot;http://schemas.xmlsoap.org/soap/envelope/&quot; xmlns:wsa=&quot;http://www.w3.org/2005/08/addressing&quot;&gt;&lt;env:Header&gt;&lt;wsa:MessageID&gt;urn:39AE8B10CC2311E5BFF3834814C4341D&lt;/wsa:MessageID&gt;&lt;wsa:ReplyTo&gt;&lt;wsa:Address&gt;http://www.w3.org/2005/08/addressing/anonymous&lt;/wsa:Address&gt;&lt;wsa:ReferenceParameters&gt;&lt;instra:tracking.compositeInstanceCreatedTime xmlns:instra=&quot;http://xmlns.oracle.com/sca/tracking/1.0&quot;&gt;2016-02-05T16:12:11.409Z&lt;/instra:tracking.compositeInstanceCreatedTime&gt;&lt;/wsa:ReferenceParameters&gt;&lt;/wsa:ReplyTo&gt;&lt;wsa:FaultTo&gt;&lt;wsa:Address&gt;http://www.w3.org/2005/08/addressing/anonymous&lt;/wsa:Address&gt;&lt;wsa:ReferenceParameters&gt;&lt;instra:tracking.compositeInstanceCreatedTime xmlns:instra=&quot;http://xmlns.oracle.com/sca/tracking/1.0&quot;&gt;2016-02-05T16:12:11.409Z&lt;/instra:tracking.compositeInstanceCreatedTime&gt;&lt;/wsa:ReferenceParameters&gt;&lt;/wsa:FaultTo&gt;&lt;/env:Header&gt;&lt;env:Body&gt;&lt;startResponse xmlns=&quot;http://xmlns.oracle.com/bpmn/bpmnProcess/SupplierPortalApprovalProcess&quot;&gt;&lt;ExternalInvoiceResponse xmlns=&quot;http://xmlns.oracle.com/bpm/bpmobject/PrePopInvoice/ExternalInvoiceResponse&quot;&gt;&lt;code&gt;ERROR_INPUT_015&lt;/code&gt;&lt;responseMessage&gt;Invalid Unit Code. Reason: [Provided unit code [TRD] is not found! The Valid Unit Codes are: []]&lt;/responseMessage&gt;&lt;/ExternalInvoiceResponse&gt;&lt;/startResponse&gt;&lt;/env:Body&gt;&lt;/env:Envelope&gt;

	at sun.reflect.GeneratedConstructorAccessor84.newInstance(Unknown Source)
	at sun.reflect.DelegatingConstructorAccessorImpl.newInstance(DelegatingConstructorAccessorImpl.java:45)
	at java.lang.reflect.Constructor.newInstance(Constructor.java:526)
	at org.codehaus.groovy.reflection.CachedConstructor.invoke(CachedConstructor.java:80)
	at org.codehaus.groovy.reflection.CachedConstructor.doConstructorInvoke(CachedConstructor.java:74)
	at org.codehaus.groovy.runtime.callsite.ConstructorSite$ConstructorSiteNoUnwrap.callConstructor(ConstructorSite.java:84)
	at org.codehaus.groovy.runtime.callsite.AbstractCallSite.callConstructor(AbstractCallSite.java:247)
	at com.jayway.restassured.internal.ResponseSpecificationImpl$HamcrestAssertionClosure.validate(ResponseSpecificationImpl.groovy:598)
	at com.jayway.restassured.internal.ResponseSpecificationImpl$HamcrestAssertionClosure$validate$4.call(Unknown Source)
	at com.jayway.restassured.internal.ResponseSpecificationImpl.validateResponseIfRequired(ResponseSpecificationImpl.groovy:760)
	at sun.reflect.GeneratedMethodAccessor142.invoke(Unknown Source)
	at sun.reflect.DelegatingMethodAccessorImpl.invoke(DelegatingMethodAccessorImpl.java:43)
	at java.lang.reflect.Method.invoke(Method.java:606)
	at org.codehaus.groovy.runtime.callsite.PogoMetaMethodSite$PogoCachedMethodSiteNoUnwrapNoCoerce.invoke(PogoMetaMethodSite.java:210)
	at org.codehaus.groovy.runtime.callsite.PogoMetaMethodSite.callCurrent(PogoMetaMethodSite.java:59)
	at org.codehaus.groovy.runtime.callsite.AbstractCallSite.callCurrent(AbstractCallSite.java:166)
	at com.jayway.restassured.internal.ResponseSpecificationImpl.content(ResponseSpecificationImpl.groovy:92)
	at com.jayway.restassured.specification.ResponseSpecification$content$8.callCurrent(Unknown Source)
	at com.jayway.restassured.internal.ResponseSpecificationImpl.body(ResponseSpecificationImpl.groovy:230)
	at com.jayway.restassured.internal.ValidatableResponseOptionsImpl.body(ValidatableResponseOptionsImpl.java:258)
	at tests.TestInvoiceHeaders_NoInvoiceCreation.test_1489(TestInvoiceHeaders_NoInvoiceCreation.java:323)
	at sun.reflect.NativeMethodAccessorImpl.invoke0(Native Method)
	at sun.reflect.NativeMethodAccessorImpl.invoke(NativeMethodAccessorImpl.java:57)
	at sun.reflect.DelegatingMethodAccessorImpl.invoke(DelegatingMethodAccessorImpl.java:43)
	at java.lang.reflect.Method.invoke(Method.java:606)
	at org.testng.internal.MethodInvocationHelper.invokeMethod(MethodInvocationHelper.java:86)
	at org.testng.internal.Invoker.invokeMethod(Invoker.java:645)
	at org.testng.internal.Invoker.invokeTestMethod(Invoker.java:822)
	at org.testng.internal.Invoker.invokeTestMethods(Invoker.java:1130)
	at org.testng.internal.TestMethodWorker.invokeTestMethods(TestMethodWorker.java:129)
	at org.testng.internal.TestMethodWorker.run(TestMethodWorker.java:112)
	at java.util.concurrent.ThreadPoolExecutor.runWorker(ThreadPoolExecutor.java:1145)
	at java.util.concurrent.ThreadPoolExecutor$Worker.run(ThreadPoolExecutor.java:615)
	at java.lang.Thread.run(Thread.java:745)
</pre></div></td>
<td>12</td>
<td>tests.TestInvoiceHeaders_NoInvoiceCreation@1fdcb677</td></tr>
<tr>
<td title='tests.TestInvoiceHeaders_NoInvoiceCreation.test_1509()'><b>test_1509</b><br>Test class: tests.TestInvoiceHeaders_NoInvoiceCreation</td>
<td><div><pre>java.lang.AssertionError: 1 expectation failed.
Expected: an XML document with XPath //responseMessage a string containing &quot;Success&quot;
  Actual: &lt;env:Envelope xmlns:env=&quot;http://schemas.xmlsoap.org/soap/envelope/&quot; xmlns:wsa=&quot;http://www.w3.org/2005/08/addressing&quot;&gt;&lt;env:Header&gt;&lt;wsa:MessageID&gt;urn:365526E0CC2311E5BFF3834814C4341D&lt;/wsa:MessageID&gt;&lt;wsa:ReplyTo&gt;&lt;wsa:Address&gt;http://www.w3.org/2005/08/addressing/anonymous&lt;/wsa:Address&gt;&lt;wsa:ReferenceParameters&gt;&lt;instra:tracking.compositeInstanceCreatedTime xmlns:instra=&quot;http://xmlns.oracle.com/sca/tracking/1.0&quot;&gt;2016-02-05T16:12:04.708Z&lt;/instra:tracking.compositeInstanceCreatedTime&gt;&lt;/wsa:ReferenceParameters&gt;&lt;/wsa:ReplyTo&gt;&lt;wsa:FaultTo&gt;&lt;wsa:Address&gt;http://www.w3.org/2005/08/addressing/anonymous&lt;/wsa:Address&gt;&lt;wsa:ReferenceParameters&gt;&lt;instra:tracking.compositeInstanceCreatedTime xmlns:instra=&quot;http://xmlns.oracle.com/sca/tracking/1.0&quot;&gt;2016-02-05T16:12:04.708Z&lt;/instra:tracking.compositeInstanceCreatedTime&gt;&lt;/wsa:ReferenceParameters&gt;&lt;/wsa:FaultTo&gt;&lt;/env:Header&gt;&lt;env:Body&gt;&lt;startResponse xmlns=&quot;http://xmlns.oracle.com/bpmn/bpmnProcess/SupplierPortalApprovalProcess&quot;&gt;&lt;ExternalInvoiceResponse xmlns=&quot;http://xmlns.oracle.com/bpm/bpmobject/PrePopInvoice/ExternalInvoiceResponse&quot;&gt;&lt;code&gt;ERROR_INPUT_015&lt;/code&gt;&lt;responseMessage&gt;Invalid Unit Code. Reason: [Provided unit code [TRD] is not found! The Valid Unit Codes are: []]&lt;/responseMessage&gt;&lt;/ExternalInvoiceResponse&gt;&lt;/startResponse&gt;&lt;/env:Body&gt;&lt;/env:Envelope&gt;

	at org.codehaus.groovy.runtime.callsite.ConstructorSite$ConstructorSiteNoUnwrap.callConstructor(ConstructorSite.java:84)
	at org.codehaus.groovy.runtime.callsite.AbstractCallSite.callConstructor(AbstractCallSite.java:247)
	at com.jayway.restassured.internal.ResponseSpecificationImpl$HamcrestAssertionClosure.validate(ResponseSpecificationImpl.groovy:598)
	at com.jayway.restassured.internal.ResponseSpecificationImpl$HamcrestAssertionClosure$validate$4.call(Unknown Source)
	at com.jayway.restassured.internal.ResponseSpecificationImpl.validateResponseIfRequired(ResponseSpecificationImpl.groovy:760)
	at org.codehaus.groovy.runtime.callsite.PogoMetaMethodSite$PogoCachedMethodSiteNoUnwrapNoCoerce.invoke(PogoMetaMethodSite.java:210)
	at org.codehaus.groovy.runtime.callsite.PogoMetaMethodSite.callCurrent(PogoMetaMethodSite.java:59)
	at org.codehaus.groovy.runtime.callsite.AbstractCallSite.callCurrent(AbstractCallSite.java:166)
	at com.jayway.restassured.internal.ResponseSpecificationImpl.content(ResponseSpecificationImpl.groovy:92)
	at com.jayway.restassured.specification.ResponseSpecification$content$8.callCurrent(Unknown Source)
	at com.jayway.restassured.internal.ResponseSpecificationImpl.body(ResponseSpecificationImpl.groovy:230)
	at com.jayway.restassured.internal.ValidatableResponseOptionsImpl.body(ValidatableResponseOptionsImpl.java:258)
	at tests.TestInvoiceHeaders_NoInvoiceCreation.test_1509(TestInvoiceHeaders_NoInvoiceCreation.java:360)
	at java.util.concurrent.ThreadPoolExecutor.runWorker(ThreadPoolExecutor.java:1145)
	at java.util.concurrent.ThreadPoolExecutor$Worker.run(ThreadPoolExecutor.java:615)
	at java.lang.Thread.run(Thread.java:745)
... Removed 18 stack frames</pre></div><a href='#' onClick='toggleBox("stack-trace1936722159", this, "Click to show all stack frames", "Click to hide stack frames")'>Click to show all stack frames</a>
<div class='stack-trace' id='stack-trace1936722159'><pre>java.lang.AssertionError: 1 expectation failed.
Expected: an XML document with XPath //responseMessage a string containing &quot;Success&quot;
  Actual: &lt;env:Envelope xmlns:env=&quot;http://schemas.xmlsoap.org/soap/envelope/&quot; xmlns:wsa=&quot;http://www.w3.org/2005/08/addressing&quot;&gt;&lt;env:Header&gt;&lt;wsa:MessageID&gt;urn:365526E0CC2311E5BFF3834814C4341D&lt;/wsa:MessageID&gt;&lt;wsa:ReplyTo&gt;&lt;wsa:Address&gt;http://www.w3.org/2005/08/addressing/anonymous&lt;/wsa:Address&gt;&lt;wsa:ReferenceParameters&gt;&lt;instra:tracking.compositeInstanceCreatedTime xmlns:instra=&quot;http://xmlns.oracle.com/sca/tracking/1.0&quot;&gt;2016-02-05T16:12:04.708Z&lt;/instra:tracking.compositeInstanceCreatedTime&gt;&lt;/wsa:ReferenceParameters&gt;&lt;/wsa:ReplyTo&gt;&lt;wsa:FaultTo&gt;&lt;wsa:Address&gt;http://www.w3.org/2005/08/addressing/anonymous&lt;/wsa:Address&gt;&lt;wsa:ReferenceParameters&gt;&lt;instra:tracking.compositeInstanceCreatedTime xmlns:instra=&quot;http://xmlns.oracle.com/sca/tracking/1.0&quot;&gt;2016-02-05T16:12:04.708Z&lt;/instra:tracking.compositeInstanceCreatedTime&gt;&lt;/wsa:ReferenceParameters&gt;&lt;/wsa:FaultTo&gt;&lt;/env:Header&gt;&lt;env:Body&gt;&lt;startResponse xmlns=&quot;http://xmlns.oracle.com/bpmn/bpmnProcess/SupplierPortalApprovalProcess&quot;&gt;&lt;ExternalInvoiceResponse xmlns=&quot;http://xmlns.oracle.com/bpm/bpmobject/PrePopInvoice/ExternalInvoiceResponse&quot;&gt;&lt;code&gt;ERROR_INPUT_015&lt;/code&gt;&lt;responseMessage&gt;Invalid Unit Code. Reason: [Provided unit code [TRD] is not found! The Valid Unit Codes are: []]&lt;/responseMessage&gt;&lt;/ExternalInvoiceResponse&gt;&lt;/startResponse&gt;&lt;/env:Body&gt;&lt;/env:Envelope&gt;

	at sun.reflect.GeneratedConstructorAccessor84.newInstance(Unknown Source)
	at sun.reflect.DelegatingConstructorAccessorImpl.newInstance(DelegatingConstructorAccessorImpl.java:45)
	at java.lang.reflect.Constructor.newInstance(Constructor.java:526)
	at org.codehaus.groovy.reflection.CachedConstructor.invoke(CachedConstructor.java:80)
	at org.codehaus.groovy.reflection.CachedConstructor.doConstructorInvoke(CachedConstructor.java:74)
	at org.codehaus.groovy.runtime.callsite.ConstructorSite$ConstructorSiteNoUnwrap.callConstructor(ConstructorSite.java:84)
	at org.codehaus.groovy.runtime.callsite.AbstractCallSite.callConstructor(AbstractCallSite.java:247)
	at com.jayway.restassured.internal.ResponseSpecificationImpl$HamcrestAssertionClosure.validate(ResponseSpecificationImpl.groovy:598)
	at com.jayway.restassured.internal.ResponseSpecificationImpl$HamcrestAssertionClosure$validate$4.call(Unknown Source)
	at com.jayway.restassured.internal.ResponseSpecificationImpl.validateResponseIfRequired(ResponseSpecificationImpl.groovy:760)
	at sun.reflect.GeneratedMethodAccessor142.invoke(Unknown Source)
	at sun.reflect.DelegatingMethodAccessorImpl.invoke(DelegatingMethodAccessorImpl.java:43)
	at java.lang.reflect.Method.invoke(Method.java:606)
	at org.codehaus.groovy.runtime.callsite.PogoMetaMethodSite$PogoCachedMethodSiteNoUnwrapNoCoerce.invoke(PogoMetaMethodSite.java:210)
	at org.codehaus.groovy.runtime.callsite.PogoMetaMethodSite.callCurrent(PogoMetaMethodSite.java:59)
	at org.codehaus.groovy.runtime.callsite.AbstractCallSite.callCurrent(AbstractCallSite.java:166)
	at com.jayway.restassured.internal.ResponseSpecificationImpl.content(ResponseSpecificationImpl.groovy:92)
	at com.jayway.restassured.specification.ResponseSpecification$content$8.callCurrent(Unknown Source)
	at com.jayway.restassured.internal.ResponseSpecificationImpl.body(ResponseSpecificationImpl.groovy:230)
	at com.jayway.restassured.internal.ValidatableResponseOptionsImpl.body(ValidatableResponseOptionsImpl.java:258)
	at tests.TestInvoiceHeaders_NoInvoiceCreation.test_1509(TestInvoiceHeaders_NoInvoiceCreation.java:360)
	at sun.reflect.NativeMethodAccessorImpl.invoke0(Native Method)
	at sun.reflect.NativeMethodAccessorImpl.invoke(NativeMethodAccessorImpl.java:57)
	at sun.reflect.DelegatingMethodAccessorImpl.invoke(DelegatingMethodAccessorImpl.java:43)
	at java.lang.reflect.Method.invoke(Method.java:606)
	at org.testng.internal.MethodInvocationHelper.invokeMethod(MethodInvocationHelper.java:86)
	at org.testng.internal.Invoker.invokeMethod(Invoker.java:645)
	at org.testng.internal.Invoker.invokeTestMethod(Invoker.java:822)
	at org.testng.internal.Invoker.invokeTestMethods(Invoker.java:1130)
	at org.testng.internal.TestMethodWorker.invokeTestMethods(TestMethodWorker.java:129)
	at org.testng.internal.TestMethodWorker.run(TestMethodWorker.java:112)
	at java.util.concurrent.ThreadPoolExecutor.runWorker(ThreadPoolExecutor.java:1145)
	at java.util.concurrent.ThreadPoolExecutor$Worker.run(ThreadPoolExecutor.java:615)
	at java.lang.Thread.run(Thread.java:745)
</pre></div></td>
<td>7</td>
<td>tests.TestInvoiceHeaders_NoInvoiceCreation@1fdcb677</td></tr>
</table><p>
<table width='100%' border='1' class='invocation-passed'>
<tr><td colspan='4' align='center'><b>PASSED TESTS</b></td></tr>
<tr><td><b>Test method</b></td>
<td width="30%"><b>Exception</b></td>
<td width="10%"><b>Time (seconds)</b></td>
<td><b>Instance</b></td>
</tr>
<tr>
<td title='tests.TestInvoiceHeaders_NoInvoiceCreation.test_1408()'><b>test_1408</b><br>Test class: tests.TestInvoiceHeaders_NoInvoiceCreation</td>
<td></td>
<td>6</td>
<td>tests.TestInvoiceHeaders_NoInvoiceCreation@1fdcb677</td></tr>
<tr>
<td title='tests.TestInvoiceHeaders_NoInvoiceCreation.test_1411()'><b>test_1411</b><br>Test class: tests.TestInvoiceHeaders_NoInvoiceCreation</td>
<td></td>
<td>7</td>
<td>tests.TestInvoiceHeaders_NoInvoiceCreation@1fdcb677</td></tr>
<tr>
<td title='tests.TestInvoiceHeaders_NoInvoiceCreation.test_1424()'><b>test_1424</b><br>Test class: tests.TestInvoiceHeaders_NoInvoiceCreation</td>
<td></td>
<td>7</td>
<td>tests.TestInvoiceHeaders_NoInvoiceCreation@1fdcb677</td></tr>
<tr>
<td title='tests.TestInvoiceHeaders_NoInvoiceCreation.test_1432()'><b>test_1432</b><br>Test class: tests.TestInvoiceHeaders_NoInvoiceCreation</td>
<td></td>
<td>6</td>
<td>tests.TestInvoiceHeaders_NoInvoiceCreation@1fdcb677</td></tr>
<tr>
<td title='tests.TestInvoiceHeaders_NoInvoiceCreation.test_1433()'><b>test_1433</b><br>Test class: tests.TestInvoiceHeaders_NoInvoiceCreation</td>
<td></td>
<td>7</td>
<td>tests.TestInvoiceHeaders_NoInvoiceCreation@1fdcb677</td></tr>
<tr>
<td title='tests.TestInvoiceHeaders_NoInvoiceCreation.test_1446()'><b>test_1446</b><br>Test class: tests.TestInvoiceHeaders_NoInvoiceCreation</td>
<td></td>
<td>7</td>
<td>tests.TestInvoiceHeaders_NoInvoiceCreation@1fdcb677</td></tr>
<tr>
<td title='tests.TestInvoiceHeaders_NoInvoiceCreation.test_1448_1436()'><b>test_1448_1436</b><br>Test class: tests.TestInvoiceHeaders_NoInvoiceCreation</td>
<td></td>
<td>4</td>
<td>tests.TestInvoiceHeaders_NoInvoiceCreation@1fdcb677</td></tr>
<tr>
<td title='tests.TestInvoiceHeaders_NoInvoiceCreation.test_1449()'><b>test_1449</b><br>Test class: tests.TestInvoiceHeaders_NoInvoiceCreation</td>
<td></td>
<td>6</td>
<td>tests.TestInvoiceHeaders_NoInvoiceCreation@1fdcb677</td></tr>
<tr>
<td title='tests.TestInvoiceHeaders_NoInvoiceCreation.test_1456()'><b>test_1456</b><br>Test class: tests.TestInvoiceHeaders_NoInvoiceCreation</td>
<td></td>
<td>6</td>
<td>tests.TestInvoiceHeaders_NoInvoiceCreation@1fdcb677</td></tr>
<tr>
<td title='tests.TestInvoiceHeaders_NoInvoiceCreation.test_1456_2()'><b>test_1456_2</b><br>Test class: tests.TestInvoiceHeaders_NoInvoiceCreation</td>
<td></td>
<td>6</td>
<td>tests.TestInvoiceHeaders_NoInvoiceCreation@1fdcb677</td></tr>
<tr>
<td title='tests.TestInvoiceHeaders_NoInvoiceCreation.test_1456_3()'><b>test_1456_3</b><br>Test class: tests.TestInvoiceHeaders_NoInvoiceCreation</td>
<td></td>
<td>6</td>
<td>tests.TestInvoiceHeaders_NoInvoiceCreation@1fdcb677</td></tr>
<tr>
<td title='tests.TestInvoiceHeaders_NoInvoiceCreation.test_1484()'><b>test_1484</b><br>Test class: tests.TestInvoiceHeaders_NoInvoiceCreation</td>
<td></td>
<td>6</td>
<td>tests.TestInvoiceHeaders_NoInvoiceCreation@1fdcb677</td></tr>
</table><p>
</body>
</html>