<?xml version="1.0" encoding="UTF-8"?>
<!-- Generated by org.testng.reporters.JUnitXMLReporter -->
<testsuite hostname="DESKTOP-HR7OA0S" name="2.4.1.0" tests="49" failures="2" timestamp="22 Jan 2016 10:15:53 GMT" time="175.047" errors="0">
  <testcase name="@AfterGroups afterGroups" time="0.0" classname="tests.TestExtInvSupPortal">
    <failure type="java.lang.NullPointerException">
      <![CDATA[java.lang.NullPointerException
	at utils.Util.after(Util.java:20)
	at tests.TestExtInvSupPortal.afterMethod(TestExtInvSupPortal.java:53)
	at tests.TestExtInvSupPortal.afterGroups(TestExtInvSupPortal.java:43)
... Removed 28 stack frames]]>
    </failure>
  </testcase> <!-- @AfterGroups afterGroups -->
  <testcase name="@AfterGroups afterGroups" time="0.0" classname="tests.TestExtInvSupPortal">
    <failure type="java.lang.NullPointerException">
      <![CDATA[java.lang.NullPointerException
	at utils.Util.after(Util.java:20)
	at tests.TestInvoiceHeaders.afterMethod(TestInvoiceHeaders.java:58)
	at tests.TestInvoiceHeaders.afterGroups(TestInvoiceHeaders.java:35)
... Removed 28 stack frames]]>
    </failure>
  </testcase> <!-- @AfterGroups afterGroups -->
  <testcase name="@AfterGroups afterGroups" time="0.0" classname="tests.TestExtInvSupPortal">
    <failure type="java.lang.NullPointerException">
      <![CDATA[java.lang.NullPointerException
	at utils.Util.after(Util.java:20)
	at tests.TestInvoiceHeaders_NoInvoiceCreation.afterMethod(TestInvoiceHeaders_NoInvoiceCreation.java:48)
	at tests.TestInvoiceHeaders_NoInvoiceCreation.afterGroups(TestInvoiceHeaders_NoInvoiceCreation.java:38)
... Removed 28 stack frames]]>
    </failure>
  </testcase> <!-- @AfterGroups afterGroups -->
  <testcase name="testExternalInvoice" time="4.154" classname="tests.TestExtInvSupPortal"/>
  <testcase name="test_1339" time="6.006" classname="tests.TestExtInvSupPortal"/>
  <testcase name="test_1408" time="36.822" classname="tests.TestExtInvSupPortal"/>
  <testcase name="test_1442" time="0.986" classname="tests.TestExtInvSupPortal"/>
  <testcase name="test_1455" time="4.496" classname="tests.TestExtInvSupPortal"/>
  <testcase name="test_1458" time="4.717" classname="tests.TestExtInvSupPortal"/>
  <testcase name="test_1466" time="3.463" classname="tests.TestExtInvSupPortal">
    <failure type="java.lang.AssertionError" message="expected [true] but found [false]">
      <![CDATA[java.lang.AssertionError: expected [true] but found [false]
	at tests.TestExtInvSupPortal.test_1466(TestExtInvSupPortal.java:249)
... Removed 28 stack frames]]>
    </failure>
  </testcase> <!-- test_1466 -->
  <testcase name="test_1479" time="2.042" classname="tests.TestExtInvSupPortal"/>
  <testcase name="test_1483" time="3.797" classname="tests.TestExtInvSupPortal"/>
  <testcase name="test_1498" time="3.347" classname="tests.TestExtInvSupPortal"/>
  <testcase name="test_1499" time="5.657" classname="tests.TestExtInvSupPortal"/>
  <testcase name="test_1503" time="4.717" classname="tests.TestExtInvSupPortal"/>
  <testcase name="test_1506_1" time="4.346" classname="tests.TestExtInvSupPortal"/>
  <testcase name="test_1506_10" time="3.532" classname="tests.TestExtInvSupPortal"/>
  <testcase name="test_1506_11" time="3.929" classname="tests.TestExtInvSupPortal"/>
  <testcase name="test_1506_12" time="3.766" classname="tests.TestExtInvSupPortal"/>
  <testcase name="test_1506_13" time="3.735" classname="tests.TestExtInvSupPortal"/>
  <testcase name="test_1506_14" time="3.743" classname="tests.TestExtInvSupPortal"/>
  <testcase name="test_1506_2" time="4.973" classname="tests.TestExtInvSupPortal">
    <failure type="java.lang.AssertionError" message="expected [true] but found [false]">
      <![CDATA[java.lang.AssertionError: expected [true] but found [false]
	at tests.TestExtInvSupPortal.checkFileExtension(TestExtInvSupPortal.java:496)
	at tests.TestExtInvSupPortal.test_1506_2(TestExtInvSupPortal.java:530)
... Removed 28 stack frames]]>
    </failure>
  </testcase> <!-- test_1506_2 -->
  <testcase name="test_1506_3" time="5.826" classname="tests.TestExtInvSupPortal"/>
  <testcase name="test_1506_4" time="4.829" classname="tests.TestExtInvSupPortal"/>
  <testcase name="test_1506_5" time="4.561" classname="tests.TestExtInvSupPortal"/>
  <testcase name="test_1506_6" time="3.954" classname="tests.TestExtInvSupPortal"/>
  <testcase name="test_1506_7" time="4.356" classname="tests.TestExtInvSupPortal"/>
  <testcase name="test_1506_8" time="4.079" classname="tests.TestExtInvSupPortal"/>
  <testcase name="test_1506_9" time="4.117" classname="tests.TestExtInvSupPortal"/>
  <testcase name="test_1549" time="4.658" classname="tests.TestExtInvSupPortal"/>
  <testcase name="test_1411" time="0.507" classname="tests.TestInvoiceHeaders_NoInvoiceCreation"/>
  <testcase name="test_1424" time="0.344" classname="tests.TestInvoiceHeaders_NoInvoiceCreation"/>
  <testcase name="test_1432" time="0.467" classname="tests.TestInvoiceHeaders_NoInvoiceCreation"/>
  <testcase name="test_1433" time="0.255" classname="tests.TestInvoiceHeaders_NoInvoiceCreation"/>
  <testcase name="test_1446" time="0.236" classname="tests.TestInvoiceHeaders_NoInvoiceCreation"/>
  <testcase name="test_1448_1436" time="1.098" classname="tests.TestInvoiceHeaders_NoInvoiceCreation"/>
  <testcase name="test_1449" time="0.487" classname="tests.TestInvoiceHeaders_NoInvoiceCreation"/>
  <testcase name="test_1456" time="0.485" classname="tests.TestInvoiceHeaders_NoInvoiceCreation"/>
  <testcase name="test_1456_2" time="0.448" classname="tests.TestInvoiceHeaders_NoInvoiceCreation"/>
  <testcase name="test_1456_3" time="0.509" classname="tests.TestInvoiceHeaders_NoInvoiceCreation"/>
  <testcase name="test_1484" time="0.46" classname="tests.TestInvoiceHeaders_NoInvoiceCreation"/>
  <testcase name="test_1489" time="3.919" classname="tests.TestInvoiceHeaders_NoInvoiceCreation"/>
  <testcase name="test_1509" time="0.19" classname="tests.TestInvoiceHeaders_NoInvoiceCreation">
    <skipped/>
  </testcase> <!-- test_1509 -->
  <testcase name="testInvoiceHeaders" time="0.222" classname="tests.TestInvoiceHeaders"/>
  <testcase name="test_1368" time="0.211" classname="tests.TestInvoiceHeaders"/>
  <testcase name="test_1413_1427" time="0.223" classname="tests.TestInvoiceHeaders"/>
  <testcase name="test_1432" time="0.25" classname="tests.TestInvoiceHeaders"/>
  <testcase name="test_1463" time="4.663" classname="tests.TestRetrieveInvoiceInfo"/>
  <testcase name="test_1467" time="4.084" classname="tests.TestRetrieveInvoiceInfo"/>
  <testcase name="test_1485" time="4.142" classname="tests.TestRetrieveInvoiceInfo"/>
  <testcase name="test_1492" time="0.001" classname="tests.TestRetrieveInvoiceInfo">
    <skipped/>
  </testcase> <!-- test_1492 -->
  <testcase name="checkRetrieveMeasurementsUnits" time="0.321" classname="tests.TestRetrieveMeasurementsUnits"/>
</testsuite> <!-- 2.4.1.0 -->
