<html>
<head>
<title>TestNG:  2.4.1.0 chunk1</title>
<link href="../testng.css" rel="stylesheet" type="text/css" />
<link href="../my-testng.css" rel="stylesheet" type="text/css" />

<style type="text/css">
.log { display: none;} 
.stack-trace { display: none;} 
</style>
<script type="text/javascript">
<!--
function flip(e) {
  current = e.style.display;
  if (current == 'block') {
    e.style.display = 'none';
    return 0;
  }
  else {
    e.style.display = 'block';
    return 1;
  }
}

function toggleBox(szDivId, elem, msg1, msg2)
{
  var res = -1;  if (document.getElementById) {
    res = flip(document.getElementById(szDivId));
  }
  else if (document.all) {
    // this is the way old msie versions work
    res = flip(document.all[szDivId]);
  }
  if(elem) {
    if(res == 0) elem.innerHTML = msg1; else elem.innerHTML = msg2;
  }

}

function toggleAllBoxes() {
  if (document.getElementsByTagName) {
    d = document.getElementsByTagName('div');
    for (i = 0; i < d.length; i++) {
      if (d[i].className == 'log') {
        flip(d[i]);
      }
    }
  }
}

// -->
</script>

</head>
<body>
<h2 align='center'>2.4.1.0 chunk1</h2><table border='1' align="center">
<tr>
<td>Tests passed/Failed/Skipped:</td><td>1/19/0</td>
</tr><tr>
<td>Started on:</td><td>Fri Feb 05 18:11:44 EET 2016</td>
</tr>
<tr><td>Total time:</td><td>18 seconds (18018 ms)</td>
</tr><tr>
<td>Included groups:</td><td>2.4.1.0 </td>
</tr><tr>
<td>Excluded groups:</td><td></td>
</tr>
</table><p/>
<small><i>(Hover the method name to see the test class name)</i></small><p/>
<table width='100%' border='1' class='invocation-failed'>
<tr><td colspan='4' align='center'><b>FAILED TESTS</b></td></tr>
<tr><td><b>Test method</b></td>
<td width="30%"><b>Exception</b></td>
<td width="10%"><b>Time (seconds)</b></td>
<td><b>Instance</b></td>
</tr>
<tr>
<td title='tests.TestExtInvSupPortal.test_1339()'><b>test_1339</b><br>Test class: tests.TestExtInvSupPortal</td>
<td><div><pre>java.lang.AssertionError: &lt;env:Envelope xmlns:env=&quot;http://schemas.xmlsoap.org/soap/envelope/&quot; xmlns:wsa=&quot;http://www.w3.org/2005/08/addressing&quot;&gt;&lt;env:Header&gt;&lt;wsa:MessageID&gt;urn:2CC7A030CC2311E5BFF3834814C4341D&lt;/wsa:MessageID&gt;&lt;wsa:ReplyTo&gt;&lt;wsa:Address&gt;http://www.w3.org/2005/08/addressing/anonymous&lt;/wsa:Address&gt;&lt;wsa:ReferenceParameters&gt;&lt;instra:tracking.compositeInstanceCreatedTime xmlns:instra=&quot;http://xmlns.oracle.com/sca/tracking/1.0&quot;&gt;2016-02-05T16:11:44.396Z&lt;/instra:tracking.compositeInstanceCreatedTime&gt;&lt;/wsa:ReferenceParameters&gt;&lt;/wsa:ReplyTo&gt;&lt;wsa:FaultTo&gt;&lt;wsa:Address&gt;http://www.w3.org/2005/08/addressing/anonymous&lt;/wsa:Address&gt;&lt;wsa:ReferenceParameters&gt;&lt;instra:tracking.compositeInstanceCreatedTime xmlns:instra=&quot;http://xmlns.oracle.com/sca/tracking/1.0&quot;&gt;2016-02-05T16:11:44.396Z&lt;/instra:tracking.compositeInstanceCreatedTime&gt;&lt;/wsa:ReferenceParameters&gt;&lt;/wsa:FaultTo&gt;&lt;/env:Header&gt;&lt;env:Body&gt;&lt;startResponse xmlns=&quot;http://xmlns.oracle.com/bpmn/bpmnProcess/SupplierPortalApprovalProcess&quot;&gt;&lt;ExternalInvoiceResponse xmlns=&quot;http://xmlns.oracle.com/bpm/bpmobject/PrePopInvoice/ExternalInvoiceResponse&quot;&gt;&lt;code&gt;ERROR_INPUT_015&lt;/code&gt;&lt;responseMessage&gt;Invalid Unit Code. Reason: [Provided unit code [TRD] is not found! The Valid Unit Codes are: []]&lt;/responseMessage&gt;&lt;/ExternalInvoiceResponse&gt;&lt;/startResponse&gt;&lt;/env:Body&gt;&lt;/env:Envelope&gt; expected [true] but found [false]
	at tests.TestExtInvSupPortal.test_1339(TestExtInvSupPortal.java:125)
	at java.util.concurrent.ThreadPoolExecutor.runWorker(ThreadPoolExecutor.java:1145)
	at java.util.concurrent.ThreadPoolExecutor$Worker.run(ThreadPoolExecutor.java:615)
	at java.lang.Thread.run(Thread.java:745)
... Removed 13 stack frames</pre></div><a href='#' onClick='toggleBox("stack-trace1013572650", this, "Click to show all stack frames", "Click to hide stack frames")'>Click to show all stack frames</a>
<div class='stack-trace' id='stack-trace1013572650'><pre>java.lang.AssertionError: &lt;env:Envelope xmlns:env=&quot;http://schemas.xmlsoap.org/soap/envelope/&quot; xmlns:wsa=&quot;http://www.w3.org/2005/08/addressing&quot;&gt;&lt;env:Header&gt;&lt;wsa:MessageID&gt;urn:2CC7A030CC2311E5BFF3834814C4341D&lt;/wsa:MessageID&gt;&lt;wsa:ReplyTo&gt;&lt;wsa:Address&gt;http://www.w3.org/2005/08/addressing/anonymous&lt;/wsa:Address&gt;&lt;wsa:ReferenceParameters&gt;&lt;instra:tracking.compositeInstanceCreatedTime xmlns:instra=&quot;http://xmlns.oracle.com/sca/tracking/1.0&quot;&gt;2016-02-05T16:11:44.396Z&lt;/instra:tracking.compositeInstanceCreatedTime&gt;&lt;/wsa:ReferenceParameters&gt;&lt;/wsa:ReplyTo&gt;&lt;wsa:FaultTo&gt;&lt;wsa:Address&gt;http://www.w3.org/2005/08/addressing/anonymous&lt;/wsa:Address&gt;&lt;wsa:ReferenceParameters&gt;&lt;instra:tracking.compositeInstanceCreatedTime xmlns:instra=&quot;http://xmlns.oracle.com/sca/tracking/1.0&quot;&gt;2016-02-05T16:11:44.396Z&lt;/instra:tracking.compositeInstanceCreatedTime&gt;&lt;/wsa:ReferenceParameters&gt;&lt;/wsa:FaultTo&gt;&lt;/env:Header&gt;&lt;env:Body&gt;&lt;startResponse xmlns=&quot;http://xmlns.oracle.com/bpmn/bpmnProcess/SupplierPortalApprovalProcess&quot;&gt;&lt;ExternalInvoiceResponse xmlns=&quot;http://xmlns.oracle.com/bpm/bpmobject/PrePopInvoice/ExternalInvoiceResponse&quot;&gt;&lt;code&gt;ERROR_INPUT_015&lt;/code&gt;&lt;responseMessage&gt;Invalid Unit Code. Reason: [Provided unit code [TRD] is not found! The Valid Unit Codes are: []]&lt;/responseMessage&gt;&lt;/ExternalInvoiceResponse&gt;&lt;/startResponse&gt;&lt;/env:Body&gt;&lt;/env:Envelope&gt; expected [true] but found [false]
	at org.testng.Assert.fail(Assert.java:94)
	at org.testng.Assert.failNotEquals(Assert.java:513)
	at org.testng.Assert.assertTrue(Assert.java:42)
	at tests.TestExtInvSupPortal.test_1339(TestExtInvSupPortal.java:125)
	at sun.reflect.NativeMethodAccessorImpl.invoke0(Native Method)
	at sun.reflect.NativeMethodAccessorImpl.invoke(NativeMethodAccessorImpl.java:57)
	at sun.reflect.DelegatingMethodAccessorImpl.invoke(DelegatingMethodAccessorImpl.java:43)
	at java.lang.reflect.Method.invoke(Method.java:606)
	at org.testng.internal.MethodInvocationHelper.invokeMethod(MethodInvocationHelper.java:86)
	at org.testng.internal.Invoker.invokeMethod(Invoker.java:645)
	at org.testng.internal.Invoker.invokeTestMethod(Invoker.java:822)
	at org.testng.internal.Invoker.invokeTestMethods(Invoker.java:1130)
	at org.testng.internal.TestMethodWorker.invokeTestMethods(TestMethodWorker.java:129)
	at org.testng.internal.TestMethodWorker.run(TestMethodWorker.java:112)
	at java.util.concurrent.ThreadPoolExecutor.runWorker(ThreadPoolExecutor.java:1145)
	at java.util.concurrent.ThreadPoolExecutor$Worker.run(ThreadPoolExecutor.java:615)
	at java.lang.Thread.run(Thread.java:745)
</pre></div></td>
<td>12</td>
<td>tests.TestExtInvSupPortal@782be20e</td></tr>
<tr>
<td title='tests.TestExtInvSupPortal.test_1455()'><b>test_1455</b><br>Test class: tests.TestExtInvSupPortal</td>
<td><div><pre>java.lang.AssertionError: &lt;env:Envelope xmlns:env=&quot;http://schemas.xmlsoap.org/soap/envelope/&quot; xmlns:wsa=&quot;http://www.w3.org/2005/08/addressing&quot;&gt;&lt;env:Header&gt;&lt;wsa:MessageID&gt;urn:2CD757A0CC2311E5BFF3834814C4341D&lt;/wsa:MessageID&gt;&lt;wsa:ReplyTo&gt;&lt;wsa:Address&gt;http://www.w3.org/2005/08/addressing/anonymous&lt;/wsa:Address&gt;&lt;wsa:ReferenceParameters&gt;&lt;instra:tracking.compositeInstanceCreatedTime xmlns:instra=&quot;http://xmlns.oracle.com/sca/tracking/1.0&quot;&gt;2016-02-05T16:11:44.382Z&lt;/instra:tracking.compositeInstanceCreatedTime&gt;&lt;/wsa:ReferenceParameters&gt;&lt;/wsa:ReplyTo&gt;&lt;wsa:FaultTo&gt;&lt;wsa:Address&gt;http://www.w3.org/2005/08/addressing/anonymous&lt;/wsa:Address&gt;&lt;wsa:ReferenceParameters&gt;&lt;instra:tracking.compositeInstanceCreatedTime xmlns:instra=&quot;http://xmlns.oracle.com/sca/tracking/1.0&quot;&gt;2016-02-05T16:11:44.382Z&lt;/instra:tracking.compositeInstanceCreatedTime&gt;&lt;/wsa:ReferenceParameters&gt;&lt;/wsa:FaultTo&gt;&lt;/env:Header&gt;&lt;env:Body&gt;&lt;startResponse xmlns=&quot;http://xmlns.oracle.com/bpmn/bpmnProcess/SupplierPortalApprovalProcess&quot;&gt;&lt;ExternalInvoiceResponse xmlns=&quot;http://xmlns.oracle.com/bpm/bpmobject/PrePopInvoice/ExternalInvoiceResponse&quot;&gt;&lt;code&gt;ERROR_INPUT_015&lt;/code&gt;&lt;responseMessage&gt;Invalid Unit Code. Reason: [Provided unit code [TRD] is not found! The Valid Unit Codes are: []]&lt;/responseMessage&gt;&lt;/ExternalInvoiceResponse&gt;&lt;/startResponse&gt;&lt;/env:Body&gt;&lt;/env:Envelope&gt; expected [true] but found [false]
	at tests.TestExtInvSupPortal.test_1455(TestExtInvSupPortal.java:188)
	at java.util.concurrent.ThreadPoolExecutor.runWorker(ThreadPoolExecutor.java:1145)
	at java.util.concurrent.ThreadPoolExecutor$Worker.run(ThreadPoolExecutor.java:615)
	at java.lang.Thread.run(Thread.java:745)
... Removed 13 stack frames</pre></div><a href='#' onClick='toggleBox("stack-trace81648462", this, "Click to show all stack frames", "Click to hide stack frames")'>Click to show all stack frames</a>
<div class='stack-trace' id='stack-trace81648462'><pre>java.lang.AssertionError: &lt;env:Envelope xmlns:env=&quot;http://schemas.xmlsoap.org/soap/envelope/&quot; xmlns:wsa=&quot;http://www.w3.org/2005/08/addressing&quot;&gt;&lt;env:Header&gt;&lt;wsa:MessageID&gt;urn:2CD757A0CC2311E5BFF3834814C4341D&lt;/wsa:MessageID&gt;&lt;wsa:ReplyTo&gt;&lt;wsa:Address&gt;http://www.w3.org/2005/08/addressing/anonymous&lt;/wsa:Address&gt;&lt;wsa:ReferenceParameters&gt;&lt;instra:tracking.compositeInstanceCreatedTime xmlns:instra=&quot;http://xmlns.oracle.com/sca/tracking/1.0&quot;&gt;2016-02-05T16:11:44.382Z&lt;/instra:tracking.compositeInstanceCreatedTime&gt;&lt;/wsa:ReferenceParameters&gt;&lt;/wsa:ReplyTo&gt;&lt;wsa:FaultTo&gt;&lt;wsa:Address&gt;http://www.w3.org/2005/08/addressing/anonymous&lt;/wsa:Address&gt;&lt;wsa:ReferenceParameters&gt;&lt;instra:tracking.compositeInstanceCreatedTime xmlns:instra=&quot;http://xmlns.oracle.com/sca/tracking/1.0&quot;&gt;2016-02-05T16:11:44.382Z&lt;/instra:tracking.compositeInstanceCreatedTime&gt;&lt;/wsa:ReferenceParameters&gt;&lt;/wsa:FaultTo&gt;&lt;/env:Header&gt;&lt;env:Body&gt;&lt;startResponse xmlns=&quot;http://xmlns.oracle.com/bpmn/bpmnProcess/SupplierPortalApprovalProcess&quot;&gt;&lt;ExternalInvoiceResponse xmlns=&quot;http://xmlns.oracle.com/bpm/bpmobject/PrePopInvoice/ExternalInvoiceResponse&quot;&gt;&lt;code&gt;ERROR_INPUT_015&lt;/code&gt;&lt;responseMessage&gt;Invalid Unit Code. Reason: [Provided unit code [TRD] is not found! The Valid Unit Codes are: []]&lt;/responseMessage&gt;&lt;/ExternalInvoiceResponse&gt;&lt;/startResponse&gt;&lt;/env:Body&gt;&lt;/env:Envelope&gt; expected [true] but found [false]
	at org.testng.Assert.fail(Assert.java:94)
	at org.testng.Assert.failNotEquals(Assert.java:513)
	at org.testng.Assert.assertTrue(Assert.java:42)
	at tests.TestExtInvSupPortal.test_1455(TestExtInvSupPortal.java:188)
	at sun.reflect.NativeMethodAccessorImpl.invoke0(Native Method)
	at sun.reflect.NativeMethodAccessorImpl.invoke(NativeMethodAccessorImpl.java:57)
	at sun.reflect.DelegatingMethodAccessorImpl.invoke(DelegatingMethodAccessorImpl.java:43)
	at java.lang.reflect.Method.invoke(Method.java:606)
	at org.testng.internal.MethodInvocationHelper.invokeMethod(MethodInvocationHelper.java:86)
	at org.testng.internal.Invoker.invokeMethod(Invoker.java:645)
	at org.testng.internal.Invoker.invokeTestMethod(Invoker.java:822)
	at org.testng.internal.Invoker.invokeTestMethods(Invoker.java:1130)
	at org.testng.internal.TestMethodWorker.invokeTestMethods(TestMethodWorker.java:129)
	at org.testng.internal.TestMethodWorker.run(TestMethodWorker.java:112)
	at java.util.concurrent.ThreadPoolExecutor.runWorker(ThreadPoolExecutor.java:1145)
	at java.util.concurrent.ThreadPoolExecutor$Worker.run(ThreadPoolExecutor.java:615)
	at java.lang.Thread.run(Thread.java:745)
</pre></div></td>
<td>12</td>
<td>tests.TestExtInvSupPortal@782be20e</td></tr>
<tr>
<td title='tests.TestExtInvSupPortal.test_1458()'><b>test_1458</b><br>Test class: tests.TestExtInvSupPortal</td>
<td><div><pre>java.lang.AssertionError: &lt;env:Envelope xmlns:env=&quot;http://schemas.xmlsoap.org/soap/envelope/&quot; xmlns:wsa=&quot;http://www.w3.org/2005/08/addressing&quot;&gt;&lt;env:Header&gt;&lt;wsa:MessageID&gt;urn:2CB15910CC2311E5BFF3834814C4341D&lt;/wsa:MessageID&gt;&lt;wsa:ReplyTo&gt;&lt;wsa:Address&gt;http://www.w3.org/2005/08/addressing/anonymous&lt;/wsa:Address&gt;&lt;wsa:ReferenceParameters&gt;&lt;instra:tracking.compositeInstanceCreatedTime xmlns:instra=&quot;http://xmlns.oracle.com/sca/tracking/1.0&quot;&gt;2016-02-05T16:11:44.385Z&lt;/instra:tracking.compositeInstanceCreatedTime&gt;&lt;/wsa:ReferenceParameters&gt;&lt;/wsa:ReplyTo&gt;&lt;wsa:FaultTo&gt;&lt;wsa:Address&gt;http://www.w3.org/2005/08/addressing/anonymous&lt;/wsa:Address&gt;&lt;wsa:ReferenceParameters&gt;&lt;instra:tracking.compositeInstanceCreatedTime xmlns:instra=&quot;http://xmlns.oracle.com/sca/tracking/1.0&quot;&gt;2016-02-05T16:11:44.385Z&lt;/instra:tracking.compositeInstanceCreatedTime&gt;&lt;/wsa:ReferenceParameters&gt;&lt;/wsa:FaultTo&gt;&lt;/env:Header&gt;&lt;env:Body&gt;&lt;startResponse xmlns=&quot;http://xmlns.oracle.com/bpmn/bpmnProcess/SupplierPortalApprovalProcess&quot;&gt;&lt;ExternalInvoiceResponse xmlns=&quot;http://xmlns.oracle.com/bpm/bpmobject/PrePopInvoice/ExternalInvoiceResponse&quot;&gt;&lt;code&gt;ERROR_INPUT_015&lt;/code&gt;&lt;responseMessage&gt;Invalid Unit Code. Reason: [Provided unit code [TRD] is not found! The Valid Unit Codes are: []]&lt;/responseMessage&gt;&lt;/ExternalInvoiceResponse&gt;&lt;/startResponse&gt;&lt;/env:Body&gt;&lt;/env:Envelope&gt; expected [true] but found [false]
	at tests.TestExtInvSupPortal.test_1458(TestExtInvSupPortal.java:216)
	at java.util.concurrent.ThreadPoolExecutor.runWorker(ThreadPoolExecutor.java:1145)
	at java.util.concurrent.ThreadPoolExecutor$Worker.run(ThreadPoolExecutor.java:615)
	at java.lang.Thread.run(Thread.java:745)
... Removed 13 stack frames</pre></div><a href='#' onClick='toggleBox("stack-trace547817971", this, "Click to show all stack frames", "Click to hide stack frames")'>Click to show all stack frames</a>
<div class='stack-trace' id='stack-trace547817971'><pre>java.lang.AssertionError: &lt;env:Envelope xmlns:env=&quot;http://schemas.xmlsoap.org/soap/envelope/&quot; xmlns:wsa=&quot;http://www.w3.org/2005/08/addressing&quot;&gt;&lt;env:Header&gt;&lt;wsa:MessageID&gt;urn:2CB15910CC2311E5BFF3834814C4341D&lt;/wsa:MessageID&gt;&lt;wsa:ReplyTo&gt;&lt;wsa:Address&gt;http://www.w3.org/2005/08/addressing/anonymous&lt;/wsa:Address&gt;&lt;wsa:ReferenceParameters&gt;&lt;instra:tracking.compositeInstanceCreatedTime xmlns:instra=&quot;http://xmlns.oracle.com/sca/tracking/1.0&quot;&gt;2016-02-05T16:11:44.385Z&lt;/instra:tracking.compositeInstanceCreatedTime&gt;&lt;/wsa:ReferenceParameters&gt;&lt;/wsa:ReplyTo&gt;&lt;wsa:FaultTo&gt;&lt;wsa:Address&gt;http://www.w3.org/2005/08/addressing/anonymous&lt;/wsa:Address&gt;&lt;wsa:ReferenceParameters&gt;&lt;instra:tracking.compositeInstanceCreatedTime xmlns:instra=&quot;http://xmlns.oracle.com/sca/tracking/1.0&quot;&gt;2016-02-05T16:11:44.385Z&lt;/instra:tracking.compositeInstanceCreatedTime&gt;&lt;/wsa:ReferenceParameters&gt;&lt;/wsa:FaultTo&gt;&lt;/env:Header&gt;&lt;env:Body&gt;&lt;startResponse xmlns=&quot;http://xmlns.oracle.com/bpmn/bpmnProcess/SupplierPortalApprovalProcess&quot;&gt;&lt;ExternalInvoiceResponse xmlns=&quot;http://xmlns.oracle.com/bpm/bpmobject/PrePopInvoice/ExternalInvoiceResponse&quot;&gt;&lt;code&gt;ERROR_INPUT_015&lt;/code&gt;&lt;responseMessage&gt;Invalid Unit Code. Reason: [Provided unit code [TRD] is not found! The Valid Unit Codes are: []]&lt;/responseMessage&gt;&lt;/ExternalInvoiceResponse&gt;&lt;/startResponse&gt;&lt;/env:Body&gt;&lt;/env:Envelope&gt; expected [true] but found [false]
	at org.testng.Assert.fail(Assert.java:94)
	at org.testng.Assert.failNotEquals(Assert.java:513)
	at org.testng.Assert.assertTrue(Assert.java:42)
	at tests.TestExtInvSupPortal.test_1458(TestExtInvSupPortal.java:216)
	at sun.reflect.NativeMethodAccessorImpl.invoke0(Native Method)
	at sun.reflect.NativeMethodAccessorImpl.invoke(NativeMethodAccessorImpl.java:57)
	at sun.reflect.DelegatingMethodAccessorImpl.invoke(DelegatingMethodAccessorImpl.java:43)
	at java.lang.reflect.Method.invoke(Method.java:606)
	at org.testng.internal.MethodInvocationHelper.invokeMethod(MethodInvocationHelper.java:86)
	at org.testng.internal.Invoker.invokeMethod(Invoker.java:645)
	at org.testng.internal.Invoker.invokeTestMethod(Invoker.java:822)
	at org.testng.internal.Invoker.invokeTestMethods(Invoker.java:1130)
	at org.testng.internal.TestMethodWorker.invokeTestMethods(TestMethodWorker.java:129)
	at org.testng.internal.TestMethodWorker.run(TestMethodWorker.java:112)
	at java.util.concurrent.ThreadPoolExecutor.runWorker(ThreadPoolExecutor.java:1145)
	at java.util.concurrent.ThreadPoolExecutor$Worker.run(ThreadPoolExecutor.java:615)
	at java.lang.Thread.run(Thread.java:745)
</pre></div></td>
<td>12</td>
<td>tests.TestExtInvSupPortal@782be20e</td></tr>
<tr>
<td title='tests.TestExtInvSupPortal.test_1466_1532()'><b>test_1466_1532</b><br>Test class: tests.TestExtInvSupPortal</td>
<td><div><pre>java.lang.AssertionError: 1 expectation failed.
Expected: an XML document with XPath //responseMessage a string containing &quot;Success&quot;
  Actual: &lt;env:Envelope xmlns:env=&quot;http://schemas.xmlsoap.org/soap/envelope/&quot; xmlns:wsa=&quot;http://www.w3.org/2005/08/addressing&quot;&gt;&lt;env:Header&gt;&lt;wsa:MessageID&gt;urn:2CC926D0CC2311E5BFF3834814C4341D&lt;/wsa:MessageID&gt;&lt;wsa:ReplyTo&gt;&lt;wsa:Address&gt;http://www.w3.org/2005/08/addressing/anonymous&lt;/wsa:Address&gt;&lt;wsa:ReferenceParameters&gt;&lt;instra:tracking.compositeInstanceCreatedTime xmlns:instra=&quot;http://xmlns.oracle.com/sca/tracking/1.0&quot;&gt;2016-02-05T16:11:44.395Z&lt;/instra:tracking.compositeInstanceCreatedTime&gt;&lt;/wsa:ReferenceParameters&gt;&lt;/wsa:ReplyTo&gt;&lt;wsa:FaultTo&gt;&lt;wsa:Address&gt;http://www.w3.org/2005/08/addressing/anonymous&lt;/wsa:Address&gt;&lt;wsa:ReferenceParameters&gt;&lt;instra:tracking.compositeInstanceCreatedTime xmlns:instra=&quot;http://xmlns.oracle.com/sca/tracking/1.0&quot;&gt;2016-02-05T16:11:44.395Z&lt;/instra:tracking.compositeInstanceCreatedTime&gt;&lt;/wsa:ReferenceParameters&gt;&lt;/wsa:FaultTo&gt;&lt;/env:Header&gt;&lt;env:Body&gt;&lt;startResponse xmlns=&quot;http://xmlns.oracle.com/bpmn/bpmnProcess/SupplierPortalApprovalProcess&quot;&gt;&lt;ExternalInvoiceResponse xmlns=&quot;http://xmlns.oracle.com/bpm/bpmobject/PrePopInvoice/ExternalInvoiceResponse&quot;&gt;&lt;code&gt;ERROR_INPUT_015&lt;/code&gt;&lt;responseMessage&gt;Invalid Unit Code. Reason: [Provided unit code [TRD] is not found! The Valid Unit Codes are: []]&lt;/responseMessage&gt;&lt;/ExternalInvoiceResponse&gt;&lt;/startResponse&gt;&lt;/env:Body&gt;&lt;/env:Envelope&gt;

	at org.codehaus.groovy.runtime.callsite.ConstructorSite$ConstructorSiteNoUnwrap.callConstructor(ConstructorSite.java:84)
	at org.codehaus.groovy.runtime.callsite.CallSiteArray.defaultCallConstructor(CallSiteArray.java:60)
	at org.codehaus.groovy.runtime.callsite.AbstractCallSite.callConstructor(AbstractCallSite.java:235)
	at org.codehaus.groovy.runtime.callsite.AbstractCallSite.callConstructor(AbstractCallSite.java:247)
	at com.jayway.restassured.internal.ResponseSpecificationImpl$HamcrestAssertionClosure.validate(ResponseSpecificationImpl.groovy:598)
	at com.jayway.restassured.internal.ResponseSpecificationImpl$HamcrestAssertionClosure$validate$4.call(Unknown Source)
	at com.jayway.restassured.internal.ResponseSpecificationImpl.validateResponseIfRequired(ResponseSpecificationImpl.groovy:760)
	at org.codehaus.groovy.runtime.callsite.PogoMetaMethodSite$PogoCachedMethodSiteNoUnwrapNoCoerce.invoke(PogoMetaMethodSite.java:210)
	at org.codehaus.groovy.runtime.callsite.PogoMetaMethodSite.callCurrent(PogoMetaMethodSite.java:59)
	at org.codehaus.groovy.runtime.callsite.AbstractCallSite.callCurrent(AbstractCallSite.java:166)
	at com.jayway.restassured.internal.ResponseSpecificationImpl.content(ResponseSpecificationImpl.groovy:92)
	at com.jayway.restassured.specification.ResponseSpecification$content$8.callCurrent(Unknown Source)
	at com.jayway.restassured.internal.ResponseSpecificationImpl.body(ResponseSpecificationImpl.groovy:230)
	at com.jayway.restassured.internal.ValidatableResponseOptionsImpl.body(ValidatableResponseOptionsImpl.java:258)
	at tests.TestExtInvSupPortal.test_1466_1532(TestExtInvSupPortal.java:247)
	at java.util.concurrent.ThreadPoolExecutor.runWorker(ThreadPoolExecutor.java:1145)
	at java.util.concurrent.ThreadPoolExecutor$Worker.run(ThreadPoolExecutor.java:615)
	at java.lang.Thread.run(Thread.java:745)
... Removed 20 stack frames</pre></div><a href='#' onClick='toggleBox("stack-trace1694223533", this, "Click to show all stack frames", "Click to hide stack frames")'>Click to show all stack frames</a>
<div class='stack-trace' id='stack-trace1694223533'><pre>java.lang.AssertionError: 1 expectation failed.
Expected: an XML document with XPath //responseMessage a string containing &quot;Success&quot;
  Actual: &lt;env:Envelope xmlns:env=&quot;http://schemas.xmlsoap.org/soap/envelope/&quot; xmlns:wsa=&quot;http://www.w3.org/2005/08/addressing&quot;&gt;&lt;env:Header&gt;&lt;wsa:MessageID&gt;urn:2CC926D0CC2311E5BFF3834814C4341D&lt;/wsa:MessageID&gt;&lt;wsa:ReplyTo&gt;&lt;wsa:Address&gt;http://www.w3.org/2005/08/addressing/anonymous&lt;/wsa:Address&gt;&lt;wsa:ReferenceParameters&gt;&lt;instra:tracking.compositeInstanceCreatedTime xmlns:instra=&quot;http://xmlns.oracle.com/sca/tracking/1.0&quot;&gt;2016-02-05T16:11:44.395Z&lt;/instra:tracking.compositeInstanceCreatedTime&gt;&lt;/wsa:ReferenceParameters&gt;&lt;/wsa:ReplyTo&gt;&lt;wsa:FaultTo&gt;&lt;wsa:Address&gt;http://www.w3.org/2005/08/addressing/anonymous&lt;/wsa:Address&gt;&lt;wsa:ReferenceParameters&gt;&lt;instra:tracking.compositeInstanceCreatedTime xmlns:instra=&quot;http://xmlns.oracle.com/sca/tracking/1.0&quot;&gt;2016-02-05T16:11:44.395Z&lt;/instra:tracking.compositeInstanceCreatedTime&gt;&lt;/wsa:ReferenceParameters&gt;&lt;/wsa:FaultTo&gt;&lt;/env:Header&gt;&lt;env:Body&gt;&lt;startResponse xmlns=&quot;http://xmlns.oracle.com/bpmn/bpmnProcess/SupplierPortalApprovalProcess&quot;&gt;&lt;ExternalInvoiceResponse xmlns=&quot;http://xmlns.oracle.com/bpm/bpmobject/PrePopInvoice/ExternalInvoiceResponse&quot;&gt;&lt;code&gt;ERROR_INPUT_015&lt;/code&gt;&lt;responseMessage&gt;Invalid Unit Code. Reason: [Provided unit code [TRD] is not found! The Valid Unit Codes are: []]&lt;/responseMessage&gt;&lt;/ExternalInvoiceResponse&gt;&lt;/startResponse&gt;&lt;/env:Body&gt;&lt;/env:Envelope&gt;

	at sun.reflect.NativeConstructorAccessorImpl.newInstance0(Native Method)
	at sun.reflect.NativeConstructorAccessorImpl.newInstance(NativeConstructorAccessorImpl.java:57)
	at sun.reflect.DelegatingConstructorAccessorImpl.newInstance(DelegatingConstructorAccessorImpl.java:45)
	at java.lang.reflect.Constructor.newInstance(Constructor.java:526)
	at org.codehaus.groovy.reflection.CachedConstructor.invoke(CachedConstructor.java:80)
	at org.codehaus.groovy.reflection.CachedConstructor.doConstructorInvoke(CachedConstructor.java:74)
	at org.codehaus.groovy.runtime.callsite.ConstructorSite$ConstructorSiteNoUnwrap.callConstructor(ConstructorSite.java:84)
	at org.codehaus.groovy.runtime.callsite.CallSiteArray.defaultCallConstructor(CallSiteArray.java:60)
	at org.codehaus.groovy.runtime.callsite.AbstractCallSite.callConstructor(AbstractCallSite.java:235)
	at org.codehaus.groovy.runtime.callsite.AbstractCallSite.callConstructor(AbstractCallSite.java:247)
	at com.jayway.restassured.internal.ResponseSpecificationImpl$HamcrestAssertionClosure.validate(ResponseSpecificationImpl.groovy:598)
	at com.jayway.restassured.internal.ResponseSpecificationImpl$HamcrestAssertionClosure$validate$4.call(Unknown Source)
	at com.jayway.restassured.internal.ResponseSpecificationImpl.validateResponseIfRequired(ResponseSpecificationImpl.groovy:760)
	at sun.reflect.NativeMethodAccessorImpl.invoke0(Native Method)
	at sun.reflect.NativeMethodAccessorImpl.invoke(NativeMethodAccessorImpl.java:57)
	at sun.reflect.DelegatingMethodAccessorImpl.invoke(DelegatingMethodAccessorImpl.java:43)
	at java.lang.reflect.Method.invoke(Method.java:606)
	at org.codehaus.groovy.runtime.callsite.PogoMetaMethodSite$PogoCachedMethodSiteNoUnwrapNoCoerce.invoke(PogoMetaMethodSite.java:210)
	at org.codehaus.groovy.runtime.callsite.PogoMetaMethodSite.callCurrent(PogoMetaMethodSite.java:59)
	at org.codehaus.groovy.runtime.callsite.AbstractCallSite.callCurrent(AbstractCallSite.java:166)
	at com.jayway.restassured.internal.ResponseSpecificationImpl.content(ResponseSpecificationImpl.groovy:92)
	at com.jayway.restassured.specification.ResponseSpecification$content$8.callCurrent(Unknown Source)
	at com.jayway.restassured.internal.ResponseSpecificationImpl.body(ResponseSpecificationImpl.groovy:230)
	at com.jayway.restassured.internal.ValidatableResponseOptionsImpl.body(ValidatableResponseOptionsImpl.java:258)
	at tests.TestExtInvSupPortal.test_1466_1532(TestExtInvSupPortal.java:247)
	at sun.reflect.NativeMethodAccessorImpl.invoke0(Native Method)
	at sun.reflect.NativeMethodAccessorImpl.invoke(NativeMethodAccessorImpl.java:57)
	at sun.reflect.DelegatingMethodAccessorImpl.invoke(DelegatingMethodAccessorImpl.java:43)
	at java.lang.reflect.Method.invoke(Method.java:606)
	at org.testng.internal.MethodInvocationHelper.invokeMethod(MethodInvocationHelper.java:86)
	at org.testng.internal.Invoker.invokeMethod(Invoker.java:645)
	at org.testng.internal.Invoker.invokeTestMethod(Invoker.java:822)
	at org.testng.internal.Invoker.invokeTestMethods(Invoker.java:1130)
	at org.testng.internal.TestMethodWorker.invokeTestMethods(TestMethodWorker.java:129)
	at org.testng.internal.TestMethodWorker.run(TestMethodWorker.java:112)
	at java.util.concurrent.ThreadPoolExecutor.runWorker(ThreadPoolExecutor.java:1145)
	at java.util.concurrent.ThreadPoolExecutor$Worker.run(ThreadPoolExecutor.java:615)
	at java.lang.Thread.run(Thread.java:745)
</pre></div></td>
<td>12</td>
<td>tests.TestExtInvSupPortal@782be20e</td></tr>
<tr>
<td title='tests.TestExtInvSupPortal.test_1479()'><b>test_1479</b><br>Test class: tests.TestExtInvSupPortal</td>
<td><div><pre>java.lang.AssertionError: ErrorCode is not presented expected [true] but found [false]
	at tests.TestExtInvSupPortal.test_1479(TestExtInvSupPortal.java:293)
	at java.util.concurrent.ThreadPoolExecutor.runWorker(ThreadPoolExecutor.java:1145)
	at java.util.concurrent.ThreadPoolExecutor$Worker.run(ThreadPoolExecutor.java:615)
	at java.lang.Thread.run(Thread.java:745)
... Removed 13 stack frames</pre></div><a href='#' onClick='toggleBox("stack-trace1327123049", this, "Click to show all stack frames", "Click to hide stack frames")'>Click to show all stack frames</a>
<div class='stack-trace' id='stack-trace1327123049'><pre>java.lang.AssertionError: ErrorCode is not presented expected [true] but found [false]
	at org.testng.Assert.fail(Assert.java:94)
	at org.testng.Assert.failNotEquals(Assert.java:513)
	at org.testng.Assert.assertTrue(Assert.java:42)
	at tests.TestExtInvSupPortal.test_1479(TestExtInvSupPortal.java:293)
	at sun.reflect.NativeMethodAccessorImpl.invoke0(Native Method)
	at sun.reflect.NativeMethodAccessorImpl.invoke(NativeMethodAccessorImpl.java:57)
	at sun.reflect.DelegatingMethodAccessorImpl.invoke(DelegatingMethodAccessorImpl.java:43)
	at java.lang.reflect.Method.invoke(Method.java:606)
	at org.testng.internal.MethodInvocationHelper.invokeMethod(MethodInvocationHelper.java:86)
	at org.testng.internal.Invoker.invokeMethod(Invoker.java:645)
	at org.testng.internal.Invoker.invokeTestMethod(Invoker.java:822)
	at org.testng.internal.Invoker.invokeTestMethods(Invoker.java:1130)
	at org.testng.internal.TestMethodWorker.invokeTestMethods(TestMethodWorker.java:129)
	at org.testng.internal.TestMethodWorker.run(TestMethodWorker.java:112)
	at java.util.concurrent.ThreadPoolExecutor.runWorker(ThreadPoolExecutor.java:1145)
	at java.util.concurrent.ThreadPoolExecutor$Worker.run(ThreadPoolExecutor.java:615)
	at java.lang.Thread.run(Thread.java:745)
</pre></div></td>
<td>12</td>
<td>tests.TestExtInvSupPortal@782be20e</td></tr>
<tr>
<td title='tests.TestExtInvSupPortal.test_1483()'><b>test_1483</b><br>Test class: tests.TestExtInvSupPortal</td>
<td><div><pre>java.lang.AssertionError: &lt;env:Envelope xmlns:env=&quot;http://schemas.xmlsoap.org/soap/envelope/&quot; xmlns:wsa=&quot;http://www.w3.org/2005/08/addressing&quot;&gt;&lt;env:Header&gt;&lt;wsa:MessageID&gt;urn:2CCB49B0CC2311E5BFF3834814C4341D&lt;/wsa:MessageID&gt;&lt;wsa:ReplyTo&gt;&lt;wsa:Address&gt;http://www.w3.org/2005/08/addressing/anonymous&lt;/wsa:Address&gt;&lt;wsa:ReferenceParameters&gt;&lt;instra:tracking.compositeInstanceCreatedTime xmlns:instra=&quot;http://xmlns.oracle.com/sca/tracking/1.0&quot;&gt;2016-02-05T16:11:44.385Z&lt;/instra:tracking.compositeInstanceCreatedTime&gt;&lt;/wsa:ReferenceParameters&gt;&lt;/wsa:ReplyTo&gt;&lt;wsa:FaultTo&gt;&lt;wsa:Address&gt;http://www.w3.org/2005/08/addressing/anonymous&lt;/wsa:Address&gt;&lt;wsa:ReferenceParameters&gt;&lt;instra:tracking.compositeInstanceCreatedTime xmlns:instra=&quot;http://xmlns.oracle.com/sca/tracking/1.0&quot;&gt;2016-02-05T16:11:44.385Z&lt;/instra:tracking.compositeInstanceCreatedTime&gt;&lt;/wsa:ReferenceParameters&gt;&lt;/wsa:FaultTo&gt;&lt;/env:Header&gt;&lt;env:Body&gt;&lt;startResponse xmlns=&quot;http://xmlns.oracle.com/bpmn/bpmnProcess/SupplierPortalApprovalProcess&quot;&gt;&lt;ExternalInvoiceResponse xmlns=&quot;http://xmlns.oracle.com/bpm/bpmobject/PrePopInvoice/ExternalInvoiceResponse&quot;&gt;&lt;code&gt;ERROR_INPUT_015&lt;/code&gt;&lt;responseMessage&gt;Invalid Unit Code. Reason: [Provided unit code [TRD] is not found! The Valid Unit Codes are: []]&lt;/responseMessage&gt;&lt;/ExternalInvoiceResponse&gt;&lt;/startResponse&gt;&lt;/env:Body&gt;&lt;/env:Envelope&gt; expected [true] but found [false]
	at tests.TestExtInvSupPortal.test_1483(TestExtInvSupPortal.java:342)
	at java.util.concurrent.ThreadPoolExecutor.runWorker(ThreadPoolExecutor.java:1145)
	at java.util.concurrent.ThreadPoolExecutor$Worker.run(ThreadPoolExecutor.java:615)
	at java.lang.Thread.run(Thread.java:745)
... Removed 13 stack frames</pre></div><a href='#' onClick='toggleBox("stack-trace484101640", this, "Click to show all stack frames", "Click to hide stack frames")'>Click to show all stack frames</a>
<div class='stack-trace' id='stack-trace484101640'><pre>java.lang.AssertionError: &lt;env:Envelope xmlns:env=&quot;http://schemas.xmlsoap.org/soap/envelope/&quot; xmlns:wsa=&quot;http://www.w3.org/2005/08/addressing&quot;&gt;&lt;env:Header&gt;&lt;wsa:MessageID&gt;urn:2CCB49B0CC2311E5BFF3834814C4341D&lt;/wsa:MessageID&gt;&lt;wsa:ReplyTo&gt;&lt;wsa:Address&gt;http://www.w3.org/2005/08/addressing/anonymous&lt;/wsa:Address&gt;&lt;wsa:ReferenceParameters&gt;&lt;instra:tracking.compositeInstanceCreatedTime xmlns:instra=&quot;http://xmlns.oracle.com/sca/tracking/1.0&quot;&gt;2016-02-05T16:11:44.385Z&lt;/instra:tracking.compositeInstanceCreatedTime&gt;&lt;/wsa:ReferenceParameters&gt;&lt;/wsa:ReplyTo&gt;&lt;wsa:FaultTo&gt;&lt;wsa:Address&gt;http://www.w3.org/2005/08/addressing/anonymous&lt;/wsa:Address&gt;&lt;wsa:ReferenceParameters&gt;&lt;instra:tracking.compositeInstanceCreatedTime xmlns:instra=&quot;http://xmlns.oracle.com/sca/tracking/1.0&quot;&gt;2016-02-05T16:11:44.385Z&lt;/instra:tracking.compositeInstanceCreatedTime&gt;&lt;/wsa:ReferenceParameters&gt;&lt;/wsa:FaultTo&gt;&lt;/env:Header&gt;&lt;env:Body&gt;&lt;startResponse xmlns=&quot;http://xmlns.oracle.com/bpmn/bpmnProcess/SupplierPortalApprovalProcess&quot;&gt;&lt;ExternalInvoiceResponse xmlns=&quot;http://xmlns.oracle.com/bpm/bpmobject/PrePopInvoice/ExternalInvoiceResponse&quot;&gt;&lt;code&gt;ERROR_INPUT_015&lt;/code&gt;&lt;responseMessage&gt;Invalid Unit Code. Reason: [Provided unit code [TRD] is not found! The Valid Unit Codes are: []]&lt;/responseMessage&gt;&lt;/ExternalInvoiceResponse&gt;&lt;/startResponse&gt;&lt;/env:Body&gt;&lt;/env:Envelope&gt; expected [true] but found [false]
	at org.testng.Assert.fail(Assert.java:94)
	at org.testng.Assert.failNotEquals(Assert.java:513)
	at org.testng.Assert.assertTrue(Assert.java:42)
	at tests.TestExtInvSupPortal.test_1483(TestExtInvSupPortal.java:342)
	at sun.reflect.NativeMethodAccessorImpl.invoke0(Native Method)
	at sun.reflect.NativeMethodAccessorImpl.invoke(NativeMethodAccessorImpl.java:57)
	at sun.reflect.DelegatingMethodAccessorImpl.invoke(DelegatingMethodAccessorImpl.java:43)
	at java.lang.reflect.Method.invoke(Method.java:606)
	at org.testng.internal.MethodInvocationHelper.invokeMethod(MethodInvocationHelper.java:86)
	at org.testng.internal.Invoker.invokeMethod(Invoker.java:645)
	at org.testng.internal.Invoker.invokeTestMethod(Invoker.java:822)
	at org.testng.internal.Invoker.invokeTestMethods(Invoker.java:1130)
	at org.testng.internal.TestMethodWorker.invokeTestMethods(TestMethodWorker.java:129)
	at org.testng.internal.TestMethodWorker.run(TestMethodWorker.java:112)
	at java.util.concurrent.ThreadPoolExecutor.runWorker(ThreadPoolExecutor.java:1145)
	at java.util.concurrent.ThreadPoolExecutor$Worker.run(ThreadPoolExecutor.java:615)
	at java.lang.Thread.run(Thread.java:745)
</pre></div></td>
<td>12</td>
<td>tests.TestExtInvSupPortal@782be20e</td></tr>
<tr>
<td title='tests.TestExtInvSupPortal.test_1498()'><b>test_1498</b><br>Test class: tests.TestExtInvSupPortal</td>
<td><div><pre>java.lang.AssertionError: &lt;env:Envelope xmlns:env=&quot;http://schemas.xmlsoap.org/soap/envelope/&quot; xmlns:wsa=&quot;http://www.w3.org/2005/08/addressing&quot;&gt;&lt;env:Header&gt;&lt;wsa:MessageID&gt;urn:2CC8FFC0CC2311E5BFF3834814C4341D&lt;/wsa:MessageID&gt;&lt;wsa:ReplyTo&gt;&lt;wsa:Address&gt;http://www.w3.org/2005/08/addressing/anonymous&lt;/wsa:Address&gt;&lt;wsa:ReferenceParameters&gt;&lt;instra:tracking.compositeInstanceCreatedTime xmlns:instra=&quot;http://xmlns.oracle.com/sca/tracking/1.0&quot;&gt;2016-02-05T16:11:44.374Z&lt;/instra:tracking.compositeInstanceCreatedTime&gt;&lt;/wsa:ReferenceParameters&gt;&lt;/wsa:ReplyTo&gt;&lt;wsa:FaultTo&gt;&lt;wsa:Address&gt;http://www.w3.org/2005/08/addressing/anonymous&lt;/wsa:Address&gt;&lt;wsa:ReferenceParameters&gt;&lt;instra:tracking.compositeInstanceCreatedTime xmlns:instra=&quot;http://xmlns.oracle.com/sca/tracking/1.0&quot;&gt;2016-02-05T16:11:44.374Z&lt;/instra:tracking.compositeInstanceCreatedTime&gt;&lt;/wsa:ReferenceParameters&gt;&lt;/wsa:FaultTo&gt;&lt;/env:Header&gt;&lt;env:Body&gt;&lt;startResponse xmlns=&quot;http://xmlns.oracle.com/bpmn/bpmnProcess/SupplierPortalApprovalProcess&quot;&gt;&lt;ExternalInvoiceResponse xmlns=&quot;http://xmlns.oracle.com/bpm/bpmobject/PrePopInvoice/ExternalInvoiceResponse&quot;&gt;&lt;code&gt;ERROR_INPUT_015&lt;/code&gt;&lt;responseMessage&gt;Invalid Unit Code. Reason: [Provided unit code [TRD] is not found! The Valid Unit Codes are: []]&lt;/responseMessage&gt;&lt;/ExternalInvoiceResponse&gt;&lt;/startResponse&gt;&lt;/env:Body&gt;&lt;/env:Envelope&gt; expected [true] but found [false]
	at tests.TestExtInvSupPortal.test_1498(TestExtInvSupPortal.java:372)
	at java.util.concurrent.ThreadPoolExecutor.runWorker(ThreadPoolExecutor.java:1145)
	at java.util.concurrent.ThreadPoolExecutor$Worker.run(ThreadPoolExecutor.java:615)
	at java.lang.Thread.run(Thread.java:745)
... Removed 13 stack frames</pre></div><a href='#' onClick='toggleBox("stack-trace2142891216", this, "Click to show all stack frames", "Click to hide stack frames")'>Click to show all stack frames</a>
<div class='stack-trace' id='stack-trace2142891216'><pre>java.lang.AssertionError: &lt;env:Envelope xmlns:env=&quot;http://schemas.xmlsoap.org/soap/envelope/&quot; xmlns:wsa=&quot;http://www.w3.org/2005/08/addressing&quot;&gt;&lt;env:Header&gt;&lt;wsa:MessageID&gt;urn:2CC8FFC0CC2311E5BFF3834814C4341D&lt;/wsa:MessageID&gt;&lt;wsa:ReplyTo&gt;&lt;wsa:Address&gt;http://www.w3.org/2005/08/addressing/anonymous&lt;/wsa:Address&gt;&lt;wsa:ReferenceParameters&gt;&lt;instra:tracking.compositeInstanceCreatedTime xmlns:instra=&quot;http://xmlns.oracle.com/sca/tracking/1.0&quot;&gt;2016-02-05T16:11:44.374Z&lt;/instra:tracking.compositeInstanceCreatedTime&gt;&lt;/wsa:ReferenceParameters&gt;&lt;/wsa:ReplyTo&gt;&lt;wsa:FaultTo&gt;&lt;wsa:Address&gt;http://www.w3.org/2005/08/addressing/anonymous&lt;/wsa:Address&gt;&lt;wsa:ReferenceParameters&gt;&lt;instra:tracking.compositeInstanceCreatedTime xmlns:instra=&quot;http://xmlns.oracle.com/sca/tracking/1.0&quot;&gt;2016-02-05T16:11:44.374Z&lt;/instra:tracking.compositeInstanceCreatedTime&gt;&lt;/wsa:ReferenceParameters&gt;&lt;/wsa:FaultTo&gt;&lt;/env:Header&gt;&lt;env:Body&gt;&lt;startResponse xmlns=&quot;http://xmlns.oracle.com/bpmn/bpmnProcess/SupplierPortalApprovalProcess&quot;&gt;&lt;ExternalInvoiceResponse xmlns=&quot;http://xmlns.oracle.com/bpm/bpmobject/PrePopInvoice/ExternalInvoiceResponse&quot;&gt;&lt;code&gt;ERROR_INPUT_015&lt;/code&gt;&lt;responseMessage&gt;Invalid Unit Code. Reason: [Provided unit code [TRD] is not found! The Valid Unit Codes are: []]&lt;/responseMessage&gt;&lt;/ExternalInvoiceResponse&gt;&lt;/startResponse&gt;&lt;/env:Body&gt;&lt;/env:Envelope&gt; expected [true] but found [false]
	at org.testng.Assert.fail(Assert.java:94)
	at org.testng.Assert.failNotEquals(Assert.java:513)
	at org.testng.Assert.assertTrue(Assert.java:42)
	at tests.TestExtInvSupPortal.test_1498(TestExtInvSupPortal.java:372)
	at sun.reflect.NativeMethodAccessorImpl.invoke0(Native Method)
	at sun.reflect.NativeMethodAccessorImpl.invoke(NativeMethodAccessorImpl.java:57)
	at sun.reflect.DelegatingMethodAccessorImpl.invoke(DelegatingMethodAccessorImpl.java:43)
	at java.lang.reflect.Method.invoke(Method.java:606)
	at org.testng.internal.MethodInvocationHelper.invokeMethod(MethodInvocationHelper.java:86)
	at org.testng.internal.Invoker.invokeMethod(Invoker.java:645)
	at org.testng.internal.Invoker.invokeTestMethod(Invoker.java:822)
	at org.testng.internal.Invoker.invokeTestMethods(Invoker.java:1130)
	at org.testng.internal.TestMethodWorker.invokeTestMethods(TestMethodWorker.java:129)
	at org.testng.internal.TestMethodWorker.run(TestMethodWorker.java:112)
	at java.util.concurrent.ThreadPoolExecutor.runWorker(ThreadPoolExecutor.java:1145)
	at java.util.concurrent.ThreadPoolExecutor$Worker.run(ThreadPoolExecutor.java:615)
	at java.lang.Thread.run(Thread.java:745)
</pre></div></td>
<td>12</td>
<td>tests.TestExtInvSupPortal@782be20e</td></tr>
<tr>
<td title='tests.TestExtInvSupPortal.test_1499()'><b>test_1499</b><br>Test class: tests.TestExtInvSupPortal</td>
<td><div><pre>java.lang.AssertionError: &lt;env:Envelope xmlns:env=&quot;http://schemas.xmlsoap.org/soap/envelope/&quot; xmlns:wsa=&quot;http://www.w3.org/2005/08/addressing&quot;&gt;&lt;env:Header&gt;&lt;wsa:MessageID&gt;urn:2E43B8E0CC2311E5BFF3834814C4341D&lt;/wsa:MessageID&gt;&lt;wsa:ReplyTo&gt;&lt;wsa:Address&gt;http://www.w3.org/2005/08/addressing/anonymous&lt;/wsa:Address&gt;&lt;wsa:ReferenceParameters&gt;&lt;instra:tracking.compositeInstanceCreatedTime xmlns:instra=&quot;http://xmlns.oracle.com/sca/tracking/1.0&quot;&gt;2016-02-05T16:11:55.874Z&lt;/instra:tracking.compositeInstanceCreatedTime&gt;&lt;/wsa:ReferenceParameters&gt;&lt;/wsa:ReplyTo&gt;&lt;wsa:FaultTo&gt;&lt;wsa:Address&gt;http://www.w3.org/2005/08/addressing/anonymous&lt;/wsa:Address&gt;&lt;wsa:ReferenceParameters&gt;&lt;instra:tracking.compositeInstanceCreatedTime xmlns:instra=&quot;http://xmlns.oracle.com/sca/tracking/1.0&quot;&gt;2016-02-05T16:11:55.874Z&lt;/instra:tracking.compositeInstanceCreatedTime&gt;&lt;/wsa:ReferenceParameters&gt;&lt;/wsa:FaultTo&gt;&lt;/env:Header&gt;&lt;env:Body&gt;&lt;startResponse xmlns=&quot;http://xmlns.oracle.com/bpmn/bpmnProcess/SupplierPortalApprovalProcess&quot;&gt;&lt;ExternalInvoiceResponse xmlns=&quot;http://xmlns.oracle.com/bpm/bpmobject/PrePopInvoice/ExternalInvoiceResponse&quot;&gt;&lt;code&gt;ERROR_INPUT_015&lt;/code&gt;&lt;responseMessage&gt;Invalid Unit Code. Reason: [Provided unit code [TRD] is not found! The Valid Unit Codes are: []]&lt;/responseMessage&gt;&lt;/ExternalInvoiceResponse&gt;&lt;/startResponse&gt;&lt;/env:Body&gt;&lt;/env:Envelope&gt; expected [true] but found [false]
	at tests.TestExtInvSupPortal.test_1499(TestExtInvSupPortal.java:404)
	at java.util.concurrent.ThreadPoolExecutor.runWorker(ThreadPoolExecutor.java:1145)
	at java.util.concurrent.ThreadPoolExecutor$Worker.run(ThreadPoolExecutor.java:615)
	at java.lang.Thread.run(Thread.java:745)
... Removed 13 stack frames</pre></div><a href='#' onClick='toggleBox("stack-trace1135679484", this, "Click to show all stack frames", "Click to hide stack frames")'>Click to show all stack frames</a>
<div class='stack-trace' id='stack-trace1135679484'><pre>java.lang.AssertionError: &lt;env:Envelope xmlns:env=&quot;http://schemas.xmlsoap.org/soap/envelope/&quot; xmlns:wsa=&quot;http://www.w3.org/2005/08/addressing&quot;&gt;&lt;env:Header&gt;&lt;wsa:MessageID&gt;urn:2E43B8E0CC2311E5BFF3834814C4341D&lt;/wsa:MessageID&gt;&lt;wsa:ReplyTo&gt;&lt;wsa:Address&gt;http://www.w3.org/2005/08/addressing/anonymous&lt;/wsa:Address&gt;&lt;wsa:ReferenceParameters&gt;&lt;instra:tracking.compositeInstanceCreatedTime xmlns:instra=&quot;http://xmlns.oracle.com/sca/tracking/1.0&quot;&gt;2016-02-05T16:11:55.874Z&lt;/instra:tracking.compositeInstanceCreatedTime&gt;&lt;/wsa:ReferenceParameters&gt;&lt;/wsa:ReplyTo&gt;&lt;wsa:FaultTo&gt;&lt;wsa:Address&gt;http://www.w3.org/2005/08/addressing/anonymous&lt;/wsa:Address&gt;&lt;wsa:ReferenceParameters&gt;&lt;instra:tracking.compositeInstanceCreatedTime xmlns:instra=&quot;http://xmlns.oracle.com/sca/tracking/1.0&quot;&gt;2016-02-05T16:11:55.874Z&lt;/instra:tracking.compositeInstanceCreatedTime&gt;&lt;/wsa:ReferenceParameters&gt;&lt;/wsa:FaultTo&gt;&lt;/env:Header&gt;&lt;env:Body&gt;&lt;startResponse xmlns=&quot;http://xmlns.oracle.com/bpmn/bpmnProcess/SupplierPortalApprovalProcess&quot;&gt;&lt;ExternalInvoiceResponse xmlns=&quot;http://xmlns.oracle.com/bpm/bpmobject/PrePopInvoice/ExternalInvoiceResponse&quot;&gt;&lt;code&gt;ERROR_INPUT_015&lt;/code&gt;&lt;responseMessage&gt;Invalid Unit Code. Reason: [Provided unit code [TRD] is not found! The Valid Unit Codes are: []]&lt;/responseMessage&gt;&lt;/ExternalInvoiceResponse&gt;&lt;/startResponse&gt;&lt;/env:Body&gt;&lt;/env:Envelope&gt; expected [true] but found [false]
	at org.testng.Assert.fail(Assert.java:94)
	at org.testng.Assert.failNotEquals(Assert.java:513)
	at org.testng.Assert.assertTrue(Assert.java:42)
	at tests.TestExtInvSupPortal.test_1499(TestExtInvSupPortal.java:404)
	at sun.reflect.NativeMethodAccessorImpl.invoke0(Native Method)
	at sun.reflect.NativeMethodAccessorImpl.invoke(NativeMethodAccessorImpl.java:57)
	at sun.reflect.DelegatingMethodAccessorImpl.invoke(DelegatingMethodAccessorImpl.java:43)
	at java.lang.reflect.Method.invoke(Method.java:606)
	at org.testng.internal.MethodInvocationHelper.invokeMethod(MethodInvocationHelper.java:86)
	at org.testng.internal.Invoker.invokeMethod(Invoker.java:645)
	at org.testng.internal.Invoker.invokeTestMethod(Invoker.java:822)
	at org.testng.internal.Invoker.invokeTestMethods(Invoker.java:1130)
	at org.testng.internal.TestMethodWorker.invokeTestMethods(TestMethodWorker.java:129)
	at org.testng.internal.TestMethodWorker.run(TestMethodWorker.java:112)
	at java.util.concurrent.ThreadPoolExecutor.runWorker(ThreadPoolExecutor.java:1145)
	at java.util.concurrent.ThreadPoolExecutor$Worker.run(ThreadPoolExecutor.java:615)
	at java.lang.Thread.run(Thread.java:745)
</pre></div></td>
<td>2</td>
<td>tests.TestExtInvSupPortal@782be20e</td></tr>
<tr>
<td title='tests.TestExtInvSupPortal.test_1503()'><b>test_1503</b><br>Test class: tests.TestExtInvSupPortal</td>
<td><div><pre>java.lang.AssertionError: &lt;env:Envelope xmlns:env=&quot;http://schemas.xmlsoap.org/soap/envelope/&quot; xmlns:wsa=&quot;http://www.w3.org/2005/08/addressing&quot;&gt;&lt;env:Header&gt;&lt;wsa:MessageID&gt;urn:301BAD30CC2311E5BFF3834814C4341D&lt;/wsa:MessageID&gt;&lt;wsa:ReplyTo&gt;&lt;wsa:Address&gt;http://www.w3.org/2005/08/addressing/anonymous&lt;/wsa:Address&gt;&lt;wsa:ReferenceParameters&gt;&lt;instra:tracking.compositeInstanceCreatedTime xmlns:instra=&quot;http://xmlns.oracle.com/sca/tracking/1.0&quot;&gt;2016-02-05T16:11:55.860Z&lt;/instra:tracking.compositeInstanceCreatedTime&gt;&lt;/wsa:ReferenceParameters&gt;&lt;/wsa:ReplyTo&gt;&lt;wsa:FaultTo&gt;&lt;wsa:Address&gt;http://www.w3.org/2005/08/addressing/anonymous&lt;/wsa:Address&gt;&lt;wsa:ReferenceParameters&gt;&lt;instra:tracking.compositeInstanceCreatedTime xmlns:instra=&quot;http://xmlns.oracle.com/sca/tracking/1.0&quot;&gt;2016-02-05T16:11:55.860Z&lt;/instra:tracking.compositeInstanceCreatedTime&gt;&lt;/wsa:ReferenceParameters&gt;&lt;/wsa:FaultTo&gt;&lt;/env:Header&gt;&lt;env:Body&gt;&lt;startResponse xmlns=&quot;http://xmlns.oracle.com/bpmn/bpmnProcess/SupplierPortalApprovalProcess&quot;&gt;&lt;ExternalInvoiceResponse xmlns=&quot;http://xmlns.oracle.com/bpm/bpmobject/PrePopInvoice/ExternalInvoiceResponse&quot;&gt;&lt;code&gt;ERROR_INPUT_015&lt;/code&gt;&lt;responseMessage&gt;Invalid Unit Code. Reason: [Provided unit code [TRD] is not found! The Valid Unit Codes are: []]&lt;/responseMessage&gt;&lt;/ExternalInvoiceResponse&gt;&lt;/startResponse&gt;&lt;/env:Body&gt;&lt;/env:Envelope&gt; expected [true] but found [false]
	at tests.TestExtInvSupPortal.test_1503(TestExtInvSupPortal.java:458)
	at java.util.concurrent.ThreadPoolExecutor.runWorker(ThreadPoolExecutor.java:1145)
	at java.util.concurrent.ThreadPoolExecutor$Worker.run(ThreadPoolExecutor.java:615)
	at java.lang.Thread.run(Thread.java:745)
... Removed 13 stack frames</pre></div><a href='#' onClick='toggleBox("stack-trace1112622607", this, "Click to show all stack frames", "Click to hide stack frames")'>Click to show all stack frames</a>
<div class='stack-trace' id='stack-trace1112622607'><pre>java.lang.AssertionError: &lt;env:Envelope xmlns:env=&quot;http://schemas.xmlsoap.org/soap/envelope/&quot; xmlns:wsa=&quot;http://www.w3.org/2005/08/addressing&quot;&gt;&lt;env:Header&gt;&lt;wsa:MessageID&gt;urn:301BAD30CC2311E5BFF3834814C4341D&lt;/wsa:MessageID&gt;&lt;wsa:ReplyTo&gt;&lt;wsa:Address&gt;http://www.w3.org/2005/08/addressing/anonymous&lt;/wsa:Address&gt;&lt;wsa:ReferenceParameters&gt;&lt;instra:tracking.compositeInstanceCreatedTime xmlns:instra=&quot;http://xmlns.oracle.com/sca/tracking/1.0&quot;&gt;2016-02-05T16:11:55.860Z&lt;/instra:tracking.compositeInstanceCreatedTime&gt;&lt;/wsa:ReferenceParameters&gt;&lt;/wsa:ReplyTo&gt;&lt;wsa:FaultTo&gt;&lt;wsa:Address&gt;http://www.w3.org/2005/08/addressing/anonymous&lt;/wsa:Address&gt;&lt;wsa:ReferenceParameters&gt;&lt;instra:tracking.compositeInstanceCreatedTime xmlns:instra=&quot;http://xmlns.oracle.com/sca/tracking/1.0&quot;&gt;2016-02-05T16:11:55.860Z&lt;/instra:tracking.compositeInstanceCreatedTime&gt;&lt;/wsa:ReferenceParameters&gt;&lt;/wsa:FaultTo&gt;&lt;/env:Header&gt;&lt;env:Body&gt;&lt;startResponse xmlns=&quot;http://xmlns.oracle.com/bpmn/bpmnProcess/SupplierPortalApprovalProcess&quot;&gt;&lt;ExternalInvoiceResponse xmlns=&quot;http://xmlns.oracle.com/bpm/bpmobject/PrePopInvoice/ExternalInvoiceResponse&quot;&gt;&lt;code&gt;ERROR_INPUT_015&lt;/code&gt;&lt;responseMessage&gt;Invalid Unit Code. Reason: [Provided unit code [TRD] is not found! The Valid Unit Codes are: []]&lt;/responseMessage&gt;&lt;/ExternalInvoiceResponse&gt;&lt;/startResponse&gt;&lt;/env:Body&gt;&lt;/env:Envelope&gt; expected [true] but found [false]
	at org.testng.Assert.fail(Assert.java:94)
	at org.testng.Assert.failNotEquals(Assert.java:513)
	at org.testng.Assert.assertTrue(Assert.java:42)
	at tests.TestExtInvSupPortal.test_1503(TestExtInvSupPortal.java:458)
	at sun.reflect.NativeMethodAccessorImpl.invoke0(Native Method)
	at sun.reflect.NativeMethodAccessorImpl.invoke(NativeMethodAccessorImpl.java:57)
	at sun.reflect.DelegatingMethodAccessorImpl.invoke(DelegatingMethodAccessorImpl.java:43)
	at java.lang.reflect.Method.invoke(Method.java:606)
	at org.testng.internal.MethodInvocationHelper.invokeMethod(MethodInvocationHelper.java:86)
	at org.testng.internal.Invoker.invokeMethod(Invoker.java:645)
	at org.testng.internal.Invoker.invokeTestMethod(Invoker.java:822)
	at org.testng.internal.Invoker.invokeTestMethods(Invoker.java:1130)
	at org.testng.internal.TestMethodWorker.invokeTestMethods(TestMethodWorker.java:129)
	at org.testng.internal.TestMethodWorker.run(TestMethodWorker.java:112)
	at java.util.concurrent.ThreadPoolExecutor.runWorker(ThreadPoolExecutor.java:1145)
	at java.util.concurrent.ThreadPoolExecutor$Worker.run(ThreadPoolExecutor.java:615)
	at java.lang.Thread.run(Thread.java:745)
</pre></div></td>
<td>5</td>
<td>tests.TestExtInvSupPortal@782be20e</td></tr>
<tr>
<td title='tests.TestExtInvSupPortal.test_1506_1()'><b>test_1506_1</b><br>Test class: tests.TestExtInvSupPortal</td>
<td><div><pre>java.lang.AssertionError: 1 expectation failed.
Expected: an XML document with XPath //responseMessage a string containing &quot;Success&quot;
  Actual: &lt;env:Envelope xmlns:env=&quot;http://schemas.xmlsoap.org/soap/envelope/&quot; xmlns:wsa=&quot;http://www.w3.org/2005/08/addressing&quot;&gt;&lt;env:Header&gt;&lt;wsa:MessageID&gt;urn:2E6D39E0CC2311E5BFF3834814C4341D&lt;/wsa:MessageID&gt;&lt;wsa:ReplyTo&gt;&lt;wsa:Address&gt;http://www.w3.org/2005/08/addressing/anonymous&lt;/wsa:Address&gt;&lt;wsa:ReferenceParameters&gt;&lt;instra:tracking.compositeInstanceCreatedTime xmlns:instra=&quot;http://xmlns.oracle.com/sca/tracking/1.0&quot;&gt;2016-02-05T16:11:55.862Z&lt;/instra:tracking.compositeInstanceCreatedTime&gt;&lt;/wsa:ReferenceParameters&gt;&lt;/wsa:ReplyTo&gt;&lt;wsa:FaultTo&gt;&lt;wsa:Address&gt;http://www.w3.org/2005/08/addressing/anonymous&lt;/wsa:Address&gt;&lt;wsa:ReferenceParameters&gt;&lt;instra:tracking.compositeInstanceCreatedTime xmlns:instra=&quot;http://xmlns.oracle.com/sca/tracking/1.0&quot;&gt;2016-02-05T16:11:55.862Z&lt;/instra:tracking.compositeInstanceCreatedTime&gt;&lt;/wsa:ReferenceParameters&gt;&lt;/wsa:FaultTo&gt;&lt;/env:Header&gt;&lt;env:Body&gt;&lt;startResponse xmlns=&quot;http://xmlns.oracle.com/bpmn/bpmnProcess/SupplierPortalApprovalProcess&quot;&gt;&lt;ExternalInvoiceResponse xmlns=&quot;http://xmlns.oracle.com/bpm/bpmobject/PrePopInvoice/ExternalInvoiceResponse&quot;&gt;&lt;code&gt;ERROR_INPUT_015&lt;/code&gt;&lt;responseMessage&gt;Invalid Unit Code. Reason: [Provided unit code [TRD] is not found! The Valid Unit Codes are: []]&lt;/responseMessage&gt;&lt;/ExternalInvoiceResponse&gt;&lt;/startResponse&gt;&lt;/env:Body&gt;&lt;/env:Envelope&gt;

	at org.codehaus.groovy.runtime.callsite.ConstructorSite$ConstructorSiteNoUnwrap.callConstructor(ConstructorSite.java:84)
	at org.codehaus.groovy.runtime.callsite.AbstractCallSite.callConstructor(AbstractCallSite.java:247)
	at com.jayway.restassured.internal.ResponseSpecificationImpl$HamcrestAssertionClosure.validate(ResponseSpecificationImpl.groovy:598)
	at com.jayway.restassured.internal.ResponseSpecificationImpl$HamcrestAssertionClosure$validate$4.call(Unknown Source)
	at com.jayway.restassured.internal.ResponseSpecificationImpl.validateResponseIfRequired(ResponseSpecificationImpl.groovy:760)
	at org.codehaus.groovy.runtime.callsite.PogoMetaMethodSite$PogoCachedMethodSiteNoUnwrapNoCoerce.invoke(PogoMetaMethodSite.java:210)
	at org.codehaus.groovy.runtime.callsite.PogoMetaMethodSite.callCurrent(PogoMetaMethodSite.java:59)
	at org.codehaus.groovy.runtime.callsite.AbstractCallSite.callCurrent(AbstractCallSite.java:166)
	at com.jayway.restassured.internal.ResponseSpecificationImpl.content(ResponseSpecificationImpl.groovy:92)
	at com.jayway.restassured.specification.ResponseSpecification$content$8.callCurrent(Unknown Source)
	at com.jayway.restassured.internal.ResponseSpecificationImpl.body(ResponseSpecificationImpl.groovy:230)
	at com.jayway.restassured.internal.ValidatableResponseOptionsImpl.body(ValidatableResponseOptionsImpl.java:258)
	at tests.TestExtInvSupPortal.createInvoiceWithFileExtension(TestExtInvSupPortal.java:105)
	at tests.TestExtInvSupPortal.test_1506_1(TestExtInvSupPortal.java:470)
	at java.util.concurrent.ThreadPoolExecutor.runWorker(ThreadPoolExecutor.java:1145)
	at java.util.concurrent.ThreadPoolExecutor$Worker.run(ThreadPoolExecutor.java:615)
	at java.lang.Thread.run(Thread.java:745)
... Removed 20 stack frames</pre></div><a href='#' onClick='toggleBox("stack-trace829632420", this, "Click to show all stack frames", "Click to hide stack frames")'>Click to show all stack frames</a>
<div class='stack-trace' id='stack-trace829632420'><pre>java.lang.AssertionError: 1 expectation failed.
Expected: an XML document with XPath //responseMessage a string containing &quot;Success&quot;
  Actual: &lt;env:Envelope xmlns:env=&quot;http://schemas.xmlsoap.org/soap/envelope/&quot; xmlns:wsa=&quot;http://www.w3.org/2005/08/addressing&quot;&gt;&lt;env:Header&gt;&lt;wsa:MessageID&gt;urn:2E6D39E0CC2311E5BFF3834814C4341D&lt;/wsa:MessageID&gt;&lt;wsa:ReplyTo&gt;&lt;wsa:Address&gt;http://www.w3.org/2005/08/addressing/anonymous&lt;/wsa:Address&gt;&lt;wsa:ReferenceParameters&gt;&lt;instra:tracking.compositeInstanceCreatedTime xmlns:instra=&quot;http://xmlns.oracle.com/sca/tracking/1.0&quot;&gt;2016-02-05T16:11:55.862Z&lt;/instra:tracking.compositeInstanceCreatedTime&gt;&lt;/wsa:ReferenceParameters&gt;&lt;/wsa:ReplyTo&gt;&lt;wsa:FaultTo&gt;&lt;wsa:Address&gt;http://www.w3.org/2005/08/addressing/anonymous&lt;/wsa:Address&gt;&lt;wsa:ReferenceParameters&gt;&lt;instra:tracking.compositeInstanceCreatedTime xmlns:instra=&quot;http://xmlns.oracle.com/sca/tracking/1.0&quot;&gt;2016-02-05T16:11:55.862Z&lt;/instra:tracking.compositeInstanceCreatedTime&gt;&lt;/wsa:ReferenceParameters&gt;&lt;/wsa:FaultTo&gt;&lt;/env:Header&gt;&lt;env:Body&gt;&lt;startResponse xmlns=&quot;http://xmlns.oracle.com/bpmn/bpmnProcess/SupplierPortalApprovalProcess&quot;&gt;&lt;ExternalInvoiceResponse xmlns=&quot;http://xmlns.oracle.com/bpm/bpmobject/PrePopInvoice/ExternalInvoiceResponse&quot;&gt;&lt;code&gt;ERROR_INPUT_015&lt;/code&gt;&lt;responseMessage&gt;Invalid Unit Code. Reason: [Provided unit code [TRD] is not found! The Valid Unit Codes are: []]&lt;/responseMessage&gt;&lt;/ExternalInvoiceResponse&gt;&lt;/startResponse&gt;&lt;/env:Body&gt;&lt;/env:Envelope&gt;

	at sun.reflect.NativeConstructorAccessorImpl.newInstance0(Native Method)
	at sun.reflect.NativeConstructorAccessorImpl.newInstance(NativeConstructorAccessorImpl.java:57)
	at sun.reflect.DelegatingConstructorAccessorImpl.newInstance(DelegatingConstructorAccessorImpl.java:45)
	at java.lang.reflect.Constructor.newInstance(Constructor.java:526)
	at org.codehaus.groovy.reflection.CachedConstructor.invoke(CachedConstructor.java:80)
	at org.codehaus.groovy.reflection.CachedConstructor.doConstructorInvoke(CachedConstructor.java:74)
	at org.codehaus.groovy.runtime.callsite.ConstructorSite$ConstructorSiteNoUnwrap.callConstructor(ConstructorSite.java:84)
	at org.codehaus.groovy.runtime.callsite.AbstractCallSite.callConstructor(AbstractCallSite.java:247)
	at com.jayway.restassured.internal.ResponseSpecificationImpl$HamcrestAssertionClosure.validate(ResponseSpecificationImpl.groovy:598)
	at com.jayway.restassured.internal.ResponseSpecificationImpl$HamcrestAssertionClosure$validate$4.call(Unknown Source)
	at com.jayway.restassured.internal.ResponseSpecificationImpl.validateResponseIfRequired(ResponseSpecificationImpl.groovy:760)
	at sun.reflect.NativeMethodAccessorImpl.invoke0(Native Method)
	at sun.reflect.NativeMethodAccessorImpl.invoke(NativeMethodAccessorImpl.java:57)
	at sun.reflect.DelegatingMethodAccessorImpl.invoke(DelegatingMethodAccessorImpl.java:43)
	at java.lang.reflect.Method.invoke(Method.java:606)
	at org.codehaus.groovy.runtime.callsite.PogoMetaMethodSite$PogoCachedMethodSiteNoUnwrapNoCoerce.invoke(PogoMetaMethodSite.java:210)
	at org.codehaus.groovy.runtime.callsite.PogoMetaMethodSite.callCurrent(PogoMetaMethodSite.java:59)
	at org.codehaus.groovy.runtime.callsite.AbstractCallSite.callCurrent(AbstractCallSite.java:166)
	at com.jayway.restassured.internal.ResponseSpecificationImpl.content(ResponseSpecificationImpl.groovy:92)
	at com.jayway.restassured.specification.ResponseSpecification$content$8.callCurrent(Unknown Source)
	at com.jayway.restassured.internal.ResponseSpecificationImpl.body(ResponseSpecificationImpl.groovy:230)
	at com.jayway.restassured.internal.ValidatableResponseOptionsImpl.body(ValidatableResponseOptionsImpl.java:258)
	at tests.TestExtInvSupPortal.createInvoiceWithFileExtension(TestExtInvSupPortal.java:105)
	at tests.TestExtInvSupPortal.test_1506_1(TestExtInvSupPortal.java:470)
	at sun.reflect.NativeMethodAccessorImpl.invoke0(Native Method)
	at sun.reflect.NativeMethodAccessorImpl.invoke(NativeMethodAccessorImpl.java:57)
	at sun.reflect.DelegatingMethodAccessorImpl.invoke(DelegatingMethodAccessorImpl.java:43)
	at java.lang.reflect.Method.invoke(Method.java:606)
	at org.testng.internal.MethodInvocationHelper.invokeMethod(MethodInvocationHelper.java:86)
	at org.testng.internal.Invoker.invokeMethod(Invoker.java:645)
	at org.testng.internal.Invoker.invokeTestMethod(Invoker.java:822)
	at org.testng.internal.Invoker.invokeTestMethods(Invoker.java:1130)
	at org.testng.internal.TestMethodWorker.invokeTestMethods(TestMethodWorker.java:129)
	at org.testng.internal.TestMethodWorker.run(TestMethodWorker.java:112)
	at java.util.concurrent.ThreadPoolExecutor.runWorker(ThreadPoolExecutor.java:1145)
	at java.util.concurrent.ThreadPoolExecutor$Worker.run(ThreadPoolExecutor.java:615)
	at java.lang.Thread.run(Thread.java:745)
</pre></div></td>
<td>2</td>
<td>tests.TestExtInvSupPortal@782be20e</td></tr>
<tr>
<td title='tests.TestExtInvSupPortal.test_1506_2()'><b>test_1506_2</b><br>Test class: tests.TestExtInvSupPortal</td>
<td><div><pre>java.lang.AssertionError: 1 expectation failed.
Expected: an XML document with XPath //responseMessage a string containing &quot;Success&quot;
  Actual: &lt;env:Envelope xmlns:env=&quot;http://schemas.xmlsoap.org/soap/envelope/&quot; xmlns:wsa=&quot;http://www.w3.org/2005/08/addressing&quot;&gt;&lt;env:Header&gt;&lt;wsa:MessageID&gt;urn:2E80C1E0CC2311E5BFF3834814C4341D&lt;/wsa:MessageID&gt;&lt;wsa:ReplyTo&gt;&lt;wsa:Address&gt;http://www.w3.org/2005/08/addressing/anonymous&lt;/wsa:Address&gt;&lt;wsa:ReferenceParameters&gt;&lt;instra:tracking.compositeInstanceCreatedTime xmlns:instra=&quot;http://xmlns.oracle.com/sca/tracking/1.0&quot;&gt;2016-02-05T16:11:55.860Z&lt;/instra:tracking.compositeInstanceCreatedTime&gt;&lt;/wsa:ReferenceParameters&gt;&lt;/wsa:ReplyTo&gt;&lt;wsa:FaultTo&gt;&lt;wsa:Address&gt;http://www.w3.org/2005/08/addressing/anonymous&lt;/wsa:Address&gt;&lt;wsa:ReferenceParameters&gt;&lt;instra:tracking.compositeInstanceCreatedTime xmlns:instra=&quot;http://xmlns.oracle.com/sca/tracking/1.0&quot;&gt;2016-02-05T16:11:55.860Z&lt;/instra:tracking.compositeInstanceCreatedTime&gt;&lt;/wsa:ReferenceParameters&gt;&lt;/wsa:FaultTo&gt;&lt;/env:Header&gt;&lt;env:Body&gt;&lt;startResponse xmlns=&quot;http://xmlns.oracle.com/bpmn/bpmnProcess/SupplierPortalApprovalProcess&quot;&gt;&lt;ExternalInvoiceResponse xmlns=&quot;http://xmlns.oracle.com/bpm/bpmobject/PrePopInvoice/ExternalInvoiceResponse&quot;&gt;&lt;code&gt;ERROR_INPUT_015&lt;/code&gt;&lt;responseMessage&gt;Invalid Unit Code. Reason: [Provided unit code [TRD] is not found! The Valid Unit Codes are: []]&lt;/responseMessage&gt;&lt;/ExternalInvoiceResponse&gt;&lt;/startResponse&gt;&lt;/env:Body&gt;&lt;/env:Envelope&gt;

	at org.codehaus.groovy.runtime.callsite.ConstructorSite$ConstructorSiteNoUnwrap.callConstructor(ConstructorSite.java:84)
	at org.codehaus.groovy.runtime.callsite.AbstractCallSite.callConstructor(AbstractCallSite.java:247)
	at com.jayway.restassured.internal.ResponseSpecificationImpl$HamcrestAssertionClosure.validate(ResponseSpecificationImpl.groovy:598)
	at com.jayway.restassured.internal.ResponseSpecificationImpl$HamcrestAssertionClosure$validate$4.call(Unknown Source)
	at com.jayway.restassured.internal.ResponseSpecificationImpl.validateResponseIfRequired(ResponseSpecificationImpl.groovy:760)
	at org.codehaus.groovy.runtime.callsite.PogoMetaMethodSite$PogoCachedMethodSiteNoUnwrapNoCoerce.invoke(PogoMetaMethodSite.java:210)
	at org.codehaus.groovy.runtime.callsite.PogoMetaMethodSite.callCurrent(PogoMetaMethodSite.java:59)
	at org.codehaus.groovy.runtime.callsite.AbstractCallSite.callCurrent(AbstractCallSite.java:166)
	at com.jayway.restassured.internal.ResponseSpecificationImpl.content(ResponseSpecificationImpl.groovy:92)
	at com.jayway.restassured.specification.ResponseSpecification$content$8.callCurrent(Unknown Source)
	at com.jayway.restassured.internal.ResponseSpecificationImpl.body(ResponseSpecificationImpl.groovy:230)
	at com.jayway.restassured.internal.ValidatableResponseOptionsImpl.body(ValidatableResponseOptionsImpl.java:258)
	at tests.TestExtInvSupPortal.createInvoiceWithFileExtension(TestExtInvSupPortal.java:105)
	at tests.TestExtInvSupPortal.test_1506_2(TestExtInvSupPortal.java:476)
	at java.util.concurrent.ThreadPoolExecutor.runWorker(ThreadPoolExecutor.java:1145)
	at java.util.concurrent.ThreadPoolExecutor$Worker.run(ThreadPoolExecutor.java:615)
	at java.lang.Thread.run(Thread.java:745)
... Removed 19 stack frames</pre></div><a href='#' onClick='toggleBox("stack-trace1669368780", this, "Click to show all stack frames", "Click to hide stack frames")'>Click to show all stack frames</a>
<div class='stack-trace' id='stack-trace1669368780'><pre>java.lang.AssertionError: 1 expectation failed.
Expected: an XML document with XPath //responseMessage a string containing &quot;Success&quot;
  Actual: &lt;env:Envelope xmlns:env=&quot;http://schemas.xmlsoap.org/soap/envelope/&quot; xmlns:wsa=&quot;http://www.w3.org/2005/08/addressing&quot;&gt;&lt;env:Header&gt;&lt;wsa:MessageID&gt;urn:2E80C1E0CC2311E5BFF3834814C4341D&lt;/wsa:MessageID&gt;&lt;wsa:ReplyTo&gt;&lt;wsa:Address&gt;http://www.w3.org/2005/08/addressing/anonymous&lt;/wsa:Address&gt;&lt;wsa:ReferenceParameters&gt;&lt;instra:tracking.compositeInstanceCreatedTime xmlns:instra=&quot;http://xmlns.oracle.com/sca/tracking/1.0&quot;&gt;2016-02-05T16:11:55.860Z&lt;/instra:tracking.compositeInstanceCreatedTime&gt;&lt;/wsa:ReferenceParameters&gt;&lt;/wsa:ReplyTo&gt;&lt;wsa:FaultTo&gt;&lt;wsa:Address&gt;http://www.w3.org/2005/08/addressing/anonymous&lt;/wsa:Address&gt;&lt;wsa:ReferenceParameters&gt;&lt;instra:tracking.compositeInstanceCreatedTime xmlns:instra=&quot;http://xmlns.oracle.com/sca/tracking/1.0&quot;&gt;2016-02-05T16:11:55.860Z&lt;/instra:tracking.compositeInstanceCreatedTime&gt;&lt;/wsa:ReferenceParameters&gt;&lt;/wsa:FaultTo&gt;&lt;/env:Header&gt;&lt;env:Body&gt;&lt;startResponse xmlns=&quot;http://xmlns.oracle.com/bpmn/bpmnProcess/SupplierPortalApprovalProcess&quot;&gt;&lt;ExternalInvoiceResponse xmlns=&quot;http://xmlns.oracle.com/bpm/bpmobject/PrePopInvoice/ExternalInvoiceResponse&quot;&gt;&lt;code&gt;ERROR_INPUT_015&lt;/code&gt;&lt;responseMessage&gt;Invalid Unit Code. Reason: [Provided unit code [TRD] is not found! The Valid Unit Codes are: []]&lt;/responseMessage&gt;&lt;/ExternalInvoiceResponse&gt;&lt;/startResponse&gt;&lt;/env:Body&gt;&lt;/env:Envelope&gt;

	at sun.reflect.NativeConstructorAccessorImpl.newInstance0(Native Method)
	at sun.reflect.NativeConstructorAccessorImpl.newInstance(NativeConstructorAccessorImpl.java:57)
	at sun.reflect.DelegatingConstructorAccessorImpl.newInstance(DelegatingConstructorAccessorImpl.java:45)
	at java.lang.reflect.Constructor.newInstance(Constructor.java:526)
	at org.codehaus.groovy.reflection.CachedConstructor.invoke(CachedConstructor.java:80)
	at org.codehaus.groovy.reflection.CachedConstructor.doConstructorInvoke(CachedConstructor.java:74)
	at org.codehaus.groovy.runtime.callsite.ConstructorSite$ConstructorSiteNoUnwrap.callConstructor(ConstructorSite.java:84)
	at org.codehaus.groovy.runtime.callsite.AbstractCallSite.callConstructor(AbstractCallSite.java:247)
	at com.jayway.restassured.internal.ResponseSpecificationImpl$HamcrestAssertionClosure.validate(ResponseSpecificationImpl.groovy:598)
	at com.jayway.restassured.internal.ResponseSpecificationImpl$HamcrestAssertionClosure$validate$4.call(Unknown Source)
	at com.jayway.restassured.internal.ResponseSpecificationImpl.validateResponseIfRequired(ResponseSpecificationImpl.groovy:760)
	at sun.reflect.GeneratedMethodAccessor142.invoke(Unknown Source)
	at sun.reflect.DelegatingMethodAccessorImpl.invoke(DelegatingMethodAccessorImpl.java:43)
	at java.lang.reflect.Method.invoke(Method.java:606)
	at org.codehaus.groovy.runtime.callsite.PogoMetaMethodSite$PogoCachedMethodSiteNoUnwrapNoCoerce.invoke(PogoMetaMethodSite.java:210)
	at org.codehaus.groovy.runtime.callsite.PogoMetaMethodSite.callCurrent(PogoMetaMethodSite.java:59)
	at org.codehaus.groovy.runtime.callsite.AbstractCallSite.callCurrent(AbstractCallSite.java:166)
	at com.jayway.restassured.internal.ResponseSpecificationImpl.content(ResponseSpecificationImpl.groovy:92)
	at com.jayway.restassured.specification.ResponseSpecification$content$8.callCurrent(Unknown Source)
	at com.jayway.restassured.internal.ResponseSpecificationImpl.body(ResponseSpecificationImpl.groovy:230)
	at com.jayway.restassured.internal.ValidatableResponseOptionsImpl.body(ValidatableResponseOptionsImpl.java:258)
	at tests.TestExtInvSupPortal.createInvoiceWithFileExtension(TestExtInvSupPortal.java:105)
	at tests.TestExtInvSupPortal.test_1506_2(TestExtInvSupPortal.java:476)
	at sun.reflect.NativeMethodAccessorImpl.invoke0(Native Method)
	at sun.reflect.NativeMethodAccessorImpl.invoke(NativeMethodAccessorImpl.java:57)
	at sun.reflect.DelegatingMethodAccessorImpl.invoke(DelegatingMethodAccessorImpl.java:43)
	at java.lang.reflect.Method.invoke(Method.java:606)
	at org.testng.internal.MethodInvocationHelper.invokeMethod(MethodInvocationHelper.java:86)
	at org.testng.internal.Invoker.invokeMethod(Invoker.java:645)
	at org.testng.internal.Invoker.invokeTestMethod(Invoker.java:822)
	at org.testng.internal.Invoker.invokeTestMethods(Invoker.java:1130)
	at org.testng.internal.TestMethodWorker.invokeTestMethods(TestMethodWorker.java:129)
	at org.testng.internal.TestMethodWorker.run(TestMethodWorker.java:112)
	at java.util.concurrent.ThreadPoolExecutor.runWorker(ThreadPoolExecutor.java:1145)
	at java.util.concurrent.ThreadPoolExecutor$Worker.run(ThreadPoolExecutor.java:615)
	at java.lang.Thread.run(Thread.java:745)
</pre></div></td>
<td>2</td>
<td>tests.TestExtInvSupPortal@782be20e</td></tr>
<tr>
<td title='tests.TestExtInvSupPortal.test_1506_3()'><b>test_1506_3</b><br>Test class: tests.TestExtInvSupPortal</td>
<td><div><pre>java.lang.AssertionError: 1 expectation failed.
Expected: an XML document with XPath //responseMessage a string containing &quot;Success&quot;
  Actual: &lt;env:Envelope xmlns:env=&quot;http://schemas.xmlsoap.org/soap/envelope/&quot; xmlns:wsa=&quot;http://www.w3.org/2005/08/addressing&quot;&gt;&lt;env:Header&gt;&lt;wsa:MessageID&gt;urn:2E431CA0CC2311E5BFF3834814C4341D&lt;/wsa:MessageID&gt;&lt;wsa:ReplyTo&gt;&lt;wsa:Address&gt;http://www.w3.org/2005/08/addressing/anonymous&lt;/wsa:Address&gt;&lt;wsa:ReferenceParameters&gt;&lt;instra:tracking.compositeInstanceCreatedTime xmlns:instra=&quot;http://xmlns.oracle.com/sca/tracking/1.0&quot;&gt;2016-02-05T16:11:55.863Z&lt;/instra:tracking.compositeInstanceCreatedTime&gt;&lt;/wsa:ReferenceParameters&gt;&lt;/wsa:ReplyTo&gt;&lt;wsa:FaultTo&gt;&lt;wsa:Address&gt;http://www.w3.org/2005/08/addressing/anonymous&lt;/wsa:Address&gt;&lt;wsa:ReferenceParameters&gt;&lt;instra:tracking.compositeInstanceCreatedTime xmlns:instra=&quot;http://xmlns.oracle.com/sca/tracking/1.0&quot;&gt;2016-02-05T16:11:55.863Z&lt;/instra:tracking.compositeInstanceCreatedTime&gt;&lt;/wsa:ReferenceParameters&gt;&lt;/wsa:FaultTo&gt;&lt;/env:Header&gt;&lt;env:Body&gt;&lt;startResponse xmlns=&quot;http://xmlns.oracle.com/bpmn/bpmnProcess/SupplierPortalApprovalProcess&quot;&gt;&lt;ExternalInvoiceResponse xmlns=&quot;http://xmlns.oracle.com/bpm/bpmobject/PrePopInvoice/ExternalInvoiceResponse&quot;&gt;&lt;code&gt;ERROR_INPUT_015&lt;/code&gt;&lt;responseMessage&gt;Invalid Unit Code. Reason: [Provided unit code [TRD] is not found! The Valid Unit Codes are: []]&lt;/responseMessage&gt;&lt;/ExternalInvoiceResponse&gt;&lt;/startResponse&gt;&lt;/env:Body&gt;&lt;/env:Envelope&gt;

	at org.codehaus.groovy.runtime.callsite.ConstructorSite$ConstructorSiteNoUnwrap.callConstructor(ConstructorSite.java:84)
	at org.codehaus.groovy.runtime.callsite.AbstractCallSite.callConstructor(AbstractCallSite.java:247)
	at com.jayway.restassured.internal.ResponseSpecificationImpl$HamcrestAssertionClosure.validate(ResponseSpecificationImpl.groovy:598)
	at com.jayway.restassured.internal.ResponseSpecificationImpl$HamcrestAssertionClosure$validate$4.call(Unknown Source)
	at com.jayway.restassured.internal.ResponseSpecificationImpl.validateResponseIfRequired(ResponseSpecificationImpl.groovy:760)
	at org.codehaus.groovy.runtime.callsite.PogoMetaMethodSite$PogoCachedMethodSiteNoUnwrapNoCoerce.invoke(PogoMetaMethodSite.java:210)
	at org.codehaus.groovy.runtime.callsite.PogoMetaMethodSite.callCurrent(PogoMetaMethodSite.java:59)
	at org.codehaus.groovy.runtime.callsite.AbstractCallSite.callCurrent(AbstractCallSite.java:166)
	at com.jayway.restassured.internal.ResponseSpecificationImpl.content(ResponseSpecificationImpl.groovy:92)
	at com.jayway.restassured.specification.ResponseSpecification$content$8.callCurrent(Unknown Source)
	at com.jayway.restassured.internal.ResponseSpecificationImpl.body(ResponseSpecificationImpl.groovy:230)
	at com.jayway.restassured.internal.ValidatableResponseOptionsImpl.body(ValidatableResponseOptionsImpl.java:258)
	at tests.TestExtInvSupPortal.createInvoiceWithFileExtension(TestExtInvSupPortal.java:105)
	at tests.TestExtInvSupPortal.test_1506_3(TestExtInvSupPortal.java:482)
	at java.util.concurrent.ThreadPoolExecutor.runWorker(ThreadPoolExecutor.java:1145)
	at java.util.concurrent.ThreadPoolExecutor$Worker.run(ThreadPoolExecutor.java:615)
	at java.lang.Thread.run(Thread.java:745)
... Removed 20 stack frames</pre></div><a href='#' onClick='toggleBox("stack-trace1268434121", this, "Click to show all stack frames", "Click to hide stack frames")'>Click to show all stack frames</a>
<div class='stack-trace' id='stack-trace1268434121'><pre>java.lang.AssertionError: 1 expectation failed.
Expected: an XML document with XPath //responseMessage a string containing &quot;Success&quot;
  Actual: &lt;env:Envelope xmlns:env=&quot;http://schemas.xmlsoap.org/soap/envelope/&quot; xmlns:wsa=&quot;http://www.w3.org/2005/08/addressing&quot;&gt;&lt;env:Header&gt;&lt;wsa:MessageID&gt;urn:2E431CA0CC2311E5BFF3834814C4341D&lt;/wsa:MessageID&gt;&lt;wsa:ReplyTo&gt;&lt;wsa:Address&gt;http://www.w3.org/2005/08/addressing/anonymous&lt;/wsa:Address&gt;&lt;wsa:ReferenceParameters&gt;&lt;instra:tracking.compositeInstanceCreatedTime xmlns:instra=&quot;http://xmlns.oracle.com/sca/tracking/1.0&quot;&gt;2016-02-05T16:11:55.863Z&lt;/instra:tracking.compositeInstanceCreatedTime&gt;&lt;/wsa:ReferenceParameters&gt;&lt;/wsa:ReplyTo&gt;&lt;wsa:FaultTo&gt;&lt;wsa:Address&gt;http://www.w3.org/2005/08/addressing/anonymous&lt;/wsa:Address&gt;&lt;wsa:ReferenceParameters&gt;&lt;instra:tracking.compositeInstanceCreatedTime xmlns:instra=&quot;http://xmlns.oracle.com/sca/tracking/1.0&quot;&gt;2016-02-05T16:11:55.863Z&lt;/instra:tracking.compositeInstanceCreatedTime&gt;&lt;/wsa:ReferenceParameters&gt;&lt;/wsa:FaultTo&gt;&lt;/env:Header&gt;&lt;env:Body&gt;&lt;startResponse xmlns=&quot;http://xmlns.oracle.com/bpmn/bpmnProcess/SupplierPortalApprovalProcess&quot;&gt;&lt;ExternalInvoiceResponse xmlns=&quot;http://xmlns.oracle.com/bpm/bpmobject/PrePopInvoice/ExternalInvoiceResponse&quot;&gt;&lt;code&gt;ERROR_INPUT_015&lt;/code&gt;&lt;responseMessage&gt;Invalid Unit Code. Reason: [Provided unit code [TRD] is not found! The Valid Unit Codes are: []]&lt;/responseMessage&gt;&lt;/ExternalInvoiceResponse&gt;&lt;/startResponse&gt;&lt;/env:Body&gt;&lt;/env:Envelope&gt;

	at sun.reflect.NativeConstructorAccessorImpl.newInstance0(Native Method)
	at sun.reflect.NativeConstructorAccessorImpl.newInstance(NativeConstructorAccessorImpl.java:57)
	at sun.reflect.DelegatingConstructorAccessorImpl.newInstance(DelegatingConstructorAccessorImpl.java:45)
	at java.lang.reflect.Constructor.newInstance(Constructor.java:526)
	at org.codehaus.groovy.reflection.CachedConstructor.invoke(CachedConstructor.java:80)
	at org.codehaus.groovy.reflection.CachedConstructor.doConstructorInvoke(CachedConstructor.java:74)
	at org.codehaus.groovy.runtime.callsite.ConstructorSite$ConstructorSiteNoUnwrap.callConstructor(ConstructorSite.java:84)
	at org.codehaus.groovy.runtime.callsite.AbstractCallSite.callConstructor(AbstractCallSite.java:247)
	at com.jayway.restassured.internal.ResponseSpecificationImpl$HamcrestAssertionClosure.validate(ResponseSpecificationImpl.groovy:598)
	at com.jayway.restassured.internal.ResponseSpecificationImpl$HamcrestAssertionClosure$validate$4.call(Unknown Source)
	at com.jayway.restassured.internal.ResponseSpecificationImpl.validateResponseIfRequired(ResponseSpecificationImpl.groovy:760)
	at sun.reflect.NativeMethodAccessorImpl.invoke0(Native Method)
	at sun.reflect.NativeMethodAccessorImpl.invoke(NativeMethodAccessorImpl.java:57)
	at sun.reflect.DelegatingMethodAccessorImpl.invoke(DelegatingMethodAccessorImpl.java:43)
	at java.lang.reflect.Method.invoke(Method.java:606)
	at org.codehaus.groovy.runtime.callsite.PogoMetaMethodSite$PogoCachedMethodSiteNoUnwrapNoCoerce.invoke(PogoMetaMethodSite.java:210)
	at org.codehaus.groovy.runtime.callsite.PogoMetaMethodSite.callCurrent(PogoMetaMethodSite.java:59)
	at org.codehaus.groovy.runtime.callsite.AbstractCallSite.callCurrent(AbstractCallSite.java:166)
	at com.jayway.restassured.internal.ResponseSpecificationImpl.content(ResponseSpecificationImpl.groovy:92)
	at com.jayway.restassured.specification.ResponseSpecification$content$8.callCurrent(Unknown Source)
	at com.jayway.restassured.internal.ResponseSpecificationImpl.body(ResponseSpecificationImpl.groovy:230)
	at com.jayway.restassured.internal.ValidatableResponseOptionsImpl.body(ValidatableResponseOptionsImpl.java:258)
	at tests.TestExtInvSupPortal.createInvoiceWithFileExtension(TestExtInvSupPortal.java:105)
	at tests.TestExtInvSupPortal.test_1506_3(TestExtInvSupPortal.java:482)
	at sun.reflect.NativeMethodAccessorImpl.invoke0(Native Method)
	at sun.reflect.NativeMethodAccessorImpl.invoke(NativeMethodAccessorImpl.java:57)
	at sun.reflect.DelegatingMethodAccessorImpl.invoke(DelegatingMethodAccessorImpl.java:43)
	at java.lang.reflect.Method.invoke(Method.java:606)
	at org.testng.internal.MethodInvocationHelper.invokeMethod(MethodInvocationHelper.java:86)
	at org.testng.internal.Invoker.invokeMethod(Invoker.java:645)
	at org.testng.internal.Invoker.invokeTestMethod(Invoker.java:822)
	at org.testng.internal.Invoker.invokeTestMethods(Invoker.java:1130)
	at org.testng.internal.TestMethodWorker.invokeTestMethods(TestMethodWorker.java:129)
	at org.testng.internal.TestMethodWorker.run(TestMethodWorker.java:112)
	at java.util.concurrent.ThreadPoolExecutor.runWorker(ThreadPoolExecutor.java:1145)
	at java.util.concurrent.ThreadPoolExecutor$Worker.run(ThreadPoolExecutor.java:615)
	at java.lang.Thread.run(Thread.java:745)
</pre></div></td>
<td>2</td>
<td>tests.TestExtInvSupPortal@782be20e</td></tr>
<tr>
<td title='tests.TestExtInvSupPortal.test_1506_4()'><b>test_1506_4</b><br>Test class: tests.TestExtInvSupPortal</td>
<td><div><pre>java.lang.AssertionError: 1 expectation failed.
Expected: an XML document with XPath //responseMessage a string containing &quot;Success&quot;
  Actual: &lt;env:Envelope xmlns:env=&quot;http://schemas.xmlsoap.org/soap/envelope/&quot; xmlns:wsa=&quot;http://www.w3.org/2005/08/addressing&quot;&gt;&lt;env:Header&gt;&lt;wsa:MessageID&gt;urn:2E82E4C0CC2311E5BFF3834814C4341D&lt;/wsa:MessageID&gt;&lt;wsa:ReplyTo&gt;&lt;wsa:Address&gt;http://www.w3.org/2005/08/addressing/anonymous&lt;/wsa:Address&gt;&lt;wsa:ReferenceParameters&gt;&lt;instra:tracking.compositeInstanceCreatedTime xmlns:instra=&quot;http://xmlns.oracle.com/sca/tracking/1.0&quot;&gt;2016-02-05T16:11:55.915Z&lt;/instra:tracking.compositeInstanceCreatedTime&gt;&lt;/wsa:ReferenceParameters&gt;&lt;/wsa:ReplyTo&gt;&lt;wsa:FaultTo&gt;&lt;wsa:Address&gt;http://www.w3.org/2005/08/addressing/anonymous&lt;/wsa:Address&gt;&lt;wsa:ReferenceParameters&gt;&lt;instra:tracking.compositeInstanceCreatedTime xmlns:instra=&quot;http://xmlns.oracle.com/sca/tracking/1.0&quot;&gt;2016-02-05T16:11:55.915Z&lt;/instra:tracking.compositeInstanceCreatedTime&gt;&lt;/wsa:ReferenceParameters&gt;&lt;/wsa:FaultTo&gt;&lt;/env:Header&gt;&lt;env:Body&gt;&lt;startResponse xmlns=&quot;http://xmlns.oracle.com/bpmn/bpmnProcess/SupplierPortalApprovalProcess&quot;&gt;&lt;ExternalInvoiceResponse xmlns=&quot;http://xmlns.oracle.com/bpm/bpmobject/PrePopInvoice/ExternalInvoiceResponse&quot;&gt;&lt;code&gt;ERROR_INPUT_015&lt;/code&gt;&lt;responseMessage&gt;Invalid Unit Code. Reason: [Provided unit code [TRD] is not found! The Valid Unit Codes are: []]&lt;/responseMessage&gt;&lt;/ExternalInvoiceResponse&gt;&lt;/startResponse&gt;&lt;/env:Body&gt;&lt;/env:Envelope&gt;

	at org.codehaus.groovy.runtime.callsite.ConstructorSite$ConstructorSiteNoUnwrap.callConstructor(ConstructorSite.java:84)
	at org.codehaus.groovy.runtime.callsite.AbstractCallSite.callConstructor(AbstractCallSite.java:247)
	at com.jayway.restassured.internal.ResponseSpecificationImpl$HamcrestAssertionClosure.validate(ResponseSpecificationImpl.groovy:598)
	at com.jayway.restassured.internal.ResponseSpecificationImpl$HamcrestAssertionClosure$validate$4.call(Unknown Source)
	at com.jayway.restassured.internal.ResponseSpecificationImpl.validateResponseIfRequired(ResponseSpecificationImpl.groovy:760)
	at org.codehaus.groovy.runtime.callsite.PogoMetaMethodSite$PogoCachedMethodSiteNoUnwrapNoCoerce.invoke(PogoMetaMethodSite.java:210)
	at org.codehaus.groovy.runtime.callsite.PogoMetaMethodSite.callCurrent(PogoMetaMethodSite.java:59)
	at org.codehaus.groovy.runtime.callsite.AbstractCallSite.callCurrent(AbstractCallSite.java:166)
	at com.jayway.restassured.internal.ResponseSpecificationImpl.content(ResponseSpecificationImpl.groovy:92)
	at com.jayway.restassured.specification.ResponseSpecification$content$8.callCurrent(Unknown Source)
	at com.jayway.restassured.internal.ResponseSpecificationImpl.body(ResponseSpecificationImpl.groovy:230)
	at com.jayway.restassured.internal.ValidatableResponseOptionsImpl.body(ValidatableResponseOptionsImpl.java:258)
	at tests.TestExtInvSupPortal.createInvoiceWithFileExtension(TestExtInvSupPortal.java:105)
	at tests.TestExtInvSupPortal.test_1506_4(TestExtInvSupPortal.java:488)
	at java.util.concurrent.ThreadPoolExecutor.runWorker(ThreadPoolExecutor.java:1145)
	at java.util.concurrent.ThreadPoolExecutor$Worker.run(ThreadPoolExecutor.java:615)
	at java.lang.Thread.run(Thread.java:745)
... Removed 19 stack frames</pre></div><a href='#' onClick='toggleBox("stack-trace394086932", this, "Click to show all stack frames", "Click to hide stack frames")'>Click to show all stack frames</a>
<div class='stack-trace' id='stack-trace394086932'><pre>java.lang.AssertionError: 1 expectation failed.
Expected: an XML document with XPath //responseMessage a string containing &quot;Success&quot;
  Actual: &lt;env:Envelope xmlns:env=&quot;http://schemas.xmlsoap.org/soap/envelope/&quot; xmlns:wsa=&quot;http://www.w3.org/2005/08/addressing&quot;&gt;&lt;env:Header&gt;&lt;wsa:MessageID&gt;urn:2E82E4C0CC2311E5BFF3834814C4341D&lt;/wsa:MessageID&gt;&lt;wsa:ReplyTo&gt;&lt;wsa:Address&gt;http://www.w3.org/2005/08/addressing/anonymous&lt;/wsa:Address&gt;&lt;wsa:ReferenceParameters&gt;&lt;instra:tracking.compositeInstanceCreatedTime xmlns:instra=&quot;http://xmlns.oracle.com/sca/tracking/1.0&quot;&gt;2016-02-05T16:11:55.915Z&lt;/instra:tracking.compositeInstanceCreatedTime&gt;&lt;/wsa:ReferenceParameters&gt;&lt;/wsa:ReplyTo&gt;&lt;wsa:FaultTo&gt;&lt;wsa:Address&gt;http://www.w3.org/2005/08/addressing/anonymous&lt;/wsa:Address&gt;&lt;wsa:ReferenceParameters&gt;&lt;instra:tracking.compositeInstanceCreatedTime xmlns:instra=&quot;http://xmlns.oracle.com/sca/tracking/1.0&quot;&gt;2016-02-05T16:11:55.915Z&lt;/instra:tracking.compositeInstanceCreatedTime&gt;&lt;/wsa:ReferenceParameters&gt;&lt;/wsa:FaultTo&gt;&lt;/env:Header&gt;&lt;env:Body&gt;&lt;startResponse xmlns=&quot;http://xmlns.oracle.com/bpmn/bpmnProcess/SupplierPortalApprovalProcess&quot;&gt;&lt;ExternalInvoiceResponse xmlns=&quot;http://xmlns.oracle.com/bpm/bpmobject/PrePopInvoice/ExternalInvoiceResponse&quot;&gt;&lt;code&gt;ERROR_INPUT_015&lt;/code&gt;&lt;responseMessage&gt;Invalid Unit Code. Reason: [Provided unit code [TRD] is not found! The Valid Unit Codes are: []]&lt;/responseMessage&gt;&lt;/ExternalInvoiceResponse&gt;&lt;/startResponse&gt;&lt;/env:Body&gt;&lt;/env:Envelope&gt;

	at sun.reflect.NativeConstructorAccessorImpl.newInstance0(Native Method)
	at sun.reflect.NativeConstructorAccessorImpl.newInstance(NativeConstructorAccessorImpl.java:57)
	at sun.reflect.DelegatingConstructorAccessorImpl.newInstance(DelegatingConstructorAccessorImpl.java:45)
	at java.lang.reflect.Constructor.newInstance(Constructor.java:526)
	at org.codehaus.groovy.reflection.CachedConstructor.invoke(CachedConstructor.java:80)
	at org.codehaus.groovy.reflection.CachedConstructor.doConstructorInvoke(CachedConstructor.java:74)
	at org.codehaus.groovy.runtime.callsite.ConstructorSite$ConstructorSiteNoUnwrap.callConstructor(ConstructorSite.java:84)
	at org.codehaus.groovy.runtime.callsite.AbstractCallSite.callConstructor(AbstractCallSite.java:247)
	at com.jayway.restassured.internal.ResponseSpecificationImpl$HamcrestAssertionClosure.validate(ResponseSpecificationImpl.groovy:598)
	at com.jayway.restassured.internal.ResponseSpecificationImpl$HamcrestAssertionClosure$validate$4.call(Unknown Source)
	at com.jayway.restassured.internal.ResponseSpecificationImpl.validateResponseIfRequired(ResponseSpecificationImpl.groovy:760)
	at sun.reflect.GeneratedMethodAccessor142.invoke(Unknown Source)
	at sun.reflect.DelegatingMethodAccessorImpl.invoke(DelegatingMethodAccessorImpl.java:43)
	at java.lang.reflect.Method.invoke(Method.java:606)
	at org.codehaus.groovy.runtime.callsite.PogoMetaMethodSite$PogoCachedMethodSiteNoUnwrapNoCoerce.invoke(PogoMetaMethodSite.java:210)
	at org.codehaus.groovy.runtime.callsite.PogoMetaMethodSite.callCurrent(PogoMetaMethodSite.java:59)
	at org.codehaus.groovy.runtime.callsite.AbstractCallSite.callCurrent(AbstractCallSite.java:166)
	at com.jayway.restassured.internal.ResponseSpecificationImpl.content(ResponseSpecificationImpl.groovy:92)
	at com.jayway.restassured.specification.ResponseSpecification$content$8.callCurrent(Unknown Source)
	at com.jayway.restassured.internal.ResponseSpecificationImpl.body(ResponseSpecificationImpl.groovy:230)
	at com.jayway.restassured.internal.ValidatableResponseOptionsImpl.body(ValidatableResponseOptionsImpl.java:258)
	at tests.TestExtInvSupPortal.createInvoiceWithFileExtension(TestExtInvSupPortal.java:105)
	at tests.TestExtInvSupPortal.test_1506_4(TestExtInvSupPortal.java:488)
	at sun.reflect.NativeMethodAccessorImpl.invoke0(Native Method)
	at sun.reflect.NativeMethodAccessorImpl.invoke(NativeMethodAccessorImpl.java:57)
	at sun.reflect.DelegatingMethodAccessorImpl.invoke(DelegatingMethodAccessorImpl.java:43)
	at java.lang.reflect.Method.invoke(Method.java:606)
	at org.testng.internal.MethodInvocationHelper.invokeMethod(MethodInvocationHelper.java:86)
	at org.testng.internal.Invoker.invokeMethod(Invoker.java:645)
	at org.testng.internal.Invoker.invokeTestMethod(Invoker.java:822)
	at org.testng.internal.Invoker.invokeTestMethods(Invoker.java:1130)
	at org.testng.internal.TestMethodWorker.invokeTestMethods(TestMethodWorker.java:129)
	at org.testng.internal.TestMethodWorker.run(TestMethodWorker.java:112)
	at java.util.concurrent.ThreadPoolExecutor.runWorker(ThreadPoolExecutor.java:1145)
	at java.util.concurrent.ThreadPoolExecutor$Worker.run(ThreadPoolExecutor.java:615)
	at java.lang.Thread.run(Thread.java:745)
</pre></div></td>
<td>2</td>
<td>tests.TestExtInvSupPortal@782be20e</td></tr>
<tr>
<td title='tests.TestExtInvSupPortal.test_1506_5()'><b>test_1506_5</b><br>Test class: tests.TestExtInvSupPortal</td>
<td><div><pre>java.lang.AssertionError: 1 expectation failed.
Expected: an XML document with XPath //responseMessage a string containing &quot;Success&quot;
  Actual: &lt;env:Envelope xmlns:env=&quot;http://schemas.xmlsoap.org/soap/envelope/&quot; xmlns:wsa=&quot;http://www.w3.org/2005/08/addressing&quot;&gt;&lt;env:Header&gt;&lt;wsa:MessageID&gt;urn:2E442E10CC2311E5BFF3834814C4341D&lt;/wsa:MessageID&gt;&lt;wsa:ReplyTo&gt;&lt;wsa:Address&gt;http://www.w3.org/2005/08/addressing/anonymous&lt;/wsa:Address&gt;&lt;wsa:ReferenceParameters&gt;&lt;instra:tracking.compositeInstanceCreatedTime xmlns:instra=&quot;http://xmlns.oracle.com/sca/tracking/1.0&quot;&gt;2016-02-05T16:11:55.870Z&lt;/instra:tracking.compositeInstanceCreatedTime&gt;&lt;/wsa:ReferenceParameters&gt;&lt;/wsa:ReplyTo&gt;&lt;wsa:FaultTo&gt;&lt;wsa:Address&gt;http://www.w3.org/2005/08/addressing/anonymous&lt;/wsa:Address&gt;&lt;wsa:ReferenceParameters&gt;&lt;instra:tracking.compositeInstanceCreatedTime xmlns:instra=&quot;http://xmlns.oracle.com/sca/tracking/1.0&quot;&gt;2016-02-05T16:11:55.870Z&lt;/instra:tracking.compositeInstanceCreatedTime&gt;&lt;/wsa:ReferenceParameters&gt;&lt;/wsa:FaultTo&gt;&lt;/env:Header&gt;&lt;env:Body&gt;&lt;startResponse xmlns=&quot;http://xmlns.oracle.com/bpmn/bpmnProcess/SupplierPortalApprovalProcess&quot;&gt;&lt;ExternalInvoiceResponse xmlns=&quot;http://xmlns.oracle.com/bpm/bpmobject/PrePopInvoice/ExternalInvoiceResponse&quot;&gt;&lt;code&gt;ERROR_INPUT_015&lt;/code&gt;&lt;responseMessage&gt;Invalid Unit Code. Reason: [Provided unit code [TRD] is not found! The Valid Unit Codes are: []]&lt;/responseMessage&gt;&lt;/ExternalInvoiceResponse&gt;&lt;/startResponse&gt;&lt;/env:Body&gt;&lt;/env:Envelope&gt;

	at org.codehaus.groovy.runtime.callsite.ConstructorSite$ConstructorSiteNoUnwrap.callConstructor(ConstructorSite.java:84)
	at org.codehaus.groovy.runtime.callsite.AbstractCallSite.callConstructor(AbstractCallSite.java:247)
	at com.jayway.restassured.internal.ResponseSpecificationImpl$HamcrestAssertionClosure.validate(ResponseSpecificationImpl.groovy:598)
	at com.jayway.restassured.internal.ResponseSpecificationImpl$HamcrestAssertionClosure$validate$4.call(Unknown Source)
	at com.jayway.restassured.internal.ResponseSpecificationImpl.validateResponseIfRequired(ResponseSpecificationImpl.groovy:760)
	at org.codehaus.groovy.runtime.callsite.PogoMetaMethodSite$PogoCachedMethodSiteNoUnwrapNoCoerce.invoke(PogoMetaMethodSite.java:210)
	at org.codehaus.groovy.runtime.callsite.PogoMetaMethodSite.callCurrent(PogoMetaMethodSite.java:59)
	at org.codehaus.groovy.runtime.callsite.AbstractCallSite.callCurrent(AbstractCallSite.java:166)
	at com.jayway.restassured.internal.ResponseSpecificationImpl.content(ResponseSpecificationImpl.groovy:92)
	at com.jayway.restassured.specification.ResponseSpecification$content$8.callCurrent(Unknown Source)
	at com.jayway.restassured.internal.ResponseSpecificationImpl.body(ResponseSpecificationImpl.groovy:230)
	at com.jayway.restassured.internal.ValidatableResponseOptionsImpl.body(ValidatableResponseOptionsImpl.java:258)
	at tests.TestExtInvSupPortal.createInvoiceWithFileExtension(TestExtInvSupPortal.java:105)
	at tests.TestExtInvSupPortal.test_1506_5(TestExtInvSupPortal.java:494)
	at java.util.concurrent.ThreadPoolExecutor.runWorker(ThreadPoolExecutor.java:1145)
	at java.util.concurrent.ThreadPoolExecutor$Worker.run(ThreadPoolExecutor.java:615)
	at java.lang.Thread.run(Thread.java:745)
... Removed 20 stack frames</pre></div><a href='#' onClick='toggleBox("stack-trace271907910", this, "Click to show all stack frames", "Click to hide stack frames")'>Click to show all stack frames</a>
<div class='stack-trace' id='stack-trace271907910'><pre>java.lang.AssertionError: 1 expectation failed.
Expected: an XML document with XPath //responseMessage a string containing &quot;Success&quot;
  Actual: &lt;env:Envelope xmlns:env=&quot;http://schemas.xmlsoap.org/soap/envelope/&quot; xmlns:wsa=&quot;http://www.w3.org/2005/08/addressing&quot;&gt;&lt;env:Header&gt;&lt;wsa:MessageID&gt;urn:2E442E10CC2311E5BFF3834814C4341D&lt;/wsa:MessageID&gt;&lt;wsa:ReplyTo&gt;&lt;wsa:Address&gt;http://www.w3.org/2005/08/addressing/anonymous&lt;/wsa:Address&gt;&lt;wsa:ReferenceParameters&gt;&lt;instra:tracking.compositeInstanceCreatedTime xmlns:instra=&quot;http://xmlns.oracle.com/sca/tracking/1.0&quot;&gt;2016-02-05T16:11:55.870Z&lt;/instra:tracking.compositeInstanceCreatedTime&gt;&lt;/wsa:ReferenceParameters&gt;&lt;/wsa:ReplyTo&gt;&lt;wsa:FaultTo&gt;&lt;wsa:Address&gt;http://www.w3.org/2005/08/addressing/anonymous&lt;/wsa:Address&gt;&lt;wsa:ReferenceParameters&gt;&lt;instra:tracking.compositeInstanceCreatedTime xmlns:instra=&quot;http://xmlns.oracle.com/sca/tracking/1.0&quot;&gt;2016-02-05T16:11:55.870Z&lt;/instra:tracking.compositeInstanceCreatedTime&gt;&lt;/wsa:ReferenceParameters&gt;&lt;/wsa:FaultTo&gt;&lt;/env:Header&gt;&lt;env:Body&gt;&lt;startResponse xmlns=&quot;http://xmlns.oracle.com/bpmn/bpmnProcess/SupplierPortalApprovalProcess&quot;&gt;&lt;ExternalInvoiceResponse xmlns=&quot;http://xmlns.oracle.com/bpm/bpmobject/PrePopInvoice/ExternalInvoiceResponse&quot;&gt;&lt;code&gt;ERROR_INPUT_015&lt;/code&gt;&lt;responseMessage&gt;Invalid Unit Code. Reason: [Provided unit code [TRD] is not found! The Valid Unit Codes are: []]&lt;/responseMessage&gt;&lt;/ExternalInvoiceResponse&gt;&lt;/startResponse&gt;&lt;/env:Body&gt;&lt;/env:Envelope&gt;

	at sun.reflect.NativeConstructorAccessorImpl.newInstance0(Native Method)
	at sun.reflect.NativeConstructorAccessorImpl.newInstance(NativeConstructorAccessorImpl.java:57)
	at sun.reflect.DelegatingConstructorAccessorImpl.newInstance(DelegatingConstructorAccessorImpl.java:45)
	at java.lang.reflect.Constructor.newInstance(Constructor.java:526)
	at org.codehaus.groovy.reflection.CachedConstructor.invoke(CachedConstructor.java:80)
	at org.codehaus.groovy.reflection.CachedConstructor.doConstructorInvoke(CachedConstructor.java:74)
	at org.codehaus.groovy.runtime.callsite.ConstructorSite$ConstructorSiteNoUnwrap.callConstructor(ConstructorSite.java:84)
	at org.codehaus.groovy.runtime.callsite.AbstractCallSite.callConstructor(AbstractCallSite.java:247)
	at com.jayway.restassured.internal.ResponseSpecificationImpl$HamcrestAssertionClosure.validate(ResponseSpecificationImpl.groovy:598)
	at com.jayway.restassured.internal.ResponseSpecificationImpl$HamcrestAssertionClosure$validate$4.call(Unknown Source)
	at com.jayway.restassured.internal.ResponseSpecificationImpl.validateResponseIfRequired(ResponseSpecificationImpl.groovy:760)
	at sun.reflect.NativeMethodAccessorImpl.invoke0(Native Method)
	at sun.reflect.NativeMethodAccessorImpl.invoke(NativeMethodAccessorImpl.java:57)
	at sun.reflect.DelegatingMethodAccessorImpl.invoke(DelegatingMethodAccessorImpl.java:43)
	at java.lang.reflect.Method.invoke(Method.java:606)
	at org.codehaus.groovy.runtime.callsite.PogoMetaMethodSite$PogoCachedMethodSiteNoUnwrapNoCoerce.invoke(PogoMetaMethodSite.java:210)
	at org.codehaus.groovy.runtime.callsite.PogoMetaMethodSite.callCurrent(PogoMetaMethodSite.java:59)
	at org.codehaus.groovy.runtime.callsite.AbstractCallSite.callCurrent(AbstractCallSite.java:166)
	at com.jayway.restassured.internal.ResponseSpecificationImpl.content(ResponseSpecificationImpl.groovy:92)
	at com.jayway.restassured.specification.ResponseSpecification$content$8.callCurrent(Unknown Source)
	at com.jayway.restassured.internal.ResponseSpecificationImpl.body(ResponseSpecificationImpl.groovy:230)
	at com.jayway.restassured.internal.ValidatableResponseOptionsImpl.body(ValidatableResponseOptionsImpl.java:258)
	at tests.TestExtInvSupPortal.createInvoiceWithFileExtension(TestExtInvSupPortal.java:105)
	at tests.TestExtInvSupPortal.test_1506_5(TestExtInvSupPortal.java:494)
	at sun.reflect.NativeMethodAccessorImpl.invoke0(Native Method)
	at sun.reflect.NativeMethodAccessorImpl.invoke(NativeMethodAccessorImpl.java:57)
	at sun.reflect.DelegatingMethodAccessorImpl.invoke(DelegatingMethodAccessorImpl.java:43)
	at java.lang.reflect.Method.invoke(Method.java:606)
	at org.testng.internal.MethodInvocationHelper.invokeMethod(MethodInvocationHelper.java:86)
	at org.testng.internal.Invoker.invokeMethod(Invoker.java:645)
	at org.testng.internal.Invoker.invokeTestMethod(Invoker.java:822)
	at org.testng.internal.Invoker.invokeTestMethods(Invoker.java:1130)
	at org.testng.internal.TestMethodWorker.invokeTestMethods(TestMethodWorker.java:129)
	at org.testng.internal.TestMethodWorker.run(TestMethodWorker.java:112)
	at java.util.concurrent.ThreadPoolExecutor.runWorker(ThreadPoolExecutor.java:1145)
	at java.util.concurrent.ThreadPoolExecutor$Worker.run(ThreadPoolExecutor.java:615)
	at java.lang.Thread.run(Thread.java:745)
</pre></div></td>
<td>2</td>
<td>tests.TestExtInvSupPortal@782be20e</td></tr>
<tr>
<td title='tests.TestExtInvSupPortal.test_1506_6()'><b>test_1506_6</b><br>Test class: tests.TestExtInvSupPortal</td>
<td><div><pre>java.lang.AssertionError: 1 expectation failed.
Expected: an XML document with XPath //responseMessage a string containing &quot;Success&quot;
  Actual: &lt;env:Envelope xmlns:env=&quot;http://schemas.xmlsoap.org/soap/envelope/&quot; xmlns:wsa=&quot;http://www.w3.org/2005/08/addressing&quot;&gt;&lt;env:Header&gt;&lt;wsa:MessageID&gt;urn:2E4E1920CC2311E5BFF3834814C4341D&lt;/wsa:MessageID&gt;&lt;wsa:ReplyTo&gt;&lt;wsa:Address&gt;http://www.w3.org/2005/08/addressing/anonymous&lt;/wsa:Address&gt;&lt;wsa:ReferenceParameters&gt;&lt;instra:tracking.compositeInstanceCreatedTime xmlns:instra=&quot;http://xmlns.oracle.com/sca/tracking/1.0&quot;&gt;2016-02-05T16:11:55.864Z&lt;/instra:tracking.compositeInstanceCreatedTime&gt;&lt;/wsa:ReferenceParameters&gt;&lt;/wsa:ReplyTo&gt;&lt;wsa:FaultTo&gt;&lt;wsa:Address&gt;http://www.w3.org/2005/08/addressing/anonymous&lt;/wsa:Address&gt;&lt;wsa:ReferenceParameters&gt;&lt;instra:tracking.compositeInstanceCreatedTime xmlns:instra=&quot;http://xmlns.oracle.com/sca/tracking/1.0&quot;&gt;2016-02-05T16:11:55.864Z&lt;/instra:tracking.compositeInstanceCreatedTime&gt;&lt;/wsa:ReferenceParameters&gt;&lt;/wsa:FaultTo&gt;&lt;/env:Header&gt;&lt;env:Body&gt;&lt;startResponse xmlns=&quot;http://xmlns.oracle.com/bpmn/bpmnProcess/SupplierPortalApprovalProcess&quot;&gt;&lt;ExternalInvoiceResponse xmlns=&quot;http://xmlns.oracle.com/bpm/bpmobject/PrePopInvoice/ExternalInvoiceResponse&quot;&gt;&lt;code&gt;ERROR_INPUT_015&lt;/code&gt;&lt;responseMessage&gt;Invalid Unit Code. Reason: [Provided unit code [TRD] is not found! The Valid Unit Codes are: []]&lt;/responseMessage&gt;&lt;/ExternalInvoiceResponse&gt;&lt;/startResponse&gt;&lt;/env:Body&gt;&lt;/env:Envelope&gt;

	at org.codehaus.groovy.runtime.callsite.ConstructorSite$ConstructorSiteNoUnwrap.callConstructor(ConstructorSite.java:84)
	at org.codehaus.groovy.runtime.callsite.AbstractCallSite.callConstructor(AbstractCallSite.java:247)
	at com.jayway.restassured.internal.ResponseSpecificationImpl$HamcrestAssertionClosure.validate(ResponseSpecificationImpl.groovy:598)
	at com.jayway.restassured.internal.ResponseSpecificationImpl$HamcrestAssertionClosure$validate$4.call(Unknown Source)
	at com.jayway.restassured.internal.ResponseSpecificationImpl.validateResponseIfRequired(ResponseSpecificationImpl.groovy:760)
	at org.codehaus.groovy.runtime.callsite.PogoMetaMethodSite$PogoCachedMethodSiteNoUnwrapNoCoerce.invoke(PogoMetaMethodSite.java:210)
	at org.codehaus.groovy.runtime.callsite.PogoMetaMethodSite.callCurrent(PogoMetaMethodSite.java:59)
	at org.codehaus.groovy.runtime.callsite.AbstractCallSite.callCurrent(AbstractCallSite.java:166)
	at com.jayway.restassured.internal.ResponseSpecificationImpl.content(ResponseSpecificationImpl.groovy:92)
	at com.jayway.restassured.specification.ResponseSpecification$content$8.callCurrent(Unknown Source)
	at com.jayway.restassured.internal.ResponseSpecificationImpl.body(ResponseSpecificationImpl.groovy:230)
	at com.jayway.restassured.internal.ValidatableResponseOptionsImpl.body(ValidatableResponseOptionsImpl.java:258)
	at tests.TestExtInvSupPortal.createInvoiceWithFileExtension(TestExtInvSupPortal.java:105)
	at tests.TestExtInvSupPortal.test_1506_6(TestExtInvSupPortal.java:500)
	at java.util.concurrent.ThreadPoolExecutor.runWorker(ThreadPoolExecutor.java:1145)
	at java.util.concurrent.ThreadPoolExecutor$Worker.run(ThreadPoolExecutor.java:615)
	at java.lang.Thread.run(Thread.java:745)
... Removed 20 stack frames</pre></div><a href='#' onClick='toggleBox("stack-trace542345580", this, "Click to show all stack frames", "Click to hide stack frames")'>Click to show all stack frames</a>
<div class='stack-trace' id='stack-trace542345580'><pre>java.lang.AssertionError: 1 expectation failed.
Expected: an XML document with XPath //responseMessage a string containing &quot;Success&quot;
  Actual: &lt;env:Envelope xmlns:env=&quot;http://schemas.xmlsoap.org/soap/envelope/&quot; xmlns:wsa=&quot;http://www.w3.org/2005/08/addressing&quot;&gt;&lt;env:Header&gt;&lt;wsa:MessageID&gt;urn:2E4E1920CC2311E5BFF3834814C4341D&lt;/wsa:MessageID&gt;&lt;wsa:ReplyTo&gt;&lt;wsa:Address&gt;http://www.w3.org/2005/08/addressing/anonymous&lt;/wsa:Address&gt;&lt;wsa:ReferenceParameters&gt;&lt;instra:tracking.compositeInstanceCreatedTime xmlns:instra=&quot;http://xmlns.oracle.com/sca/tracking/1.0&quot;&gt;2016-02-05T16:11:55.864Z&lt;/instra:tracking.compositeInstanceCreatedTime&gt;&lt;/wsa:ReferenceParameters&gt;&lt;/wsa:ReplyTo&gt;&lt;wsa:FaultTo&gt;&lt;wsa:Address&gt;http://www.w3.org/2005/08/addressing/anonymous&lt;/wsa:Address&gt;&lt;wsa:ReferenceParameters&gt;&lt;instra:tracking.compositeInstanceCreatedTime xmlns:instra=&quot;http://xmlns.oracle.com/sca/tracking/1.0&quot;&gt;2016-02-05T16:11:55.864Z&lt;/instra:tracking.compositeInstanceCreatedTime&gt;&lt;/wsa:ReferenceParameters&gt;&lt;/wsa:FaultTo&gt;&lt;/env:Header&gt;&lt;env:Body&gt;&lt;startResponse xmlns=&quot;http://xmlns.oracle.com/bpmn/bpmnProcess/SupplierPortalApprovalProcess&quot;&gt;&lt;ExternalInvoiceResponse xmlns=&quot;http://xmlns.oracle.com/bpm/bpmobject/PrePopInvoice/ExternalInvoiceResponse&quot;&gt;&lt;code&gt;ERROR_INPUT_015&lt;/code&gt;&lt;responseMessage&gt;Invalid Unit Code. Reason: [Provided unit code [TRD] is not found! The Valid Unit Codes are: []]&lt;/responseMessage&gt;&lt;/ExternalInvoiceResponse&gt;&lt;/startResponse&gt;&lt;/env:Body&gt;&lt;/env:Envelope&gt;

	at sun.reflect.NativeConstructorAccessorImpl.newInstance0(Native Method)
	at sun.reflect.NativeConstructorAccessorImpl.newInstance(NativeConstructorAccessorImpl.java:57)
	at sun.reflect.DelegatingConstructorAccessorImpl.newInstance(DelegatingConstructorAccessorImpl.java:45)
	at java.lang.reflect.Constructor.newInstance(Constructor.java:526)
	at org.codehaus.groovy.reflection.CachedConstructor.invoke(CachedConstructor.java:80)
	at org.codehaus.groovy.reflection.CachedConstructor.doConstructorInvoke(CachedConstructor.java:74)
	at org.codehaus.groovy.runtime.callsite.ConstructorSite$ConstructorSiteNoUnwrap.callConstructor(ConstructorSite.java:84)
	at org.codehaus.groovy.runtime.callsite.AbstractCallSite.callConstructor(AbstractCallSite.java:247)
	at com.jayway.restassured.internal.ResponseSpecificationImpl$HamcrestAssertionClosure.validate(ResponseSpecificationImpl.groovy:598)
	at com.jayway.restassured.internal.ResponseSpecificationImpl$HamcrestAssertionClosure$validate$4.call(Unknown Source)
	at com.jayway.restassured.internal.ResponseSpecificationImpl.validateResponseIfRequired(ResponseSpecificationImpl.groovy:760)
	at sun.reflect.NativeMethodAccessorImpl.invoke0(Native Method)
	at sun.reflect.NativeMethodAccessorImpl.invoke(NativeMethodAccessorImpl.java:57)
	at sun.reflect.DelegatingMethodAccessorImpl.invoke(DelegatingMethodAccessorImpl.java:43)
	at java.lang.reflect.Method.invoke(Method.java:606)
	at org.codehaus.groovy.runtime.callsite.PogoMetaMethodSite$PogoCachedMethodSiteNoUnwrapNoCoerce.invoke(PogoMetaMethodSite.java:210)
	at org.codehaus.groovy.runtime.callsite.PogoMetaMethodSite.callCurrent(PogoMetaMethodSite.java:59)
	at org.codehaus.groovy.runtime.callsite.AbstractCallSite.callCurrent(AbstractCallSite.java:166)
	at com.jayway.restassured.internal.ResponseSpecificationImpl.content(ResponseSpecificationImpl.groovy:92)
	at com.jayway.restassured.specification.ResponseSpecification$content$8.callCurrent(Unknown Source)
	at com.jayway.restassured.internal.ResponseSpecificationImpl.body(ResponseSpecificationImpl.groovy:230)
	at com.jayway.restassured.internal.ValidatableResponseOptionsImpl.body(ValidatableResponseOptionsImpl.java:258)
	at tests.TestExtInvSupPortal.createInvoiceWithFileExtension(TestExtInvSupPortal.java:105)
	at tests.TestExtInvSupPortal.test_1506_6(TestExtInvSupPortal.java:500)
	at sun.reflect.NativeMethodAccessorImpl.invoke0(Native Method)
	at sun.reflect.NativeMethodAccessorImpl.invoke(NativeMethodAccessorImpl.java:57)
	at sun.reflect.DelegatingMethodAccessorImpl.invoke(DelegatingMethodAccessorImpl.java:43)
	at java.lang.reflect.Method.invoke(Method.java:606)
	at org.testng.internal.MethodInvocationHelper.invokeMethod(MethodInvocationHelper.java:86)
	at org.testng.internal.Invoker.invokeMethod(Invoker.java:645)
	at org.testng.internal.Invoker.invokeTestMethod(Invoker.java:822)
	at org.testng.internal.Invoker.invokeTestMethods(Invoker.java:1130)
	at org.testng.internal.TestMethodWorker.invokeTestMethods(TestMethodWorker.java:129)
	at org.testng.internal.TestMethodWorker.run(TestMethodWorker.java:112)
	at java.util.concurrent.ThreadPoolExecutor.runWorker(ThreadPoolExecutor.java:1145)
	at java.util.concurrent.ThreadPoolExecutor$Worker.run(ThreadPoolExecutor.java:615)
	at java.lang.Thread.run(Thread.java:745)
</pre></div></td>
<td>2</td>
<td>tests.TestExtInvSupPortal@782be20e</td></tr>
<tr>
<td title='tests.TestExtInvSupPortal.test_1506_7()'><b>test_1506_7</b><br>Test class: tests.TestExtInvSupPortal</td>
<td><div><pre>java.lang.AssertionError: 1 expectation failed.
Expected: an XML document with XPath //responseMessage a string containing &quot;Success&quot;
  Actual: &lt;env:Envelope xmlns:env=&quot;http://schemas.xmlsoap.org/soap/envelope/&quot; xmlns:wsa=&quot;http://www.w3.org/2005/08/addressing&quot;&gt;&lt;env:Header&gt;&lt;wsa:MessageID&gt;urn:2F50E320CC2311E5BFF3834814C4341D&lt;/wsa:MessageID&gt;&lt;wsa:ReplyTo&gt;&lt;wsa:Address&gt;http://www.w3.org/2005/08/addressing/anonymous&lt;/wsa:Address&gt;&lt;wsa:ReferenceParameters&gt;&lt;instra:tracking.compositeInstanceCreatedTime xmlns:instra=&quot;http://xmlns.oracle.com/sca/tracking/1.0&quot;&gt;2016-02-05T16:11:58.128Z&lt;/instra:tracking.compositeInstanceCreatedTime&gt;&lt;/wsa:ReferenceParameters&gt;&lt;/wsa:ReplyTo&gt;&lt;wsa:FaultTo&gt;&lt;wsa:Address&gt;http://www.w3.org/2005/08/addressing/anonymous&lt;/wsa:Address&gt;&lt;wsa:ReferenceParameters&gt;&lt;instra:tracking.compositeInstanceCreatedTime xmlns:instra=&quot;http://xmlns.oracle.com/sca/tracking/1.0&quot;&gt;2016-02-05T16:11:58.128Z&lt;/instra:tracking.compositeInstanceCreatedTime&gt;&lt;/wsa:ReferenceParameters&gt;&lt;/wsa:FaultTo&gt;&lt;/env:Header&gt;&lt;env:Body&gt;&lt;startResponse xmlns=&quot;http://xmlns.oracle.com/bpmn/bpmnProcess/SupplierPortalApprovalProcess&quot;&gt;&lt;ExternalInvoiceResponse xmlns=&quot;http://xmlns.oracle.com/bpm/bpmobject/PrePopInvoice/ExternalInvoiceResponse&quot;&gt;&lt;code&gt;ERROR_INPUT_015&lt;/code&gt;&lt;responseMessage&gt;Invalid Unit Code. Reason: [Provided unit code [TRD] is not found! The Valid Unit Codes are: []]&lt;/responseMessage&gt;&lt;/ExternalInvoiceResponse&gt;&lt;/startResponse&gt;&lt;/env:Body&gt;&lt;/env:Envelope&gt;

	at org.codehaus.groovy.runtime.callsite.ConstructorSite$ConstructorSiteNoUnwrap.callConstructor(ConstructorSite.java:84)
	at org.codehaus.groovy.runtime.callsite.AbstractCallSite.callConstructor(AbstractCallSite.java:247)
	at com.jayway.restassured.internal.ResponseSpecificationImpl$HamcrestAssertionClosure.validate(ResponseSpecificationImpl.groovy:598)
	at com.jayway.restassured.internal.ResponseSpecificationImpl$HamcrestAssertionClosure$validate$4.call(Unknown Source)
	at com.jayway.restassured.internal.ResponseSpecificationImpl.validateResponseIfRequired(ResponseSpecificationImpl.groovy:760)
	at org.codehaus.groovy.runtime.callsite.PogoMetaMethodSite$PogoCachedMethodSiteNoUnwrapNoCoerce.invoke(PogoMetaMethodSite.java:210)
	at org.codehaus.groovy.runtime.callsite.PogoMetaMethodSite.callCurrent(PogoMetaMethodSite.java:59)
	at org.codehaus.groovy.runtime.callsite.AbstractCallSite.callCurrent(AbstractCallSite.java:166)
	at com.jayway.restassured.internal.ResponseSpecificationImpl.content(ResponseSpecificationImpl.groovy:92)
	at com.jayway.restassured.specification.ResponseSpecification$content$8.callCurrent(Unknown Source)
	at com.jayway.restassured.internal.ResponseSpecificationImpl.body(ResponseSpecificationImpl.groovy:230)
	at com.jayway.restassured.internal.ValidatableResponseOptionsImpl.body(ValidatableResponseOptionsImpl.java:258)
	at tests.TestExtInvSupPortal.createInvoiceWithFileExtension(TestExtInvSupPortal.java:105)
	at tests.TestExtInvSupPortal.test_1506_7(TestExtInvSupPortal.java:506)
	at java.util.concurrent.ThreadPoolExecutor.runWorker(ThreadPoolExecutor.java:1145)
	at java.util.concurrent.ThreadPoolExecutor$Worker.run(ThreadPoolExecutor.java:615)
	at java.lang.Thread.run(Thread.java:745)
... Removed 19 stack frames</pre></div><a href='#' onClick='toggleBox("stack-trace434371578", this, "Click to show all stack frames", "Click to hide stack frames")'>Click to show all stack frames</a>
<div class='stack-trace' id='stack-trace434371578'><pre>java.lang.AssertionError: 1 expectation failed.
Expected: an XML document with XPath //responseMessage a string containing &quot;Success&quot;
  Actual: &lt;env:Envelope xmlns:env=&quot;http://schemas.xmlsoap.org/soap/envelope/&quot; xmlns:wsa=&quot;http://www.w3.org/2005/08/addressing&quot;&gt;&lt;env:Header&gt;&lt;wsa:MessageID&gt;urn:2F50E320CC2311E5BFF3834814C4341D&lt;/wsa:MessageID&gt;&lt;wsa:ReplyTo&gt;&lt;wsa:Address&gt;http://www.w3.org/2005/08/addressing/anonymous&lt;/wsa:Address&gt;&lt;wsa:ReferenceParameters&gt;&lt;instra:tracking.compositeInstanceCreatedTime xmlns:instra=&quot;http://xmlns.oracle.com/sca/tracking/1.0&quot;&gt;2016-02-05T16:11:58.128Z&lt;/instra:tracking.compositeInstanceCreatedTime&gt;&lt;/wsa:ReferenceParameters&gt;&lt;/wsa:ReplyTo&gt;&lt;wsa:FaultTo&gt;&lt;wsa:Address&gt;http://www.w3.org/2005/08/addressing/anonymous&lt;/wsa:Address&gt;&lt;wsa:ReferenceParameters&gt;&lt;instra:tracking.compositeInstanceCreatedTime xmlns:instra=&quot;http://xmlns.oracle.com/sca/tracking/1.0&quot;&gt;2016-02-05T16:11:58.128Z&lt;/instra:tracking.compositeInstanceCreatedTime&gt;&lt;/wsa:ReferenceParameters&gt;&lt;/wsa:FaultTo&gt;&lt;/env:Header&gt;&lt;env:Body&gt;&lt;startResponse xmlns=&quot;http://xmlns.oracle.com/bpmn/bpmnProcess/SupplierPortalApprovalProcess&quot;&gt;&lt;ExternalInvoiceResponse xmlns=&quot;http://xmlns.oracle.com/bpm/bpmobject/PrePopInvoice/ExternalInvoiceResponse&quot;&gt;&lt;code&gt;ERROR_INPUT_015&lt;/code&gt;&lt;responseMessage&gt;Invalid Unit Code. Reason: [Provided unit code [TRD] is not found! The Valid Unit Codes are: []]&lt;/responseMessage&gt;&lt;/ExternalInvoiceResponse&gt;&lt;/startResponse&gt;&lt;/env:Body&gt;&lt;/env:Envelope&gt;

	at sun.reflect.NativeConstructorAccessorImpl.newInstance0(Native Method)
	at sun.reflect.NativeConstructorAccessorImpl.newInstance(NativeConstructorAccessorImpl.java:57)
	at sun.reflect.DelegatingConstructorAccessorImpl.newInstance(DelegatingConstructorAccessorImpl.java:45)
	at java.lang.reflect.Constructor.newInstance(Constructor.java:526)
	at org.codehaus.groovy.reflection.CachedConstructor.invoke(CachedConstructor.java:80)
	at org.codehaus.groovy.reflection.CachedConstructor.doConstructorInvoke(CachedConstructor.java:74)
	at org.codehaus.groovy.runtime.callsite.ConstructorSite$ConstructorSiteNoUnwrap.callConstructor(ConstructorSite.java:84)
	at org.codehaus.groovy.runtime.callsite.AbstractCallSite.callConstructor(AbstractCallSite.java:247)
	at com.jayway.restassured.internal.ResponseSpecificationImpl$HamcrestAssertionClosure.validate(ResponseSpecificationImpl.groovy:598)
	at com.jayway.restassured.internal.ResponseSpecificationImpl$HamcrestAssertionClosure$validate$4.call(Unknown Source)
	at com.jayway.restassured.internal.ResponseSpecificationImpl.validateResponseIfRequired(ResponseSpecificationImpl.groovy:760)
	at sun.reflect.GeneratedMethodAccessor142.invoke(Unknown Source)
	at sun.reflect.DelegatingMethodAccessorImpl.invoke(DelegatingMethodAccessorImpl.java:43)
	at java.lang.reflect.Method.invoke(Method.java:606)
	at org.codehaus.groovy.runtime.callsite.PogoMetaMethodSite$PogoCachedMethodSiteNoUnwrapNoCoerce.invoke(PogoMetaMethodSite.java:210)
	at org.codehaus.groovy.runtime.callsite.PogoMetaMethodSite.callCurrent(PogoMetaMethodSite.java:59)
	at org.codehaus.groovy.runtime.callsite.AbstractCallSite.callCurrent(AbstractCallSite.java:166)
	at com.jayway.restassured.internal.ResponseSpecificationImpl.content(ResponseSpecificationImpl.groovy:92)
	at com.jayway.restassured.specification.ResponseSpecification$content$8.callCurrent(Unknown Source)
	at com.jayway.restassured.internal.ResponseSpecificationImpl.body(ResponseSpecificationImpl.groovy:230)
	at com.jayway.restassured.internal.ValidatableResponseOptionsImpl.body(ValidatableResponseOptionsImpl.java:258)
	at tests.TestExtInvSupPortal.createInvoiceWithFileExtension(TestExtInvSupPortal.java:105)
	at tests.TestExtInvSupPortal.test_1506_7(TestExtInvSupPortal.java:506)
	at sun.reflect.NativeMethodAccessorImpl.invoke0(Native Method)
	at sun.reflect.NativeMethodAccessorImpl.invoke(NativeMethodAccessorImpl.java:57)
	at sun.reflect.DelegatingMethodAccessorImpl.invoke(DelegatingMethodAccessorImpl.java:43)
	at java.lang.reflect.Method.invoke(Method.java:606)
	at org.testng.internal.MethodInvocationHelper.invokeMethod(MethodInvocationHelper.java:86)
	at org.testng.internal.Invoker.invokeMethod(Invoker.java:645)
	at org.testng.internal.Invoker.invokeTestMethod(Invoker.java:822)
	at org.testng.internal.Invoker.invokeTestMethods(Invoker.java:1130)
	at org.testng.internal.TestMethodWorker.invokeTestMethods(TestMethodWorker.java:129)
	at org.testng.internal.TestMethodWorker.run(TestMethodWorker.java:112)
	at java.util.concurrent.ThreadPoolExecutor.runWorker(ThreadPoolExecutor.java:1145)
	at java.util.concurrent.ThreadPoolExecutor$Worker.run(ThreadPoolExecutor.java:615)
	at java.lang.Thread.run(Thread.java:745)
</pre></div></td>
<td>1</td>
<td>tests.TestExtInvSupPortal@782be20e</td></tr>
<tr>
<td title='tests.TestExtInvSupPortal.test_1506_8()'><b>test_1506_8</b><br>Test class: tests.TestExtInvSupPortal</td>
<td><div><pre>java.lang.AssertionError: 1 expectation failed.
Expected: an XML document with XPath //responseMessage a string containing &quot;Success&quot;
  Actual: &lt;env:Envelope xmlns:env=&quot;http://schemas.xmlsoap.org/soap/envelope/&quot; xmlns:wsa=&quot;http://www.w3.org/2005/08/addressing&quot;&gt;&lt;env:Header&gt;&lt;wsa:MessageID&gt;urn:2F5B9180CC2311E5BFF3834814C4341D&lt;/wsa:MessageID&gt;&lt;wsa:ReplyTo&gt;&lt;wsa:Address&gt;http://www.w3.org/2005/08/addressing/anonymous&lt;/wsa:Address&gt;&lt;wsa:ReferenceParameters&gt;&lt;instra:tracking.compositeInstanceCreatedTime xmlns:instra=&quot;http://xmlns.oracle.com/sca/tracking/1.0&quot;&gt;2016-02-05T16:11:58.130Z&lt;/instra:tracking.compositeInstanceCreatedTime&gt;&lt;/wsa:ReferenceParameters&gt;&lt;/wsa:ReplyTo&gt;&lt;wsa:FaultTo&gt;&lt;wsa:Address&gt;http://www.w3.org/2005/08/addressing/anonymous&lt;/wsa:Address&gt;&lt;wsa:ReferenceParameters&gt;&lt;instra:tracking.compositeInstanceCreatedTime xmlns:instra=&quot;http://xmlns.oracle.com/sca/tracking/1.0&quot;&gt;2016-02-05T16:11:58.130Z&lt;/instra:tracking.compositeInstanceCreatedTime&gt;&lt;/wsa:ReferenceParameters&gt;&lt;/wsa:FaultTo&gt;&lt;/env:Header&gt;&lt;env:Body&gt;&lt;startResponse xmlns=&quot;http://xmlns.oracle.com/bpmn/bpmnProcess/SupplierPortalApprovalProcess&quot;&gt;&lt;ExternalInvoiceResponse xmlns=&quot;http://xmlns.oracle.com/bpm/bpmobject/PrePopInvoice/ExternalInvoiceResponse&quot;&gt;&lt;code&gt;ERROR_INPUT_015&lt;/code&gt;&lt;responseMessage&gt;Invalid Unit Code. Reason: [Provided unit code [TRD] is not found! The Valid Unit Codes are: []]&lt;/responseMessage&gt;&lt;/ExternalInvoiceResponse&gt;&lt;/startResponse&gt;&lt;/env:Body&gt;&lt;/env:Envelope&gt;

	at org.codehaus.groovy.runtime.callsite.ConstructorSite$ConstructorSiteNoUnwrap.callConstructor(ConstructorSite.java:84)
	at org.codehaus.groovy.runtime.callsite.AbstractCallSite.callConstructor(AbstractCallSite.java:247)
	at com.jayway.restassured.internal.ResponseSpecificationImpl$HamcrestAssertionClosure.validate(ResponseSpecificationImpl.groovy:598)
	at com.jayway.restassured.internal.ResponseSpecificationImpl$HamcrestAssertionClosure$validate$4.call(Unknown Source)
	at com.jayway.restassured.internal.ResponseSpecificationImpl.validateResponseIfRequired(ResponseSpecificationImpl.groovy:760)
	at org.codehaus.groovy.runtime.callsite.PogoMetaMethodSite$PogoCachedMethodSiteNoUnwrapNoCoerce.invoke(PogoMetaMethodSite.java:210)
	at org.codehaus.groovy.runtime.callsite.PogoMetaMethodSite.callCurrent(PogoMetaMethodSite.java:59)
	at org.codehaus.groovy.runtime.callsite.AbstractCallSite.callCurrent(AbstractCallSite.java:166)
	at com.jayway.restassured.internal.ResponseSpecificationImpl.content(ResponseSpecificationImpl.groovy:92)
	at com.jayway.restassured.specification.ResponseSpecification$content$8.callCurrent(Unknown Source)
	at com.jayway.restassured.internal.ResponseSpecificationImpl.body(ResponseSpecificationImpl.groovy:230)
	at com.jayway.restassured.internal.ValidatableResponseOptionsImpl.body(ValidatableResponseOptionsImpl.java:258)
	at tests.TestExtInvSupPortal.createInvoiceWithFileExtension(TestExtInvSupPortal.java:105)
	at tests.TestExtInvSupPortal.test_1506_8(TestExtInvSupPortal.java:512)
	at java.util.concurrent.ThreadPoolExecutor.runWorker(ThreadPoolExecutor.java:1145)
	at java.util.concurrent.ThreadPoolExecutor$Worker.run(ThreadPoolExecutor.java:615)
	at java.lang.Thread.run(Thread.java:745)
... Removed 19 stack frames</pre></div><a href='#' onClick='toggleBox("stack-trace333304686", this, "Click to show all stack frames", "Click to hide stack frames")'>Click to show all stack frames</a>
<div class='stack-trace' id='stack-trace333304686'><pre>java.lang.AssertionError: 1 expectation failed.
Expected: an XML document with XPath //responseMessage a string containing &quot;Success&quot;
  Actual: &lt;env:Envelope xmlns:env=&quot;http://schemas.xmlsoap.org/soap/envelope/&quot; xmlns:wsa=&quot;http://www.w3.org/2005/08/addressing&quot;&gt;&lt;env:Header&gt;&lt;wsa:MessageID&gt;urn:2F5B9180CC2311E5BFF3834814C4341D&lt;/wsa:MessageID&gt;&lt;wsa:ReplyTo&gt;&lt;wsa:Address&gt;http://www.w3.org/2005/08/addressing/anonymous&lt;/wsa:Address&gt;&lt;wsa:ReferenceParameters&gt;&lt;instra:tracking.compositeInstanceCreatedTime xmlns:instra=&quot;http://xmlns.oracle.com/sca/tracking/1.0&quot;&gt;2016-02-05T16:11:58.130Z&lt;/instra:tracking.compositeInstanceCreatedTime&gt;&lt;/wsa:ReferenceParameters&gt;&lt;/wsa:ReplyTo&gt;&lt;wsa:FaultTo&gt;&lt;wsa:Address&gt;http://www.w3.org/2005/08/addressing/anonymous&lt;/wsa:Address&gt;&lt;wsa:ReferenceParameters&gt;&lt;instra:tracking.compositeInstanceCreatedTime xmlns:instra=&quot;http://xmlns.oracle.com/sca/tracking/1.0&quot;&gt;2016-02-05T16:11:58.130Z&lt;/instra:tracking.compositeInstanceCreatedTime&gt;&lt;/wsa:ReferenceParameters&gt;&lt;/wsa:FaultTo&gt;&lt;/env:Header&gt;&lt;env:Body&gt;&lt;startResponse xmlns=&quot;http://xmlns.oracle.com/bpmn/bpmnProcess/SupplierPortalApprovalProcess&quot;&gt;&lt;ExternalInvoiceResponse xmlns=&quot;http://xmlns.oracle.com/bpm/bpmobject/PrePopInvoice/ExternalInvoiceResponse&quot;&gt;&lt;code&gt;ERROR_INPUT_015&lt;/code&gt;&lt;responseMessage&gt;Invalid Unit Code. Reason: [Provided unit code [TRD] is not found! The Valid Unit Codes are: []]&lt;/responseMessage&gt;&lt;/ExternalInvoiceResponse&gt;&lt;/startResponse&gt;&lt;/env:Body&gt;&lt;/env:Envelope&gt;

	at sun.reflect.NativeConstructorAccessorImpl.newInstance0(Native Method)
	at sun.reflect.NativeConstructorAccessorImpl.newInstance(NativeConstructorAccessorImpl.java:57)
	at sun.reflect.DelegatingConstructorAccessorImpl.newInstance(DelegatingConstructorAccessorImpl.java:45)
	at java.lang.reflect.Constructor.newInstance(Constructor.java:526)
	at org.codehaus.groovy.reflection.CachedConstructor.invoke(CachedConstructor.java:80)
	at org.codehaus.groovy.reflection.CachedConstructor.doConstructorInvoke(CachedConstructor.java:74)
	at org.codehaus.groovy.runtime.callsite.ConstructorSite$ConstructorSiteNoUnwrap.callConstructor(ConstructorSite.java:84)
	at org.codehaus.groovy.runtime.callsite.AbstractCallSite.callConstructor(AbstractCallSite.java:247)
	at com.jayway.restassured.internal.ResponseSpecificationImpl$HamcrestAssertionClosure.validate(ResponseSpecificationImpl.groovy:598)
	at com.jayway.restassured.internal.ResponseSpecificationImpl$HamcrestAssertionClosure$validate$4.call(Unknown Source)
	at com.jayway.restassured.internal.ResponseSpecificationImpl.validateResponseIfRequired(ResponseSpecificationImpl.groovy:760)
	at sun.reflect.GeneratedMethodAccessor142.invoke(Unknown Source)
	at sun.reflect.DelegatingMethodAccessorImpl.invoke(DelegatingMethodAccessorImpl.java:43)
	at java.lang.reflect.Method.invoke(Method.java:606)
	at org.codehaus.groovy.runtime.callsite.PogoMetaMethodSite$PogoCachedMethodSiteNoUnwrapNoCoerce.invoke(PogoMetaMethodSite.java:210)
	at org.codehaus.groovy.runtime.callsite.PogoMetaMethodSite.callCurrent(PogoMetaMethodSite.java:59)
	at org.codehaus.groovy.runtime.callsite.AbstractCallSite.callCurrent(AbstractCallSite.java:166)
	at com.jayway.restassured.internal.ResponseSpecificationImpl.content(ResponseSpecificationImpl.groovy:92)
	at com.jayway.restassured.specification.ResponseSpecification$content$8.callCurrent(Unknown Source)
	at com.jayway.restassured.internal.ResponseSpecificationImpl.body(ResponseSpecificationImpl.groovy:230)
	at com.jayway.restassured.internal.ValidatableResponseOptionsImpl.body(ValidatableResponseOptionsImpl.java:258)
	at tests.TestExtInvSupPortal.createInvoiceWithFileExtension(TestExtInvSupPortal.java:105)
	at tests.TestExtInvSupPortal.test_1506_8(TestExtInvSupPortal.java:512)
	at sun.reflect.NativeMethodAccessorImpl.invoke0(Native Method)
	at sun.reflect.NativeMethodAccessorImpl.invoke(NativeMethodAccessorImpl.java:57)
	at sun.reflect.DelegatingMethodAccessorImpl.invoke(DelegatingMethodAccessorImpl.java:43)
	at java.lang.reflect.Method.invoke(Method.java:606)
	at org.testng.internal.MethodInvocationHelper.invokeMethod(MethodInvocationHelper.java:86)
	at org.testng.internal.Invoker.invokeMethod(Invoker.java:645)
	at org.testng.internal.Invoker.invokeTestMethod(Invoker.java:822)
	at org.testng.internal.Invoker.invokeTestMethods(Invoker.java:1130)
	at org.testng.internal.TestMethodWorker.invokeTestMethods(TestMethodWorker.java:129)
	at org.testng.internal.TestMethodWorker.run(TestMethodWorker.java:112)
	at java.util.concurrent.ThreadPoolExecutor.runWorker(ThreadPoolExecutor.java:1145)
	at java.util.concurrent.ThreadPoolExecutor$Worker.run(ThreadPoolExecutor.java:615)
	at java.lang.Thread.run(Thread.java:745)
</pre></div></td>
<td>1</td>
<td>tests.TestExtInvSupPortal@782be20e</td></tr>
<tr>
<td title='tests.TestExtInvSupPortal.test_1549()'><b>test_1549</b><br>Test class: tests.TestExtInvSupPortal</td>
<td><div><pre>java.lang.AssertionError: &lt;env:Envelope xmlns:env=&quot;http://schemas.xmlsoap.org/soap/envelope/&quot; xmlns:wsa=&quot;http://www.w3.org/2005/08/addressing&quot;&gt;&lt;env:Header&gt;&lt;wsa:MessageID&gt;urn:2F406860CC2311E5BFF3834814C4341D&lt;/wsa:MessageID&gt;&lt;wsa:ReplyTo&gt;&lt;wsa:Address&gt;http://www.w3.org/2005/08/addressing/anonymous&lt;/wsa:Address&gt;&lt;wsa:ReferenceParameters&gt;&lt;instra:tracking.compositeInstanceCreatedTime xmlns:instra=&quot;http://xmlns.oracle.com/sca/tracking/1.0&quot;&gt;2016-02-05T16:11:58.129Z&lt;/instra:tracking.compositeInstanceCreatedTime&gt;&lt;/wsa:ReferenceParameters&gt;&lt;/wsa:ReplyTo&gt;&lt;wsa:FaultTo&gt;&lt;wsa:Address&gt;http://www.w3.org/2005/08/addressing/anonymous&lt;/wsa:Address&gt;&lt;wsa:ReferenceParameters&gt;&lt;instra:tracking.compositeInstanceCreatedTime xmlns:instra=&quot;http://xmlns.oracle.com/sca/tracking/1.0&quot;&gt;2016-02-05T16:11:58.129Z&lt;/instra:tracking.compositeInstanceCreatedTime&gt;&lt;/wsa:ReferenceParameters&gt;&lt;/wsa:FaultTo&gt;&lt;/env:Header&gt;&lt;env:Body&gt;&lt;startResponse xmlns=&quot;http://xmlns.oracle.com/bpmn/bpmnProcess/SupplierPortalApprovalProcess&quot;&gt;&lt;ExternalInvoiceResponse xmlns=&quot;http://xmlns.oracle.com/bpm/bpmobject/PrePopInvoice/ExternalInvoiceResponse&quot;&gt;&lt;code&gt;ERROR_INPUT_015&lt;/code&gt;&lt;responseMessage&gt;Invalid Unit Code. Reason: [Provided unit code [TRD] is not found! The Valid Unit Codes are: []]&lt;/responseMessage&gt;&lt;/ExternalInvoiceResponse&gt;&lt;/startResponse&gt;&lt;/env:Body&gt;&lt;/env:Envelope&gt; expected [true] but found [false]
	at tests.TestExtInvSupPortal.test_1549(TestExtInvSupPortal.java:531)
	at java.util.concurrent.ThreadPoolExecutor.runWorker(ThreadPoolExecutor.java:1145)
	at java.util.concurrent.ThreadPoolExecutor$Worker.run(ThreadPoolExecutor.java:615)
	at java.lang.Thread.run(Thread.java:745)
... Removed 13 stack frames</pre></div><a href='#' onClick='toggleBox("stack-trace274705010", this, "Click to show all stack frames", "Click to hide stack frames")'>Click to show all stack frames</a>
<div class='stack-trace' id='stack-trace274705010'><pre>java.lang.AssertionError: &lt;env:Envelope xmlns:env=&quot;http://schemas.xmlsoap.org/soap/envelope/&quot; xmlns:wsa=&quot;http://www.w3.org/2005/08/addressing&quot;&gt;&lt;env:Header&gt;&lt;wsa:MessageID&gt;urn:2F406860CC2311E5BFF3834814C4341D&lt;/wsa:MessageID&gt;&lt;wsa:ReplyTo&gt;&lt;wsa:Address&gt;http://www.w3.org/2005/08/addressing/anonymous&lt;/wsa:Address&gt;&lt;wsa:ReferenceParameters&gt;&lt;instra:tracking.compositeInstanceCreatedTime xmlns:instra=&quot;http://xmlns.oracle.com/sca/tracking/1.0&quot;&gt;2016-02-05T16:11:58.129Z&lt;/instra:tracking.compositeInstanceCreatedTime&gt;&lt;/wsa:ReferenceParameters&gt;&lt;/wsa:ReplyTo&gt;&lt;wsa:FaultTo&gt;&lt;wsa:Address&gt;http://www.w3.org/2005/08/addressing/anonymous&lt;/wsa:Address&gt;&lt;wsa:ReferenceParameters&gt;&lt;instra:tracking.compositeInstanceCreatedTime xmlns:instra=&quot;http://xmlns.oracle.com/sca/tracking/1.0&quot;&gt;2016-02-05T16:11:58.129Z&lt;/instra:tracking.compositeInstanceCreatedTime&gt;&lt;/wsa:ReferenceParameters&gt;&lt;/wsa:FaultTo&gt;&lt;/env:Header&gt;&lt;env:Body&gt;&lt;startResponse xmlns=&quot;http://xmlns.oracle.com/bpmn/bpmnProcess/SupplierPortalApprovalProcess&quot;&gt;&lt;ExternalInvoiceResponse xmlns=&quot;http://xmlns.oracle.com/bpm/bpmobject/PrePopInvoice/ExternalInvoiceResponse&quot;&gt;&lt;code&gt;ERROR_INPUT_015&lt;/code&gt;&lt;responseMessage&gt;Invalid Unit Code. Reason: [Provided unit code [TRD] is not found! The Valid Unit Codes are: []]&lt;/responseMessage&gt;&lt;/ExternalInvoiceResponse&gt;&lt;/startResponse&gt;&lt;/env:Body&gt;&lt;/env:Envelope&gt; expected [true] but found [false]
	at org.testng.Assert.fail(Assert.java:94)
	at org.testng.Assert.failNotEquals(Assert.java:513)
	at org.testng.Assert.assertTrue(Assert.java:42)
	at tests.TestExtInvSupPortal.test_1549(TestExtInvSupPortal.java:531)
	at sun.reflect.NativeMethodAccessorImpl.invoke0(Native Method)
	at sun.reflect.NativeMethodAccessorImpl.invoke(NativeMethodAccessorImpl.java:57)
	at sun.reflect.DelegatingMethodAccessorImpl.invoke(DelegatingMethodAccessorImpl.java:43)
	at java.lang.reflect.Method.invoke(Method.java:606)
	at org.testng.internal.MethodInvocationHelper.invokeMethod(MethodInvocationHelper.java:86)
	at org.testng.internal.Invoker.invokeMethod(Invoker.java:645)
	at org.testng.internal.Invoker.invokeTestMethod(Invoker.java:822)
	at org.testng.internal.Invoker.invokeTestMethods(Invoker.java:1130)
	at org.testng.internal.TestMethodWorker.invokeTestMethods(TestMethodWorker.java:129)
	at org.testng.internal.TestMethodWorker.run(TestMethodWorker.java:112)
	at java.util.concurrent.ThreadPoolExecutor.runWorker(ThreadPoolExecutor.java:1145)
	at java.util.concurrent.ThreadPoolExecutor$Worker.run(ThreadPoolExecutor.java:615)
	at java.lang.Thread.run(Thread.java:745)
</pre></div></td>
<td>1</td>
<td>tests.TestExtInvSupPortal@782be20e</td></tr>
<tr>
<td title='tests.TestExtInvSupPortal.test_1615()'><b>test_1615</b><br>Test class: tests.TestExtInvSupPortal</td>
<td><div><pre>java.lang.AssertionError: ErrorCode did not match expected [true] but found [false]
	at tests.TestExtInvSupPortal.test_1615(TestExtInvSupPortal.java:579)
	at java.util.concurrent.ThreadPoolExecutor.runWorker(ThreadPoolExecutor.java:1145)
	at java.util.concurrent.ThreadPoolExecutor$Worker.run(ThreadPoolExecutor.java:615)
	at java.lang.Thread.run(Thread.java:745)
... Removed 13 stack frames</pre></div><a href='#' onClick='toggleBox("stack-trace700839903", this, "Click to show all stack frames", "Click to hide stack frames")'>Click to show all stack frames</a>
<div class='stack-trace' id='stack-trace700839903'><pre>java.lang.AssertionError: ErrorCode did not match expected [true] but found [false]
	at org.testng.Assert.fail(Assert.java:94)
	at org.testng.Assert.failNotEquals(Assert.java:513)
	at org.testng.Assert.assertTrue(Assert.java:42)
	at tests.TestExtInvSupPortal.test_1615(TestExtInvSupPortal.java:579)
	at sun.reflect.NativeMethodAccessorImpl.invoke0(Native Method)
	at sun.reflect.NativeMethodAccessorImpl.invoke(NativeMethodAccessorImpl.java:57)
	at sun.reflect.DelegatingMethodAccessorImpl.invoke(DelegatingMethodAccessorImpl.java:43)
	at java.lang.reflect.Method.invoke(Method.java:606)
	at org.testng.internal.MethodInvocationHelper.invokeMethod(MethodInvocationHelper.java:86)
	at org.testng.internal.Invoker.invokeMethod(Invoker.java:645)
	at org.testng.internal.Invoker.invokeTestMethod(Invoker.java:822)
	at org.testng.internal.Invoker.invokeTestMethods(Invoker.java:1130)
	at org.testng.internal.TestMethodWorker.invokeTestMethods(TestMethodWorker.java:129)
	at org.testng.internal.TestMethodWorker.run(TestMethodWorker.java:112)
	at java.util.concurrent.ThreadPoolExecutor.runWorker(ThreadPoolExecutor.java:1145)
	at java.util.concurrent.ThreadPoolExecutor$Worker.run(ThreadPoolExecutor.java:615)
	at java.lang.Thread.run(Thread.java:745)
</pre></div></td>
<td>1</td>
<td>tests.TestExtInvSupPortal@782be20e</td></tr>
</table><p>
<table width='100%' border='1' class='invocation-passed'>
<tr><td colspan='4' align='center'><b>PASSED TESTS</b></td></tr>
<tr><td><b>Test method</b></td>
<td width="30%"><b>Exception</b></td>
<td width="10%"><b>Time (seconds)</b></td>
<td><b>Instance</b></td>
</tr>
<tr>
<td title='tests.TestExtInvSupPortal.test_1442()'><b>test_1442</b><br>Test class: tests.TestExtInvSupPortal</td>
<td></td>
<td>12</td>
<td>tests.TestExtInvSupPortal@782be20e</td></tr>
</table><p>
</body>
</html>