<?xml version="1.0" encoding="UTF-8"?>
<!-- Generated by org.testng.reporters.JUnitXMLReporter -->
<testsuite hostname="DESKTOP-HR7OA0S" name="2.4.1.0" tests="49" failures="2" timestamp="22 Jan 2016 15:30:30 GMT" time="164.657" errors="0">
  <testcase name="testExternalInvoice" time="4.536" classname="tests.TestExtInvSupPortal"/>
  <testcase name="test_1339" time="5.995" classname="tests.TestExtInvSupPortal"/>
  <testcase name="test_1408" time="0.716" classname="tests.TestExtInvSupPortal"/>
  <testcase name="test_1442" time="0.735" classname="tests.TestExtInvSupPortal"/>
  <testcase name="test_1455" time="4.777" classname="tests.TestExtInvSupPortal"/>
  <testcase name="test_1458" time="5.012" classname="tests.TestExtInvSupPortal"/>
  <testcase name="test_1466" time="3.886" classname="tests.TestExtInvSupPortal">
    <failure type="java.lang.AssertionError" message="expected [true] but found [false]">
      <![CDATA[java.lang.AssertionError: expected [true] but found [false]
	at tests.TestExtInvSupPortal.test_1466(TestExtInvSupPortal.java:236)
... Removed 28 stack frames]]>
    </failure>
  </testcase> <!-- test_1466 -->
  <testcase name="test_1479" time="3.581" classname="tests.TestExtInvSupPortal"/>
  <testcase name="test_1483" time="5.288" classname="tests.TestExtInvSupPortal"/>
  <testcase name="test_1498" time="4.196" classname="tests.TestExtInvSupPortal"/>
  <testcase name="test_1499" time="5.835" classname="tests.TestExtInvSupPortal"/>
  <testcase name="test_1503" time="5.819" classname="tests.TestExtInvSupPortal"/>
  <testcase name="test_1506_1" time="6.461" classname="tests.TestExtInvSupPortal"/>
  <testcase name="test_1506_10" time="6.441" classname="tests.TestExtInvSupPortal"/>
  <testcase name="test_1506_11" time="5.083" classname="tests.TestExtInvSupPortal"/>
  <testcase name="test_1506_12" time="3.803" classname="tests.TestExtInvSupPortal"/>
  <testcase name="test_1506_13" time="5.0" classname="tests.TestExtInvSupPortal"/>
  <testcase name="test_1506_14" time="4.583" classname="tests.TestExtInvSupPortal"/>
  <testcase name="test_1506_2" time="4.331" classname="tests.TestExtInvSupPortal"/>
  <testcase name="test_1506_3" time="4.769" classname="tests.TestExtInvSupPortal"/>
  <testcase name="test_1506_4" time="4.82" classname="tests.TestExtInvSupPortal"/>
  <testcase name="test_1506_5" time="3.958" classname="tests.TestExtInvSupPortal"/>
  <testcase name="test_1506_6" time="5.127" classname="tests.TestExtInvSupPortal"/>
  <testcase name="test_1506_7" time="4.244" classname="tests.TestExtInvSupPortal"/>
  <testcase name="test_1506_8" time="4.545" classname="tests.TestExtInvSupPortal"/>
  <testcase name="test_1506_9" time="4.814" classname="tests.TestExtInvSupPortal"/>
  <testcase name="test_1549" time="6.722" classname="tests.TestExtInvSupPortal"/>
  <testcase name="test_1411" time="0.567" classname="tests.TestInvoiceHeaders_NoInvoiceCreation"/>
  <testcase name="test_1424" time="0.332" classname="tests.TestInvoiceHeaders_NoInvoiceCreation"/>
  <testcase name="test_1432" time="0.534" classname="tests.TestInvoiceHeaders_NoInvoiceCreation"/>
  <testcase name="test_1433" time="0.338" classname="tests.TestInvoiceHeaders_NoInvoiceCreation"/>
  <testcase name="test_1446" time="0.237" classname="tests.TestInvoiceHeaders_NoInvoiceCreation"/>
  <testcase name="test_1448_1436" time="1.171" classname="tests.TestInvoiceHeaders_NoInvoiceCreation"/>
  <testcase name="test_1449" time="0.476" classname="tests.TestInvoiceHeaders_NoInvoiceCreation"/>
  <testcase name="test_1456" time="0.467" classname="tests.TestInvoiceHeaders_NoInvoiceCreation"/>
  <testcase name="test_1456_2" time="0.594" classname="tests.TestInvoiceHeaders_NoInvoiceCreation"/>
  <testcase name="test_1456_3" time="0.476" classname="tests.TestInvoiceHeaders_NoInvoiceCreation"/>
  <testcase name="test_1484" time="0.475" classname="tests.TestInvoiceHeaders_NoInvoiceCreation"/>
  <testcase name="test_1489" time="0.701" classname="tests.TestInvoiceHeaders_NoInvoiceCreation">
    <failure type="java.lang.AssertionError" message="1 expectation failed.
Expected status code &amp;lt;200&amp;gt; doesn&amp;apos;t match actual status code &amp;lt;401&amp;gt;.
">
      <![CDATA[java.lang.AssertionError: 1 expectation failed.
Expected status code <200> doesn't match actual status code <401>.

	at org.codehaus.groovy.runtime.callsite.ConstructorSite$ConstructorSiteNoUnwrap.callConstructor(ConstructorSite.java:84)
	at org.codehaus.groovy.runtime.callsite.CallSiteArray.defaultCallConstructor(CallSiteArray.java:60)
	at org.codehaus.groovy.runtime.callsite.AbstractCallSite.callConstructor(AbstractCallSite.java:235)
	at org.codehaus.groovy.runtime.callsite.AbstractCallSite.callConstructor(AbstractCallSite.java:247)
	at com.jayway.restassured.internal.ResponseSpecificationImpl$HamcrestAssertionClosure.validate(ResponseSpecificationImpl.groovy:598)
	at com.jayway.restassured.internal.ResponseSpecificationImpl$HamcrestAssertionClosure$validate$1.call(Unknown Source)
	at com.jayway.restassured.internal.ResponseSpecificationImpl.validateResponseIfRequired(ResponseSpecificationImpl.groovy:760)
	at org.codehaus.groovy.runtime.callsite.PogoMetaMethodSite$PogoCachedMethodSiteNoUnwrapNoCoerce.invoke(PogoMetaMethodSite.java:210)
	at org.codehaus.groovy.runtime.callsite.PogoMetaMethodSite.callCurrent(PogoMetaMethodSite.java:59)
	at org.codehaus.groovy.runtime.callsite.AbstractCallSite.callCurrent(AbstractCallSite.java:166)
	at com.jayway.restassured.internal.ResponseSpecificationImpl.statusCode(ResponseSpecificationImpl.groovy:120)
	at com.jayway.restassured.specification.ResponseSpecification$statusCode$1.callCurrent(Unknown Source)
	at com.jayway.restassured.internal.ResponseSpecificationImpl.statusCode(ResponseSpecificationImpl.groovy:128)
	at com.jayway.restassured.internal.ValidatableResponseOptionsImpl.statusCode(ValidatableResponseOptionsImpl.java:117)
	at tests.TestInvoiceHeaders_NoInvoiceCreation.test_1489(TestInvoiceHeaders_NoInvoiceCreation.java:304)
... Removed 33 stack frames]]>
    </failure>
  </testcase> <!-- test_1489 -->
  <testcase name="test_1509" time="0.237" classname="tests.TestInvoiceHeaders_NoInvoiceCreation">
    <skipped/>
  </testcase> <!-- test_1509 -->
  <testcase name="testInvoiceHeaders" time="0.26" classname="tests.TestInvoiceHeaders"/>
  <testcase name="test_1368" time="0.301" classname="tests.TestInvoiceHeaders"/>
  <testcase name="test_1413_1427" time="0.232" classname="tests.TestInvoiceHeaders"/>
  <testcase name="test_1432" time="0.216" classname="tests.TestInvoiceHeaders"/>
  <testcase name="test_1463" time="16.004" classname="tests.TestRetrieveInvoiceInfo"/>
  <testcase name="test_1467" time="4.392" classname="tests.TestRetrieveInvoiceInfo"/>
  <testcase name="test_1485" time="4.381" classname="tests.TestRetrieveInvoiceInfo"/>
  <testcase name="test_1492" time="0.001" classname="tests.TestRetrieveInvoiceInfo">
    <skipped/>
  </testcase> <!-- test_1492 -->
  <testcase name="checkRetrieveMeasurementsUnits" time="0.307" classname="tests.TestRetrieveMeasurementsUnits"/>
</testsuite> <!-- 2.4.1.0 -->
